Mplus VERSION 8.7
MUTHEN & MUTHEN
01/16/2025   9:32 PM

INPUT INSTRUCTIONS

  TITLE:
  Generate RILTA_LTA_M2_N_2500_TP_3.179_M_1_L_0.9
  MONTECARLO:
  NAMES = u11-u15 u21-u25;
  GENERATE = u11-u15 u21-u25(1);
  CATEGORICAL = u11-u15 u21-u25;
  GENCLASSES = c1(3) c2(3);
  CLASSES = c1(3) c2(3);
  NOBSERVATIONS = 2500;
  SEED = 07252005;
  NREPS = 563;
  !SAVE = repM2*.dat;
  RESULTS = RILTA_LTA_M2_N_2500_TP_3.179_M_1_L_0.9.csv;
  MODEL POPULATION:
   %OVERALL%
   [c1#1*0] ;
   [c1#2*0] ;
   [c2#1*-1.1] ;
   [c2#2*-1.1] ;
   c2#1 on c1#1*3.179;
   c2#1 on c1#2*1.1;
   c2#2 on c1#1*1.1;
   c2#2 on c1#2*1.793147;

    f by u11-u15*0.9 (p1-p5)
         u21-u25*0.9 (p1-p5);
     f@1;
     [f@0];

     MODEL POPULATION-c1:
     %c1#1%
  [u11$1*-5 u12$1*-1.21 u13$1*-1.45 u14$1*-1.55 u15$1*-5] (p111-p115);

     %c1#2%
  [u11$1*5 u12$1*-5 u13$1*.94 u14$1*-.02 u15$1*-.89] (p121-p125);

     %c1#3%
  [u11$1*-5 u12$1*1.55 u13$1*4.17 u14$1*-.16 u15$1*-1.99] (p131-p135);

   MODEL POPULATION-c2:
     %c2#1%
  [u21$1*-5 u22$1*-1.21 u23$1*-1.45 u24$1*-1.55 u25$1*-5] (p111-p115);

     %c2#2%
  [u21$1*5 u22$1*-5 u23$1*.94 u24$1*-.02 u25$1*-.89] (p121-p125);

     %c2#3%
  [u21$1*-5 u22$1*1.55 u23$1*4.17 u24$1*-.16 u25$1*-1.99] (p131-p135);
  ANALYSIS:
  TYPE = MIXTURE;
        algorithm = integration;
        STARTS = 50 10;
        processors = 24;
        logcriterion=0.00001;
        mconv=0.00001;
  MODEL:
    %OVERALL%
    [c1#1*0] ;
    [c1#2*0] ;
    [c2#1*-1.1] (a1);
    [c2#2*-1.1] (a2);
    c2#1 on c1#1*3.179 (b11);
    c2#1 on c1#2*1.1 (b21);
    c2#2 on c1#1*1.1 (b12);
    c2#2 on c1#2*1.793147 (b22);	

   MODEL c1:
      %c1#1%
   [u11$1*-5 u12$1*-1.21 u13$1*-1.45 u14$1*-1.55 u15$1*-5] (p111-p115);

      %c1#2%
   [u11$1*5 u12$1*-5 u13$1*.94 u14$1*-.02 u15$1*-.89] (p121-p125);

      %c1#3%
   [u11$1*-5 u12$1*1.55 u13$1*4.17 u14$1*-.16 u15$1*-1.99] (p131-p135);

  MODEL c2: 	
      %c2#1%
   [u21$1*-5 u22$1*-1.21 u23$1*-1.45 u24$1*-1.55 u25$1*-5] (p111-p115);

      %c2#2%
   [u21$1*5 u22$1*-5 u23$1*.94 u24$1*-.02 u25$1*-.89] (p121-p125);

      %c2#3%
   [u21$1*-5 u22$1*1.55 u23$1*4.17 u24$1*-.16 u25$1*-1.99] (p131-p135);
  MODEL CONSTRAINT:
    New(
      trans11*.8 trans12*.1 trans13*.1
      trans21*.25 trans22*.5 trans23*.25);
    trans11 = exp(a1+b11)/(exp(a1+b11)+exp(a2+b12)+1);
    trans12 = exp(a2+b12)/(exp(a1+b11)+exp(a2+b12)+1);
    trans13 = 1-(trans11+trans12);
    trans21 = exp(a1+b21)/(exp(a1+b21)+exp(a2+b22)+1);
    trans22 = exp(a2+b22)/(exp(a1+b21)+exp(a2+b22)+1);
    trans23 = 1-(trans21+trans22);




INPUT READING TERMINATED NORMALLY




Generate RILTA_LTA_M2_N_2500_TP_3.179_M_1_L_0.9

SUMMARY OF ANALYSIS

Number of groups                                                 1
Number of observations                                        2500

Number of replications
    Requested                                                  563
    Completed                                                  563
Value of seed                                              7252005

Number of dependent variables                                   10
Number of independent variables                                  0
Number of continuous latent variables                            0
Number of categorical latent variables                           2

Observed dependent variables

  Binary and ordered categorical (ordinal)
   U11         U12         U13         U14         U15         U21
   U22         U23         U24         U25

Categorical latent variables
   C1          C2


Estimator                                                      MLR
Information matrix                                        OBSERVED
Optimization Specifications for the Quasi-Newton Algorithm for
Continuous Outcomes
  Maximum number of iterations                                 100
  Convergence criterion                                  0.100D-05
Optimization Specifications for the EM Algorithm
  Maximum number of iterations                                 500
  Convergence criteria
    Loglikelihood change                                 0.100D-04
    Relative loglikelihood change                        0.100D-05
    Derivative                                           0.100D-04
Optimization Specifications for the M step of the EM Algorithm for
Categorical Latent variables
  Number of M step iterations                                    1
  M step convergence criterion                           0.100D-02
  Basis for M step termination                           ITERATION
Optimization Specifications for the M step of the EM Algorithm for
Censored, Binary or Ordered Categorical (Ordinal), Unordered
Categorical (Nominal) and Count Outcomes
  Number of M step iterations                                    1
  M step convergence criterion                           0.100D-02
  Basis for M step termination                           ITERATION
  Maximum value for logit thresholds                            15
  Minimum value for logit thresholds                           -15
  Minimum expected cell size for chi-square              0.100D-01
Optimization algorithm                                         EMA
Integration Specifications
  Type                                                    STANDARD
  Number of integration points                                  15
  Dimensions of numerical integration                            0
  Adaptive quadrature                                           ON
Random Starts Specifications
  Number of initial stage random starts                         50
  Number of final stage optimizations                           10
  Number of initial stage iterations                            10
  Initial stage convergence criterion                    0.100D+01
  Random starts scale                                    0.500D+01
  Random seed for generating random starts                       0
Parameterization                                             LOGIT
Link                                                         LOGIT
Cholesky                                                        ON





MODEL FIT INFORMATION

Number of Free Parameters                       23

Loglikelihood

    H0 Value

        Mean                            -13063.223
        Std Dev                             74.496
        Number of successful computations      563

             Proportions                   Percentiles
        Expected    Observed         Expected       Observed
           0.990       0.989       -13236.522     -13250.267
           0.980       0.977       -13216.215     -13222.430
           0.950       0.938       -13185.761     -13193.672
           0.900       0.895       -13158.696     -13162.279
           0.800       0.810       -13125.918     -13121.987
           0.700       0.723       -13102.288     -13096.254
           0.500       0.512       -13063.223     -13060.523
           0.300       0.291       -13024.157     -13025.460
           0.200       0.187       -13000.527     -13003.017
           0.100       0.083       -12967.749     -12972.793
           0.050       0.048       -12940.685     -12947.610
           0.020       0.020       -12910.231     -12913.837
           0.010       0.014       -12889.924     -12887.644

Information Criteria

    Akaike (AIC)

        Mean                             26172.446
        Std Dev                            148.991
        Number of successful computations      563

             Proportions                   Percentiles
        Expected    Observed         Expected       Observed
           0.990       0.986        25825.847      25799.497
           0.980       0.980        25866.462      25862.107
           0.950       0.952        25927.370      25939.048
           0.900       0.917        25981.498      25989.569
           0.800       0.813        26047.055      26051.260
           0.700       0.709        26094.315      26096.078
           0.500       0.488        26172.446      26165.223
           0.300       0.277        26250.577      26237.222
           0.200       0.190        26297.837      26287.938
           0.100       0.105        26363.393      26364.207
           0.050       0.062        26417.522      26431.316
           0.020       0.023        26478.429      26479.313
           0.010       0.011        26519.044      26512.545

    Bayesian (BIC)

        Mean                             26306.399
        Std Dev                            148.991
        Number of successful computations      563

             Proportions                   Percentiles
        Expected    Observed         Expected       Observed
           0.990       0.986        25959.800      25933.450
           0.980       0.980        26000.415      25996.060
           0.950       0.952        26061.323      26073.001
           0.900       0.917        26115.451      26123.522
           0.800       0.813        26181.008      26185.213
           0.700       0.709        26228.268      26230.031
           0.500       0.488        26306.399      26299.176
           0.300       0.277        26384.530      26371.175
           0.200       0.190        26431.790      26421.891
           0.100       0.105        26497.346      26498.160
           0.050       0.062        26551.475      26565.269
           0.020       0.023        26612.382      26613.266
           0.010       0.011        26652.997      26646.498

    Sample-Size Adjusted BIC (n* = (n + 2) / 24)

        Mean                             26233.322
        Std Dev                            148.991
        Number of successful computations      563

             Proportions                   Percentiles
        Expected    Observed         Expected       Observed
           0.990       0.986        25886.723      25860.373
           0.980       0.980        25927.338      25922.983
           0.950       0.952        25988.246      25999.924
           0.900       0.917        26042.375      26050.445
           0.800       0.813        26107.931      26112.136
           0.700       0.709        26155.191      26156.954
           0.500       0.488        26233.322      26226.099
           0.300       0.277        26311.453      26298.098
           0.200       0.190        26358.713      26348.814
           0.100       0.105        26424.269      26425.083
           0.050       0.062        26478.398      26492.192
           0.020       0.023        26539.305      26540.189
           0.010       0.011        26579.920      26573.421

Chi-Square Test of Model Fit for the Binary and Ordered Categorical
(Ordinal) Outcomes

    Pearson Chi-Square

        Mean                              1071.894
        Std Dev                            107.452
        Degrees of freedom                     999
        Number of successful computations      563

             Proportions                   Percentiles
        Expected    Observed         Expected       Observed
           0.990       0.963          897.964        857.708
           0.980       0.950          909.359        874.887
           0.950       0.925          926.631        906.898
           0.900       0.904          942.161        941.615
           0.800       0.865          961.199        980.262
           0.700       0.817          975.085       1005.510
           0.500       0.735          998.333       1062.192
           0.300       0.650         1021.948       1120.719
           0.200       0.590         1036.412       1157.169
           0.100       0.524         1056.695       1214.867
           0.050       0.465         1073.643       1258.514
           0.020       0.398         1092.931       1311.235
           0.010       0.353         1105.917       1335.444

    Likelihood Ratio Chi-Square

        Mean                               779.850
        Std Dev                             44.428
        Degrees of freedom                     999
        Number of successful computations      563

             Proportions                   Percentiles
        Expected    Observed         Expected       Observed
           0.990       0.004          897.964        675.498
           0.980       0.002          909.359        694.000
           0.950       0.000          926.631        711.599
           0.900       0.000          942.161        721.674
           0.800       0.000          961.199        741.537
           0.700       0.000          975.085        756.036
           0.500       0.000          998.333        777.864
           0.300       0.000         1021.948        801.147
           0.200       0.000         1036.412        817.672
           0.100       0.000         1056.695        838.827
           0.050       0.000         1073.643        859.313
           0.020       0.000         1092.931        873.415
           0.010       0.000         1105.917        880.408



MODEL RESULTS USE THE LATENT CLASS VARIABLE ORDER

   C1  C2


FINAL CLASS COUNTS AND PROPORTIONS FOR THE LATENT CLASS PATTERNS
BASED ON THE ESTIMATED MODEL

  Latent Class
    Pattern

    1  1        687.81959          0.27513
    1  2         74.42926          0.02977
    1  3         84.59611          0.03384
    2  1        180.10736          0.07204
    2  2        412.44300          0.16498
    2  3        202.88930          0.08116
    3  1        154.57105          0.06183
    3  2        158.68512          0.06347
    3  3        544.45921          0.21778


FINAL CLASS COUNTS AND PROPORTIONS FOR EACH LATENT CLASS VARIABLE
BASED ON THE ESTIMATED MODEL

  Latent Class
    Variable    Class

    C1             1       846.84497          0.33874
                   2       795.43964          0.31818
                   3       857.71539          0.34309
    C2             1      1022.49799          0.40900
                   2       645.55737          0.25822
                   3       831.94464          0.33278


LATENT TRANSITION PROBABILITIES BASED ON THE ESTIMATED MODEL

  C1 Classes (Rows) by C2 Classes (Columns)

            1        2        3

   1     0.812    0.088    0.100
   2     0.227    0.518    0.256
   3     0.180    0.185    0.635


FINAL CLASS COUNTS AND PROPORTIONS FOR THE LATENT CLASS PATTERNS
BASED ON ESTIMATED POSTERIOR PROBABILITIES

  Latent Class
    Pattern

    1  1        687.81964          0.27513
    1  2         74.42929          0.02977
    1  3         84.59607          0.03384
    2  1        180.10730          0.07204
    2  2        412.44282          0.16498
    2  3        202.88947          0.08116
    3  1        154.57098          0.06183
    3  2        158.68526          0.06347
    3  3        544.45917          0.21778


FINAL CLASS COUNTS AND PROPORTIONS FOR EACH LATENT CLASS VARIABLE
BASED ON ESTIMATED POSTERIOR PROBABILITIES

  Latent Class
    Variable    Class

    C1             1       846.84497          0.33874
                   2       795.43958          0.31818
                   3       857.71539          0.34309
    C2             1      1022.49792          0.40900
                   2       645.55737          0.25822
                   3       831.94470          0.33278


FINAL CLASS COUNTS AND PROPORTIONS FOR THE LATENT CLASS PATTERNS
BASED ON THEIR MOST LIKELY LATENT CLASS PATTERN

Class Counts and Proportions

  Latent Class
    Pattern

    1  1              658          0.26323
    1  2               75          0.02993
    1  3               75          0.02991
    2  1              190          0.07612
    2  2              424          0.16976
    2  3              199          0.07954
    3  1              147          0.05889
    3  2              165          0.06586
    3  3              567          0.22677


FINAL CLASS COUNTS AND PROPORTIONS FOR EACH LATENT CLASS VARIABLE
BASED ON THEIR MOST LIKELY LATENT CLASS PATTERN

  Latent Class
    Variable    Class

    C1             1             807          0.32307
                   2             813          0.32542
                   3             878          0.35151
    C2             1             995          0.39823
                   2             663          0.26555
                   3             840          0.33622


CLASSIFICATION QUALITY

     Entropy                         0.840


MODEL RESULTS

                              ESTIMATES              S. E.     M. S. E.  95%  % Sig
                 Population   Average   Std. Dev.   Average             Cover Coeff

Parameters for Class-specific Model Parts of C1

Latent Class C1#1

 Thresholds
  U11$1              -5.000    40.3260   677.8022     0.3805 ********** 0.032 0.993
  U12$1              -1.210    -1.7858     9.3659     0.1343    87.8953 0.581 0.998
  U13$1              -1.450    -1.0001     0.8790     0.1106     0.9736 0.425 1.000
  U14$1              -1.550    -1.5206     0.4514     0.0807     0.2042 0.734 0.931
  U15$1              -5.000    -6.6842    17.9535     0.5081   324.5916 0.908 0.996

Latent Class C1#2

 Thresholds
  U11$1               5.000   829.8866  7932.6943     1.4887 ********** 0.353 0.879
  U12$1              -5.000    -6.2836    18.8468     0.7164   356.2188 0.755 0.982
  U13$1               0.940     0.8398     0.4953     0.0811     0.2549 0.883 1.000
  U14$1              -0.020    -0.0150     0.3625     0.0659     0.1312 0.721 0.197
  U15$1              -0.890    -0.9055     0.9819     0.0872     0.9626 0.119 1.000

Latent Class C1#3

 Thresholds
  U11$1              -5.000    71.7684  2416.2048     0.5245 ********** 0.607 0.993
  U12$1               1.550     1.1853     4.9409     0.2514    24.5022 0.909 0.998
  U13$1               4.170     2.8110     0.8033     0.2681     2.4912 0.069 1.000
  U14$1              -0.160    -0.0335     0.2911     0.0631     0.1006 0.213 0.098
  U15$1              -1.990   -10.1654   145.4831     0.0950 21194.5859 0.103 1.000

Parameters for Class-specific Model Parts of C2

Latent Class C2#1

 Thresholds
  U21$1              -5.000    40.3260   677.8022     0.3805 ********** 0.032 0.993
  U22$1              -1.210    -1.7858     9.3659     0.1343    87.8953 0.581 0.998
  U23$1              -1.450    -1.0001     0.8790     0.1106     0.9736 0.425 1.000
  U24$1              -1.550    -1.5206     0.4514     0.0807     0.2042 0.734 0.931
  U25$1              -5.000    -6.6842    17.9535     0.5081   324.5916 0.908 0.996

Latent Class C2#2

 Thresholds
  U21$1               5.000   829.8866  7932.6943     1.4887 ********** 0.353 0.879
  U22$1              -5.000    -6.2836    18.8468     0.7164   356.2188 0.755 0.982
  U23$1               0.940     0.8398     0.4953     0.0811     0.2549 0.883 1.000
  U24$1              -0.020    -0.0150     0.3625     0.0659     0.1312 0.721 0.197
  U25$1              -0.890    -0.9055     0.9819     0.0872     0.9626 0.119 1.000

Latent Class C2#3

 Thresholds
  U21$1              -5.000    71.7684  2416.2048     0.5245 ********** 0.607 0.993
  U22$1               1.550     1.1853     4.9409     0.2514    24.5022 0.909 0.998
  U23$1               4.170     2.8110     0.8033     0.2681     2.4912 0.069 1.000
  U24$1              -0.160    -0.0335     0.2911     0.0631     0.1006 0.213 0.098
  U25$1              -1.990   -10.1654   145.4831     0.0950 21194.5859 0.103 1.000

Categorical Latent Variables

 C2#1     ON
  C1#1                3.179     3.4155     0.4494     0.2650     0.2575 0.796 1.000
  C1#2                1.100     1.1509     0.3174     0.2016     0.1031 0.918 0.996

 C2#2     ON
  C1#1                1.100     1.1161     0.3806     0.2956     0.1449 0.924 0.950
  C1#2                1.793     1.9649     0.4314     0.1479     0.2153 0.869 1.000

 Means
  C1#1                0.000    -0.0128     0.0790     0.0770     0.0064 0.931 0.069
  C1#2                0.000    -0.0751     0.0657     0.0638     0.0100 0.766 0.234
  C2#1               -1.100    -1.2699     0.2371     0.1421     0.0849 0.813 1.000
  C2#2               -1.100    -1.2424     0.2307     0.1071     0.0734 0.766 1.000

New/Additional Parameters
  TRANS11             0.800     0.8116     0.0753     0.0204     0.0058 0.590 1.000
  TRANS12             0.100     0.0882     0.0372     0.0137     0.0015 0.568 1.000
  TRANS13             0.100     0.1003     0.0421     0.0171     0.0018 0.819 1.000
  TRANS21             0.250     0.2267     0.0390     0.0203     0.0021 0.806 1.000
  TRANS22             0.500     0.5176     0.0731     0.0193     0.0056 0.904 1.000
  TRANS23             0.250     0.2557     0.0435     0.0202     0.0019 0.835 1.000


QUALITY OF NUMERICAL RESULTS

     Average Condition Number for the Information Matrix      0.792E-03
       (ratio of smallest to largest eigenvalue)


C-SPECIFIC CLASSIFICATION RESULTS

Classification Quality for C1

     Entropy                         0.831

Average Latent Class Probabilities for Most Likely Latent Class Membership (Row)
by Latent Class (Column)

           1        2        3

    1   0.919    0.012    0.069
    2   0.035    0.958    0.008
    3   0.087    0.008    0.906

Classification Quality for C2

     Entropy                         0.819

Average Latent Class Probabilities for Most Likely Latent Class Membership (Row)
by Latent Class (Column)

           1        2        3

    1   0.920    0.010    0.070
    2   0.042    0.950    0.008
    3   0.094    0.007    0.898


TECHNICAL 1 OUTPUT


     PARAMETER SPECIFICATION FOR LATENT CLASS PATTERN 1 1


           NU
              U11           U12           U13           U14           U15
              ________      ________      ________      ________      ________
                    0             0             0             0             0


           NU
              U21           U22           U23           U24           U25
              ________      ________      ________      ________      ________
                    0             0             0             0             0


           THETA
              U11           U12           U13           U14           U15
              ________      ________      ________      ________      ________
 U11                0
 U12                0             0
 U13                0             0             0
 U14                0             0             0             0
 U15                0             0             0             0             0
 U21                0             0             0             0             0
 U22                0             0             0             0             0
 U23                0             0             0             0             0
 U24                0             0             0             0             0
 U25                0             0             0             0             0


           THETA
              U21           U22           U23           U24           U25
              ________      ________      ________      ________      ________
 U21                0
 U22                0             0
 U23                0             0             0
 U24                0             0             0             0
 U25                0             0             0             0             0


     PARAMETER SPECIFICATION FOR LATENT CLASS PATTERN 1 2


           NU
              U11           U12           U13           U14           U15
              ________      ________      ________      ________      ________
                    0             0             0             0             0


           NU
              U21           U22           U23           U24           U25
              ________      ________      ________      ________      ________
                    0             0             0             0             0


           THETA
              U11           U12           U13           U14           U15
              ________      ________      ________      ________      ________
 U11                0
 U12                0             0
 U13                0             0             0
 U14                0             0             0             0
 U15                0             0             0             0             0
 U21                0             0             0             0             0
 U22                0             0             0             0             0
 U23                0             0             0             0             0
 U24                0             0             0             0             0
 U25                0             0             0             0             0


           THETA
              U21           U22           U23           U24           U25
              ________      ________      ________      ________      ________
 U21                0
 U22                0             0
 U23                0             0             0
 U24                0             0             0             0
 U25                0             0             0             0             0


     PARAMETER SPECIFICATION FOR LATENT CLASS PATTERN 1 3


           NU
              U11           U12           U13           U14           U15
              ________      ________      ________      ________      ________
                    0             0             0             0             0


           NU
              U21           U22           U23           U24           U25
              ________      ________      ________      ________      ________
                    0             0             0             0             0


           THETA
              U11           U12           U13           U14           U15
              ________      ________      ________      ________      ________
 U11                0
 U12                0             0
 U13                0             0             0
 U14                0             0             0             0
 U15                0             0             0             0             0
 U21                0             0             0             0             0
 U22                0             0             0             0             0
 U23                0             0             0             0             0
 U24                0             0             0             0             0
 U25                0             0             0             0             0


           THETA
              U21           U22           U23           U24           U25
              ________      ________      ________      ________      ________
 U21                0
 U22                0             0
 U23                0             0             0
 U24                0             0             0             0
 U25                0             0             0             0             0


     PARAMETER SPECIFICATION FOR LATENT CLASS PATTERN 2 1


           NU
              U11           U12           U13           U14           U15
              ________      ________      ________      ________      ________
                    0             0             0             0             0


           NU
              U21           U22           U23           U24           U25
              ________      ________      ________      ________      ________
                    0             0             0             0             0


           THETA
              U11           U12           U13           U14           U15
              ________      ________      ________      ________      ________
 U11                0
 U12                0             0
 U13                0             0             0
 U14                0             0             0             0
 U15                0             0             0             0             0
 U21                0             0             0             0             0
 U22                0             0             0             0             0
 U23                0             0             0             0             0
 U24                0             0             0             0             0
 U25                0             0             0             0             0


           THETA
              U21           U22           U23           U24           U25
              ________      ________      ________      ________      ________
 U21                0
 U22                0             0
 U23                0             0             0
 U24                0             0             0             0
 U25                0             0             0             0             0


     PARAMETER SPECIFICATION FOR LATENT CLASS PATTERN 2 2


           NU
              U11           U12           U13           U14           U15
              ________      ________      ________      ________      ________
                    0             0             0             0             0


           NU
              U21           U22           U23           U24           U25
              ________      ________      ________      ________      ________
                    0             0             0             0             0


           THETA
              U11           U12           U13           U14           U15
              ________      ________      ________      ________      ________
 U11                0
 U12                0             0
 U13                0             0             0
 U14                0             0             0             0
 U15                0             0             0             0             0
 U21                0             0             0             0             0
 U22                0             0             0             0             0
 U23                0             0             0             0             0
 U24                0             0             0             0             0
 U25                0             0             0             0             0


           THETA
              U21           U22           U23           U24           U25
              ________      ________      ________      ________      ________
 U21                0
 U22                0             0
 U23                0             0             0
 U24                0             0             0             0
 U25                0             0             0             0             0


     PARAMETER SPECIFICATION FOR LATENT CLASS PATTERN 2 3


           NU
              U11           U12           U13           U14           U15
              ________      ________      ________      ________      ________
                    0             0             0             0             0


           NU
              U21           U22           U23           U24           U25
              ________      ________      ________      ________      ________
                    0             0             0             0             0


           THETA
              U11           U12           U13           U14           U15
              ________      ________      ________      ________      ________
 U11                0
 U12                0             0
 U13                0             0             0
 U14                0             0             0             0
 U15                0             0             0             0             0
 U21                0             0             0             0             0
 U22                0             0             0             0             0
 U23                0             0             0             0             0
 U24                0             0             0             0             0
 U25                0             0             0             0             0


           THETA
              U21           U22           U23           U24           U25
              ________      ________      ________      ________      ________
 U21                0
 U22                0             0
 U23                0             0             0
 U24                0             0             0             0
 U25                0             0             0             0             0


     PARAMETER SPECIFICATION FOR LATENT CLASS PATTERN 3 1


           NU
              U11           U12           U13           U14           U15
              ________      ________      ________      ________      ________
                    0             0             0             0             0


           NU
              U21           U22           U23           U24           U25
              ________      ________      ________      ________      ________
                    0             0             0             0             0


           THETA
              U11           U12           U13           U14           U15
              ________      ________      ________      ________      ________
 U11                0
 U12                0             0
 U13                0             0             0
 U14                0             0             0             0
 U15                0             0             0             0             0
 U21                0             0             0             0             0
 U22                0             0             0             0             0
 U23                0             0             0             0             0
 U24                0             0             0             0             0
 U25                0             0             0             0             0


           THETA
              U21           U22           U23           U24           U25
              ________      ________      ________      ________      ________
 U21                0
 U22                0             0
 U23                0             0             0
 U24                0             0             0             0
 U25                0             0             0             0             0


     PARAMETER SPECIFICATION FOR LATENT CLASS PATTERN 3 2


           NU
              U11           U12           U13           U14           U15
              ________      ________      ________      ________      ________
                    0             0             0             0             0


           NU
              U21           U22           U23           U24           U25
              ________      ________      ________      ________      ________
                    0             0             0             0             0


           THETA
              U11           U12           U13           U14           U15
              ________      ________      ________      ________      ________
 U11                0
 U12                0             0
 U13                0             0             0
 U14                0             0             0             0
 U15                0             0             0             0             0
 U21                0             0             0             0             0
 U22                0             0             0             0             0
 U23                0             0             0             0             0
 U24                0             0             0             0             0
 U25                0             0             0             0             0


           THETA
              U21           U22           U23           U24           U25
              ________      ________      ________      ________      ________
 U21                0
 U22                0             0
 U23                0             0             0
 U24                0             0             0             0
 U25                0             0             0             0             0


     PARAMETER SPECIFICATION FOR LATENT CLASS PATTERN 3 3


           NU
              U11           U12           U13           U14           U15
              ________      ________      ________      ________      ________
                    0             0             0             0             0


           NU
              U21           U22           U23           U24           U25
              ________      ________      ________      ________      ________
                    0             0             0             0             0


           THETA
              U11           U12           U13           U14           U15
              ________      ________      ________      ________      ________
 U11                0
 U12                0             0
 U13                0             0             0
 U14                0             0             0             0
 U15                0             0             0             0             0
 U21                0             0             0             0             0
 U22                0             0             0             0             0
 U23                0             0             0             0             0
 U24                0             0             0             0             0
 U25                0             0             0             0             0


           THETA
              U21           U22           U23           U24           U25
              ________      ________      ________      ________      ________
 U21                0
 U22                0             0
 U23                0             0             0
 U24                0             0             0             0
 U25                0             0             0             0             0


     PARAMETER SPECIFICATION FOR LATENT CLASS INDICATOR MODEL PART


           TAU(U) FOR LATENT CLASS PATTERN 1 1
              U11$1         U12$1         U13$1         U14$1         U15$1
              ________      ________      ________      ________      ________
                    1             2             3             4             5


           TAU(U) FOR LATENT CLASS PATTERN 1 1
              U21$1         U22$1         U23$1         U24$1         U25$1
              ________      ________      ________      ________      ________
                    1             2             3             4             5


           TAU(U) FOR LATENT CLASS PATTERN 1 2
              U11$1         U12$1         U13$1         U14$1         U15$1
              ________      ________      ________      ________      ________
                    1             2             3             4             5


           TAU(U) FOR LATENT CLASS PATTERN 1 2
              U21$1         U22$1         U23$1         U24$1         U25$1
              ________      ________      ________      ________      ________
                    6             7             8             9            10


           TAU(U) FOR LATENT CLASS PATTERN 1 3
              U11$1         U12$1         U13$1         U14$1         U15$1
              ________      ________      ________      ________      ________
                    1             2             3             4             5


           TAU(U) FOR LATENT CLASS PATTERN 1 3
              U21$1         U22$1         U23$1         U24$1         U25$1
              ________      ________      ________      ________      ________
                   11            12            13            14            15


           TAU(U) FOR LATENT CLASS PATTERN 2 1
              U11$1         U12$1         U13$1         U14$1         U15$1
              ________      ________      ________      ________      ________
                    6             7             8             9            10


           TAU(U) FOR LATENT CLASS PATTERN 2 1
              U21$1         U22$1         U23$1         U24$1         U25$1
              ________      ________      ________      ________      ________
                    1             2             3             4             5


           TAU(U) FOR LATENT CLASS PATTERN 2 2
              U11$1         U12$1         U13$1         U14$1         U15$1
              ________      ________      ________      ________      ________
                    6             7             8             9            10


           TAU(U) FOR LATENT CLASS PATTERN 2 2
              U21$1         U22$1         U23$1         U24$1         U25$1
              ________      ________      ________      ________      ________
                    6             7             8             9            10


           TAU(U) FOR LATENT CLASS PATTERN 2 3
              U11$1         U12$1         U13$1         U14$1         U15$1
              ________      ________      ________      ________      ________
                    6             7             8             9            10


           TAU(U) FOR LATENT CLASS PATTERN 2 3
              U21$1         U22$1         U23$1         U24$1         U25$1
              ________      ________      ________      ________      ________
                   11            12            13            14            15


           TAU(U) FOR LATENT CLASS PATTERN 3 1
              U11$1         U12$1         U13$1         U14$1         U15$1
              ________      ________      ________      ________      ________
                   11            12            13            14            15


           TAU(U) FOR LATENT CLASS PATTERN 3 1
              U21$1         U22$1         U23$1         U24$1         U25$1
              ________      ________      ________      ________      ________
                    1             2             3             4             5


           TAU(U) FOR LATENT CLASS PATTERN 3 2
              U11$1         U12$1         U13$1         U14$1         U15$1
              ________      ________      ________      ________      ________
                   11            12            13            14            15


           TAU(U) FOR LATENT CLASS PATTERN 3 2
              U21$1         U22$1         U23$1         U24$1         U25$1
              ________      ________      ________      ________      ________
                    6             7             8             9            10


           TAU(U) FOR LATENT CLASS PATTERN 3 3
              U11$1         U12$1         U13$1         U14$1         U15$1
              ________      ________      ________      ________      ________
                   11            12            13            14            15


           TAU(U) FOR LATENT CLASS PATTERN 3 3
              U21$1         U22$1         U23$1         U24$1         U25$1
              ________      ________      ________      ________      ________
                   11            12            13            14            15


     PARAMETER SPECIFICATION FOR LATENT CLASS REGRESSION MODEL PART


           ALPHA(C)
              C1#1          C1#2          C1#3          C2#1          C2#2
              ________      ________      ________      ________      ________
                   16            17             0            18            19


           ALPHA(C)
              C2#3
              ________
                    0


           BETA(C)
              C1#1          C1#2          C1#3
              ________      ________      ________
 C2#1              20            22             0
 C2#2              21            23             0
 C2#3               0             0             0


     PARAMETER SPECIFICATION FOR THE ADDITIONAL PARAMETERS


           NEW/ADDITIONAL PARAMETERS
              TRANS11       TRANS12       TRANS13       TRANS21       TRANS22
              ________      ________      ________      ________      ________
                   24            25            26            27            28


           NEW/ADDITIONAL PARAMETERS
              TRANS23
              ________
                   29


     STARTING VALUES FOR LATENT CLASS PATTERN 1 1


           NU
              U11           U12           U13           U14           U15
              ________      ________      ________      ________      ________
                0.000         0.000         0.000         0.000         0.000


           NU
              U21           U22           U23           U24           U25
              ________      ________      ________      ________      ________
                0.000         0.000         0.000         0.000         0.000


           THETA
              U11           U12           U13           U14           U15
              ________      ________      ________      ________      ________
 U11            1.000
 U12            0.000         1.000
 U13            0.000         0.000         1.000
 U14            0.000         0.000         0.000         1.000
 U15            0.000         0.000         0.000         0.000         1.000
 U21            0.000         0.000         0.000         0.000         0.000
 U22            0.000         0.000         0.000         0.000         0.000
 U23            0.000         0.000         0.000         0.000         0.000
 U24            0.000         0.000         0.000         0.000         0.000
 U25            0.000         0.000         0.000         0.000         0.000


           THETA
              U21           U22           U23           U24           U25
              ________      ________      ________      ________      ________
 U21            1.000
 U22            0.000         1.000
 U23            0.000         0.000         1.000
 U24            0.000         0.000         0.000         1.000
 U25            0.000         0.000         0.000         0.000         1.000


     STARTING VALUES FOR LATENT CLASS PATTERN 1 2


           NU
              U11           U12           U13           U14           U15
              ________      ________      ________      ________      ________
                0.000         0.000         0.000         0.000         0.000


           NU
              U21           U22           U23           U24           U25
              ________      ________      ________      ________      ________
                0.000         0.000         0.000         0.000         0.000


           THETA
              U11           U12           U13           U14           U15
              ________      ________      ________      ________      ________
 U11            1.000
 U12            0.000         1.000
 U13            0.000         0.000         1.000
 U14            0.000         0.000         0.000         1.000
 U15            0.000         0.000         0.000         0.000         1.000
 U21            0.000         0.000         0.000         0.000         0.000
 U22            0.000         0.000         0.000         0.000         0.000
 U23            0.000         0.000         0.000         0.000         0.000
 U24            0.000         0.000         0.000         0.000         0.000
 U25            0.000         0.000         0.000         0.000         0.000


           THETA
              U21           U22           U23           U24           U25
              ________      ________      ________      ________      ________
 U21            1.000
 U22            0.000         1.000
 U23            0.000         0.000         1.000
 U24            0.000         0.000         0.000         1.000
 U25            0.000         0.000         0.000         0.000         1.000


     STARTING VALUES FOR LATENT CLASS PATTERN 1 3


           NU
              U11           U12           U13           U14           U15
              ________      ________      ________      ________      ________
                0.000         0.000         0.000         0.000         0.000


           NU
              U21           U22           U23           U24           U25
              ________      ________      ________      ________      ________
                0.000         0.000         0.000         0.000         0.000


           THETA
              U11           U12           U13           U14           U15
              ________      ________      ________      ________      ________
 U11            1.000
 U12            0.000         1.000
 U13            0.000         0.000         1.000
 U14            0.000         0.000         0.000         1.000
 U15            0.000         0.000         0.000         0.000         1.000
 U21            0.000         0.000         0.000         0.000         0.000
 U22            0.000         0.000         0.000         0.000         0.000
 U23            0.000         0.000         0.000         0.000         0.000
 U24            0.000         0.000         0.000         0.000         0.000
 U25            0.000         0.000         0.000         0.000         0.000


           THETA
              U21           U22           U23           U24           U25
              ________      ________      ________      ________      ________
 U21            1.000
 U22            0.000         1.000
 U23            0.000         0.000         1.000
 U24            0.000         0.000         0.000         1.000
 U25            0.000         0.000         0.000         0.000         1.000


     STARTING VALUES FOR LATENT CLASS PATTERN 2 1


           NU
              U11           U12           U13           U14           U15
              ________      ________      ________      ________      ________
                0.000         0.000         0.000         0.000         0.000


           NU
              U21           U22           U23           U24           U25
              ________      ________      ________      ________      ________
                0.000         0.000         0.000         0.000         0.000


           THETA
              U11           U12           U13           U14           U15
              ________      ________      ________      ________      ________
 U11            1.000
 U12            0.000         1.000
 U13            0.000         0.000         1.000
 U14            0.000         0.000         0.000         1.000
 U15            0.000         0.000         0.000         0.000         1.000
 U21            0.000         0.000         0.000         0.000         0.000
 U22            0.000         0.000         0.000         0.000         0.000
 U23            0.000         0.000         0.000         0.000         0.000
 U24            0.000         0.000         0.000         0.000         0.000
 U25            0.000         0.000         0.000         0.000         0.000


           THETA
              U21           U22           U23           U24           U25
              ________      ________      ________      ________      ________
 U21            1.000
 U22            0.000         1.000
 U23            0.000         0.000         1.000
 U24            0.000         0.000         0.000         1.000
 U25            0.000         0.000         0.000         0.000         1.000


     STARTING VALUES FOR LATENT CLASS PATTERN 2 2


           NU
              U11           U12           U13           U14           U15
              ________      ________      ________      ________      ________
                0.000         0.000         0.000         0.000         0.000


           NU
              U21           U22           U23           U24           U25
              ________      ________      ________      ________      ________
                0.000         0.000         0.000         0.000         0.000


           THETA
              U11           U12           U13           U14           U15
              ________      ________      ________      ________      ________
 U11            1.000
 U12            0.000         1.000
 U13            0.000         0.000         1.000
 U14            0.000         0.000         0.000         1.000
 U15            0.000         0.000         0.000         0.000         1.000
 U21            0.000         0.000         0.000         0.000         0.000
 U22            0.000         0.000         0.000         0.000         0.000
 U23            0.000         0.000         0.000         0.000         0.000
 U24            0.000         0.000         0.000         0.000         0.000
 U25            0.000         0.000         0.000         0.000         0.000


           THETA
              U21           U22           U23           U24           U25
              ________      ________      ________      ________      ________
 U21            1.000
 U22            0.000         1.000
 U23            0.000         0.000         1.000
 U24            0.000         0.000         0.000         1.000
 U25            0.000         0.000         0.000         0.000         1.000


     STARTING VALUES FOR LATENT CLASS PATTERN 2 3


           NU
              U11           U12           U13           U14           U15
              ________      ________      ________      ________      ________
                0.000         0.000         0.000         0.000         0.000


           NU
              U21           U22           U23           U24           U25
              ________      ________      ________      ________      ________
                0.000         0.000         0.000         0.000         0.000


           THETA
              U11           U12           U13           U14           U15
              ________      ________      ________      ________      ________
 U11            1.000
 U12            0.000         1.000
 U13            0.000         0.000         1.000
 U14            0.000         0.000         0.000         1.000
 U15            0.000         0.000         0.000         0.000         1.000
 U21            0.000         0.000         0.000         0.000         0.000
 U22            0.000         0.000         0.000         0.000         0.000
 U23            0.000         0.000         0.000         0.000         0.000
 U24            0.000         0.000         0.000         0.000         0.000
 U25            0.000         0.000         0.000         0.000         0.000


           THETA
              U21           U22           U23           U24           U25
              ________      ________      ________      ________      ________
 U21            1.000
 U22            0.000         1.000
 U23            0.000         0.000         1.000
 U24            0.000         0.000         0.000         1.000
 U25            0.000         0.000         0.000         0.000         1.000


     STARTING VALUES FOR LATENT CLASS PATTERN 3 1


           NU
              U11           U12           U13           U14           U15
              ________      ________      ________      ________      ________
                0.000         0.000         0.000         0.000         0.000


           NU
              U21           U22           U23           U24           U25
              ________      ________      ________      ________      ________
                0.000         0.000         0.000         0.000         0.000


           THETA
              U11           U12           U13           U14           U15
              ________      ________      ________      ________      ________
 U11            1.000
 U12            0.000         1.000
 U13            0.000         0.000         1.000
 U14            0.000         0.000         0.000         1.000
 U15            0.000         0.000         0.000         0.000         1.000
 U21            0.000         0.000         0.000         0.000         0.000
 U22            0.000         0.000         0.000         0.000         0.000
 U23            0.000         0.000         0.000         0.000         0.000
 U24            0.000         0.000         0.000         0.000         0.000
 U25            0.000         0.000         0.000         0.000         0.000


           THETA
              U21           U22           U23           U24           U25
              ________      ________      ________      ________      ________
 U21            1.000
 U22            0.000         1.000
 U23            0.000         0.000         1.000
 U24            0.000         0.000         0.000         1.000
 U25            0.000         0.000         0.000         0.000         1.000


     STARTING VALUES FOR LATENT CLASS PATTERN 3 2


           NU
              U11           U12           U13           U14           U15
              ________      ________      ________      ________      ________
                0.000         0.000         0.000         0.000         0.000


           NU
              U21           U22           U23           U24           U25
              ________      ________      ________      ________      ________
                0.000         0.000         0.000         0.000         0.000


           THETA
              U11           U12           U13           U14           U15
              ________      ________      ________      ________      ________
 U11            1.000
 U12            0.000         1.000
 U13            0.000         0.000         1.000
 U14            0.000         0.000         0.000         1.000
 U15            0.000         0.000         0.000         0.000         1.000
 U21            0.000         0.000         0.000         0.000         0.000
 U22            0.000         0.000         0.000         0.000         0.000
 U23            0.000         0.000         0.000         0.000         0.000
 U24            0.000         0.000         0.000         0.000         0.000
 U25            0.000         0.000         0.000         0.000         0.000


           THETA
              U21           U22           U23           U24           U25
              ________      ________      ________      ________      ________
 U21            1.000
 U22            0.000         1.000
 U23            0.000         0.000         1.000
 U24            0.000         0.000         0.000         1.000
 U25            0.000         0.000         0.000         0.000         1.000


     STARTING VALUES FOR LATENT CLASS PATTERN 3 3


           NU
              U11           U12           U13           U14           U15
              ________      ________      ________      ________      ________
                0.000         0.000         0.000         0.000         0.000


           NU
              U21           U22           U23           U24           U25
              ________      ________      ________      ________      ________
                0.000         0.000         0.000         0.000         0.000


           THETA
              U11           U12           U13           U14           U15
              ________      ________      ________      ________      ________
 U11            1.000
 U12            0.000         1.000
 U13            0.000         0.000         1.000
 U14            0.000         0.000         0.000         1.000
 U15            0.000         0.000         0.000         0.000         1.000
 U21            0.000         0.000         0.000         0.000         0.000
 U22            0.000         0.000         0.000         0.000         0.000
 U23            0.000         0.000         0.000         0.000         0.000
 U24            0.000         0.000         0.000         0.000         0.000
 U25            0.000         0.000         0.000         0.000         0.000


           THETA
              U21           U22           U23           U24           U25
              ________      ________      ________      ________      ________
 U21            1.000
 U22            0.000         1.000
 U23            0.000         0.000         1.000
 U24            0.000         0.000         0.000         1.000
 U25            0.000         0.000         0.000         0.000         1.000


     STARTING VALUES FOR LATENT CLASS INDICATOR MODEL PART


           TAU(U) FOR LATENT CLASS PATTERN 1 1
              U11$1         U12$1         U13$1         U14$1         U15$1
              ________      ________      ________      ________      ________
               -5.000        -1.210        -1.450        -1.550        -5.000


           TAU(U) FOR LATENT CLASS PATTERN 1 1
              U21$1         U22$1         U23$1         U24$1         U25$1
              ________      ________      ________      ________      ________
               -5.000        -1.210        -1.450        -1.550        -5.000


           TAU(U) FOR LATENT CLASS PATTERN 1 2
              U11$1         U12$1         U13$1         U14$1         U15$1
              ________      ________      ________      ________      ________
               -5.000        -1.210        -1.450        -1.550        -5.000


           TAU(U) FOR LATENT CLASS PATTERN 1 2
              U21$1         U22$1         U23$1         U24$1         U25$1
              ________      ________      ________      ________      ________
                5.000        -5.000         0.940        -0.020        -0.890


           TAU(U) FOR LATENT CLASS PATTERN 1 3
              U11$1         U12$1         U13$1         U14$1         U15$1
              ________      ________      ________      ________      ________
               -5.000        -1.210        -1.450        -1.550        -5.000


           TAU(U) FOR LATENT CLASS PATTERN 1 3
              U21$1         U22$1         U23$1         U24$1         U25$1
              ________      ________      ________      ________      ________
               -5.000         1.550         4.170        -0.160        -1.990


           TAU(U) FOR LATENT CLASS PATTERN 2 1
              U11$1         U12$1         U13$1         U14$1         U15$1
              ________      ________      ________      ________      ________
                5.000        -5.000         0.940        -0.020        -0.890


           TAU(U) FOR LATENT CLASS PATTERN 2 1
              U21$1         U22$1         U23$1         U24$1         U25$1
              ________      ________      ________      ________      ________
               -5.000        -1.210        -1.450        -1.550        -5.000


           TAU(U) FOR LATENT CLASS PATTERN 2 2
              U11$1         U12$1         U13$1         U14$1         U15$1
              ________      ________      ________      ________      ________
                5.000        -5.000         0.940        -0.020        -0.890


           TAU(U) FOR LATENT CLASS PATTERN 2 2
              U21$1         U22$1         U23$1         U24$1         U25$1
              ________      ________      ________      ________      ________
                5.000        -5.000         0.940        -0.020        -0.890


           TAU(U) FOR LATENT CLASS PATTERN 2 3
              U11$1         U12$1         U13$1         U14$1         U15$1
              ________      ________      ________      ________      ________
                5.000        -5.000         0.940        -0.020        -0.890


           TAU(U) FOR LATENT CLASS PATTERN 2 3
              U21$1         U22$1         U23$1         U24$1         U25$1
              ________      ________      ________      ________      ________
               -5.000         1.550         4.170        -0.160        -1.990


           TAU(U) FOR LATENT CLASS PATTERN 3 1
              U11$1         U12$1         U13$1         U14$1         U15$1
              ________      ________      ________      ________      ________
               -5.000         1.550         4.170        -0.160        -1.990


           TAU(U) FOR LATENT CLASS PATTERN 3 1
              U21$1         U22$1         U23$1         U24$1         U25$1
              ________      ________      ________      ________      ________
               -5.000        -1.210        -1.450        -1.550        -5.000


           TAU(U) FOR LATENT CLASS PATTERN 3 2
              U11$1         U12$1         U13$1         U14$1         U15$1
              ________      ________      ________      ________      ________
               -5.000         1.550         4.170        -0.160        -1.990


           TAU(U) FOR LATENT CLASS PATTERN 3 2
              U21$1         U22$1         U23$1         U24$1         U25$1
              ________      ________      ________      ________      ________
                5.000        -5.000         0.940        -0.020        -0.890


           TAU(U) FOR LATENT CLASS PATTERN 3 3
              U11$1         U12$1         U13$1         U14$1         U15$1
              ________      ________      ________      ________      ________
               -5.000         1.550         4.170        -0.160        -1.990


           TAU(U) FOR LATENT CLASS PATTERN 3 3
              U21$1         U22$1         U23$1         U24$1         U25$1
              ________      ________      ________      ________      ________
               -5.000         1.550         4.170        -0.160        -1.990


     STARTING VALUES FOR LATENT CLASS REGRESSION MODEL PART


           ALPHA(C)
              C1#1          C1#2          C1#3          C2#1          C2#2
              ________      ________      ________      ________      ________
                0.000         0.000         0.000        -1.100        -1.100


           ALPHA(C)
              C2#3
              ________
                0.000


           BETA(C)
              C1#1          C1#2          C1#3
              ________      ________      ________
 C2#1           3.179         1.100         0.000
 C2#2           1.100         1.793         0.000
 C2#3           0.000         0.000         0.000


     STARTING VALUES FOR THE ADDITIONAL PARAMETERS


           NEW/ADDITIONAL PARAMETERS
              TRANS11       TRANS12       TRANS13       TRANS21       TRANS22
              ________      ________      ________      ________      ________
                0.800         0.100         0.100         0.250         0.500


           NEW/ADDITIONAL PARAMETERS
              TRANS23
              ________
                0.250


     POPULATION VALUES FOR LATENT CLASS PATTERN 1 1


           NU
              U11           U12           U13           U14           U15
              ________      ________      ________      ________      ________
                0.000         0.000         0.000         0.000         0.000


           NU
              U21           U22           U23           U24           U25
              ________      ________      ________      ________      ________
                0.000         0.000         0.000         0.000         0.000


           LAMBDA
              F
              ________
 U11            0.900
 U12            0.900
 U13            0.900
 U14            0.900
 U15            0.900
 U21            0.900
 U22            0.900
 U23            0.900
 U24            0.900
 U25            0.900


           THETA
              U11           U12           U13           U14           U15
              ________      ________      ________      ________      ________
 U11            0.000
 U12            0.000         0.000
 U13            0.000         0.000         0.000
 U14            0.000         0.000         0.000         0.000
 U15            0.000         0.000         0.000         0.000         0.000
 U21            0.000         0.000         0.000         0.000         0.000
 U22            0.000         0.000         0.000         0.000         0.000
 U23            0.000         0.000         0.000         0.000         0.000
 U24            0.000         0.000         0.000         0.000         0.000
 U25            0.000         0.000         0.000         0.000         0.000


           THETA
              U21           U22           U23           U24           U25
              ________      ________      ________      ________      ________
 U21            0.000
 U22            0.000         0.000
 U23            0.000         0.000         0.000
 U24            0.000         0.000         0.000         0.000
 U25            0.000         0.000         0.000         0.000         0.000


           ALPHA
              F
              ________
                0.000


           BETA
              F
              ________
 F              0.000


           PSI
              F
              ________
 F              1.000


     POPULATION VALUES FOR LATENT CLASS PATTERN 1 2


           NU
              U11           U12           U13           U14           U15
              ________      ________      ________      ________      ________
                0.000         0.000         0.000         0.000         0.000


           NU
              U21           U22           U23           U24           U25
              ________      ________      ________      ________      ________
                0.000         0.000         0.000         0.000         0.000


           LAMBDA
              F
              ________
 U11            0.900
 U12            0.900
 U13            0.900
 U14            0.900
 U15            0.900
 U21            0.900
 U22            0.900
 U23            0.900
 U24            0.900
 U25            0.900


           THETA
              U11           U12           U13           U14           U15
              ________      ________      ________      ________      ________
 U11            0.000
 U12            0.000         0.000
 U13            0.000         0.000         0.000
 U14            0.000         0.000         0.000         0.000
 U15            0.000         0.000         0.000         0.000         0.000
 U21            0.000         0.000         0.000         0.000         0.000
 U22            0.000         0.000         0.000         0.000         0.000
 U23            0.000         0.000         0.000         0.000         0.000
 U24            0.000         0.000         0.000         0.000         0.000
 U25            0.000         0.000         0.000         0.000         0.000


           THETA
              U21           U22           U23           U24           U25
              ________      ________      ________      ________      ________
 U21            0.000
 U22            0.000         0.000
 U23            0.000         0.000         0.000
 U24            0.000         0.000         0.000         0.000
 U25            0.000         0.000         0.000         0.000         0.000


           ALPHA
              F
              ________
                0.000


           BETA
              F
              ________
 F              0.000


           PSI
              F
              ________
 F              1.000


     POPULATION VALUES FOR LATENT CLASS PATTERN 1 3


           NU
              U11           U12           U13           U14           U15
              ________      ________      ________      ________      ________
                0.000         0.000         0.000         0.000         0.000


           NU
              U21           U22           U23           U24           U25
              ________      ________      ________      ________      ________
                0.000         0.000         0.000         0.000         0.000


           LAMBDA
              F
              ________
 U11            0.900
 U12            0.900
 U13            0.900
 U14            0.900
 U15            0.900
 U21            0.900
 U22            0.900
 U23            0.900
 U24            0.900
 U25            0.900


           THETA
              U11           U12           U13           U14           U15
              ________      ________      ________      ________      ________
 U11            0.000
 U12            0.000         0.000
 U13            0.000         0.000         0.000
 U14            0.000         0.000         0.000         0.000
 U15            0.000         0.000         0.000         0.000         0.000
 U21            0.000         0.000         0.000         0.000         0.000
 U22            0.000         0.000         0.000         0.000         0.000
 U23            0.000         0.000         0.000         0.000         0.000
 U24            0.000         0.000         0.000         0.000         0.000
 U25            0.000         0.000         0.000         0.000         0.000


           THETA
              U21           U22           U23           U24           U25
              ________      ________      ________      ________      ________
 U21            0.000
 U22            0.000         0.000
 U23            0.000         0.000         0.000
 U24            0.000         0.000         0.000         0.000
 U25            0.000         0.000         0.000         0.000         0.000


           ALPHA
              F
              ________
                0.000


           BETA
              F
              ________
 F              0.000


           PSI
              F
              ________
 F              1.000


     POPULATION VALUES FOR LATENT CLASS PATTERN 2 1


           NU
              U11           U12           U13           U14           U15
              ________      ________      ________      ________      ________
                0.000         0.000         0.000         0.000         0.000


           NU
              U21           U22           U23           U24           U25
              ________      ________      ________      ________      ________
                0.000         0.000         0.000         0.000         0.000


           LAMBDA
              F
              ________
 U11            0.900
 U12            0.900
 U13            0.900
 U14            0.900
 U15            0.900
 U21            0.900
 U22            0.900
 U23            0.900
 U24            0.900
 U25            0.900


           THETA
              U11           U12           U13           U14           U15
              ________      ________      ________      ________      ________
 U11            0.000
 U12            0.000         0.000
 U13            0.000         0.000         0.000
 U14            0.000         0.000         0.000         0.000
 U15            0.000         0.000         0.000         0.000         0.000
 U21            0.000         0.000         0.000         0.000         0.000
 U22            0.000         0.000         0.000         0.000         0.000
 U23            0.000         0.000         0.000         0.000         0.000
 U24            0.000         0.000         0.000         0.000         0.000
 U25            0.000         0.000         0.000         0.000         0.000


           THETA
              U21           U22           U23           U24           U25
              ________      ________      ________      ________      ________
 U21            0.000
 U22            0.000         0.000
 U23            0.000         0.000         0.000
 U24            0.000         0.000         0.000         0.000
 U25            0.000         0.000         0.000         0.000         0.000


           ALPHA
              F
              ________
                0.000


           BETA
              F
              ________
 F              0.000


           PSI
              F
              ________
 F              1.000


     POPULATION VALUES FOR LATENT CLASS PATTERN 2 2


           NU
              U11           U12           U13           U14           U15
              ________      ________      ________      ________      ________
                0.000         0.000         0.000         0.000         0.000


           NU
              U21           U22           U23           U24           U25
              ________      ________      ________      ________      ________
                0.000         0.000         0.000         0.000         0.000


           LAMBDA
              F
              ________
 U11            0.900
 U12            0.900
 U13            0.900
 U14            0.900
 U15            0.900
 U21            0.900
 U22            0.900
 U23            0.900
 U24            0.900
 U25            0.900


           THETA
              U11           U12           U13           U14           U15
              ________      ________      ________      ________      ________
 U11            0.000
 U12            0.000         0.000
 U13            0.000         0.000         0.000
 U14            0.000         0.000         0.000         0.000
 U15            0.000         0.000         0.000         0.000         0.000
 U21            0.000         0.000         0.000         0.000         0.000
 U22            0.000         0.000         0.000         0.000         0.000
 U23            0.000         0.000         0.000         0.000         0.000
 U24            0.000         0.000         0.000         0.000         0.000
 U25            0.000         0.000         0.000         0.000         0.000


           THETA
              U21           U22           U23           U24           U25
              ________      ________      ________      ________      ________
 U21            0.000
 U22            0.000         0.000
 U23            0.000         0.000         0.000
 U24            0.000         0.000         0.000         0.000
 U25            0.000         0.000         0.000         0.000         0.000


           ALPHA
              F
              ________
                0.000


           BETA
              F
              ________
 F              0.000


           PSI
              F
              ________
 F              1.000


     POPULATION VALUES FOR LATENT CLASS PATTERN 2 3


           NU
              U11           U12           U13           U14           U15
              ________      ________      ________      ________      ________
                0.000         0.000         0.000         0.000         0.000


           NU
              U21           U22           U23           U24           U25
              ________      ________      ________      ________      ________
                0.000         0.000         0.000         0.000         0.000


           LAMBDA
              F
              ________
 U11            0.900
 U12            0.900
 U13            0.900
 U14            0.900
 U15            0.900
 U21            0.900
 U22            0.900
 U23            0.900
 U24            0.900
 U25            0.900


           THETA
              U11           U12           U13           U14           U15
              ________      ________      ________      ________      ________
 U11            0.000
 U12            0.000         0.000
 U13            0.000         0.000         0.000
 U14            0.000         0.000         0.000         0.000
 U15            0.000         0.000         0.000         0.000         0.000
 U21            0.000         0.000         0.000         0.000         0.000
 U22            0.000         0.000         0.000         0.000         0.000
 U23            0.000         0.000         0.000         0.000         0.000
 U24            0.000         0.000         0.000         0.000         0.000
 U25            0.000         0.000         0.000         0.000         0.000


           THETA
              U21           U22           U23           U24           U25
              ________      ________      ________      ________      ________
 U21            0.000
 U22            0.000         0.000
 U23            0.000         0.000         0.000
 U24            0.000         0.000         0.000         0.000
 U25            0.000         0.000         0.000         0.000         0.000


           ALPHA
              F
              ________
                0.000


           BETA
              F
              ________
 F              0.000


           PSI
              F
              ________
 F              1.000


     POPULATION VALUES FOR LATENT CLASS PATTERN 3 1


           NU
              U11           U12           U13           U14           U15
              ________      ________      ________      ________      ________
                0.000         0.000         0.000         0.000         0.000


           NU
              U21           U22           U23           U24           U25
              ________      ________      ________      ________      ________
                0.000         0.000         0.000         0.000         0.000


           LAMBDA
              F
              ________
 U11            0.900
 U12            0.900
 U13            0.900
 U14            0.900
 U15            0.900
 U21            0.900
 U22            0.900
 U23            0.900
 U24            0.900
 U25            0.900


           THETA
              U11           U12           U13           U14           U15
              ________      ________      ________      ________      ________
 U11            0.000
 U12            0.000         0.000
 U13            0.000         0.000         0.000
 U14            0.000         0.000         0.000         0.000
 U15            0.000         0.000         0.000         0.000         0.000
 U21            0.000         0.000         0.000         0.000         0.000
 U22            0.000         0.000         0.000         0.000         0.000
 U23            0.000         0.000         0.000         0.000         0.000
 U24            0.000         0.000         0.000         0.000         0.000
 U25            0.000         0.000         0.000         0.000         0.000


           THETA
              U21           U22           U23           U24           U25
              ________      ________      ________      ________      ________
 U21            0.000
 U22            0.000         0.000
 U23            0.000         0.000         0.000
 U24            0.000         0.000         0.000         0.000
 U25            0.000         0.000         0.000         0.000         0.000


           ALPHA
              F
              ________
                0.000


           BETA
              F
              ________
 F              0.000


           PSI
              F
              ________
 F              1.000


     POPULATION VALUES FOR LATENT CLASS PATTERN 3 2


           NU
              U11           U12           U13           U14           U15
              ________      ________      ________      ________      ________
                0.000         0.000         0.000         0.000         0.000


           NU
              U21           U22           U23           U24           U25
              ________      ________      ________      ________      ________
                0.000         0.000         0.000         0.000         0.000


           LAMBDA
              F
              ________
 U11            0.900
 U12            0.900
 U13            0.900
 U14            0.900
 U15            0.900
 U21            0.900
 U22            0.900
 U23            0.900
 U24            0.900
 U25            0.900


           THETA
              U11           U12           U13           U14           U15
              ________      ________      ________      ________      ________
 U11            0.000
 U12            0.000         0.000
 U13            0.000         0.000         0.000
 U14            0.000         0.000         0.000         0.000
 U15            0.000         0.000         0.000         0.000         0.000
 U21            0.000         0.000         0.000         0.000         0.000
 U22            0.000         0.000         0.000         0.000         0.000
 U23            0.000         0.000         0.000         0.000         0.000
 U24            0.000         0.000         0.000         0.000         0.000
 U25            0.000         0.000         0.000         0.000         0.000


           THETA
              U21           U22           U23           U24           U25
              ________      ________      ________      ________      ________
 U21            0.000
 U22            0.000         0.000
 U23            0.000         0.000         0.000
 U24            0.000         0.000         0.000         0.000
 U25            0.000         0.000         0.000         0.000         0.000


           ALPHA
              F
              ________
                0.000


           BETA
              F
              ________
 F              0.000


           PSI
              F
              ________
 F              1.000


     POPULATION VALUES FOR LATENT CLASS PATTERN 3 3


           NU
              U11           U12           U13           U14           U15
              ________      ________      ________      ________      ________
                0.000         0.000         0.000         0.000         0.000


           NU
              U21           U22           U23           U24           U25
              ________      ________      ________      ________      ________
                0.000         0.000         0.000         0.000         0.000


           LAMBDA
              F
              ________
 U11            0.900
 U12            0.900
 U13            0.900
 U14            0.900
 U15            0.900
 U21            0.900
 U22            0.900
 U23            0.900
 U24            0.900
 U25            0.900


           THETA
              U11           U12           U13           U14           U15
              ________      ________      ________      ________      ________
 U11            0.000
 U12            0.000         0.000
 U13            0.000         0.000         0.000
 U14            0.000         0.000         0.000         0.000
 U15            0.000         0.000         0.000         0.000         0.000
 U21            0.000         0.000         0.000         0.000         0.000
 U22            0.000         0.000         0.000         0.000         0.000
 U23            0.000         0.000         0.000         0.000         0.000
 U24            0.000         0.000         0.000         0.000         0.000
 U25            0.000         0.000         0.000         0.000         0.000


           THETA
              U21           U22           U23           U24           U25
              ________      ________      ________      ________      ________
 U21            0.000
 U22            0.000         0.000
 U23            0.000         0.000         0.000
 U24            0.000         0.000         0.000         0.000
 U25            0.000         0.000         0.000         0.000         0.000


           ALPHA
              F
              ________
                0.000


           BETA
              F
              ________
 F              0.000


           PSI
              F
              ________
 F              1.000


     POPULATION VALUES FOR LATENT CLASS INDICATOR MODEL PART


           TAU(U) FOR LATENT CLASS PATTERN 1 1
              U11$1         U12$1         U13$1         U14$1         U15$1
              ________      ________      ________      ________      ________
               -5.000        -1.210        -1.450        -1.550        -5.000


           TAU(U) FOR LATENT CLASS PATTERN 1 1
              U21$1         U22$1         U23$1         U24$1         U25$1
              ________      ________      ________      ________      ________
               -5.000        -1.210        -1.450        -1.550        -5.000


           TAU(U) FOR LATENT CLASS PATTERN 1 2
              U11$1         U12$1         U13$1         U14$1         U15$1
              ________      ________      ________      ________      ________
               -5.000        -1.210        -1.450        -1.550        -5.000


           TAU(U) FOR LATENT CLASS PATTERN 1 2
              U21$1         U22$1         U23$1         U24$1         U25$1
              ________      ________      ________      ________      ________
                5.000        -5.000         0.940        -0.020        -0.890


           TAU(U) FOR LATENT CLASS PATTERN 1 3
              U11$1         U12$1         U13$1         U14$1         U15$1
              ________      ________      ________      ________      ________
               -5.000        -1.210        -1.450        -1.550        -5.000


           TAU(U) FOR LATENT CLASS PATTERN 1 3
              U21$1         U22$1         U23$1         U24$1         U25$1
              ________      ________      ________      ________      ________
               -5.000         1.550         4.170        -0.160        -1.990


           TAU(U) FOR LATENT CLASS PATTERN 2 1
              U11$1         U12$1         U13$1         U14$1         U15$1
              ________      ________      ________      ________      ________
                5.000        -5.000         0.940        -0.020        -0.890


           TAU(U) FOR LATENT CLASS PATTERN 2 1
              U21$1         U22$1         U23$1         U24$1         U25$1
              ________      ________      ________      ________      ________
               -5.000        -1.210        -1.450        -1.550        -5.000


           TAU(U) FOR LATENT CLASS PATTERN 2 2
              U11$1         U12$1         U13$1         U14$1         U15$1
              ________      ________      ________      ________      ________
                5.000        -5.000         0.940        -0.020        -0.890


           TAU(U) FOR LATENT CLASS PATTERN 2 2
              U21$1         U22$1         U23$1         U24$1         U25$1
              ________      ________      ________      ________      ________
                5.000        -5.000         0.940        -0.020        -0.890


           TAU(U) FOR LATENT CLASS PATTERN 2 3
              U11$1         U12$1         U13$1         U14$1         U15$1
              ________      ________      ________      ________      ________
                5.000        -5.000         0.940        -0.020        -0.890


           TAU(U) FOR LATENT CLASS PATTERN 2 3
              U21$1         U22$1         U23$1         U24$1         U25$1
              ________      ________      ________      ________      ________
               -5.000         1.550         4.170        -0.160        -1.990


           TAU(U) FOR LATENT CLASS PATTERN 3 1
              U11$1         U12$1         U13$1         U14$1         U15$1
              ________      ________      ________      ________      ________
               -5.000         1.550         4.170        -0.160        -1.990


           TAU(U) FOR LATENT CLASS PATTERN 3 1
              U21$1         U22$1         U23$1         U24$1         U25$1
              ________      ________      ________      ________      ________
               -5.000        -1.210        -1.450        -1.550        -5.000


           TAU(U) FOR LATENT CLASS PATTERN 3 2
              U11$1         U12$1         U13$1         U14$1         U15$1
              ________      ________      ________      ________      ________
               -5.000         1.550         4.170        -0.160        -1.990


           TAU(U) FOR LATENT CLASS PATTERN 3 2
              U21$1         U22$1         U23$1         U24$1         U25$1
              ________      ________      ________      ________      ________
                5.000        -5.000         0.940        -0.020        -0.890


           TAU(U) FOR LATENT CLASS PATTERN 3 3
              U11$1         U12$1         U13$1         U14$1         U15$1
              ________      ________      ________      ________      ________
               -5.000         1.550         4.170        -0.160        -1.990


           TAU(U) FOR LATENT CLASS PATTERN 3 3
              U21$1         U22$1         U23$1         U24$1         U25$1
              ________      ________      ________      ________      ________
               -5.000         1.550         4.170        -0.160        -1.990


     POPULATION VALUES FOR LATENT CLASS REGRESSION MODEL PART


           ALPHA(C)
              C1#1          C1#2          C1#3          C2#1          C2#2
              ________      ________      ________      ________      ________
                0.000         0.000         0.000        -1.100        -1.100


           ALPHA(C)
              C2#3
              ________
                0.000


           GAMMA(C)
              F
              ________
 C1#1           0.000
 C1#2           0.000
 C1#3           0.000
 C2#1           0.000
 C2#2           0.000
 C2#3           0.000


           BETA(C)
              C1#1          C1#2          C1#3
              ________      ________      ________
 C2#1           3.179         1.100         0.000
 C2#2           1.100         1.793         0.000
 C2#3           0.000         0.000         0.000


RESULTS SAVING INFORMATION

  Order of data

    Replication number
    Parameter estimates
     (saved in order shown in Technical 1 output)
    Standard errors
     (saved in order shown in Technical 1 output)
    Number of Free Parameters
    H0 Loglikelihood
    Akaike (AIC)
    Bayesian (BIC)
    Sample-Size Adjusted BIC
    Pearson Chi-Square : Value
    Pearson Chi-Square : Degrees of Freedom
    Pearson Chi-Square : P-Value
    Likelihood Chi-Square : Value
    Likelihood Chi-Square : Degrees of Freedom
    Likelihood Chi-Square : P-Value

  Save file
    RILTA_LTA_M2_N_2500_TP_3.179_M_1_L_0.9.csv

  Save file format           Free


     Beginning Time:  21:32:06
        Ending Time:  21:56:50
       Elapsed Time:  00:24:44



MUTHEN & MUTHEN
3463 Stoner Ave.
Los Angeles, CA  90066

Tel: (310) 391-9971
Fax: (310) 391-8971
Web: www.StatModel.com
Support: Support@StatModel.com

Copyright (c) 1998-2021 Muthen & Muthen
