Mplus VERSION 8.7
MUTHEN & MUTHEN
01/19/2025   9:42 AM

INPUT INSTRUCTIONS

  TITLE:
  RILTA_LTA_M1_N_5000_TP_0.407_M_2_L_C
  MONTECARLO:
  NAMES = u11-u15 u21-u25;
  GENERATE = u11-u15 u21-u25(1);
  CATEGORICAL = u11-u15 u21-u25;
  GENCLASSES = c1(3) c2(3);
  CLASSES = c1(3) c2(3);
  NOBSERVATIONS = 5000;
  SEED = 07252005;
  NREPS = 717;
  !SAVE = repM6*.dat;
  RESULTS = RILTA_LTA_M1_N_5000_TP_0.407_M_2_L_C.csv;
  MODEL POPULATION:
    %OVERALL%
    [c1#1*1.897] ;
    [c1#2*1.099] ;
    [c2#1*-1.1] ;
    [c2#2*-1.1] ;
    c2#1 on c1#1*0.407;
    c2#1 on c1#2*1.1;
    c2#2 on c1#1*1.1;
    c2#2 on c1#2*1.793147;
    	
     f by u11*.5 u12*.5 u13*.5 u14*.6 u15*1.4 (p1-p5)
          u21*.5 u22*.5 u23*.5 u24*.6 u25*1.4 (p1-p5);
      f@1;
      [f@0];

    MODEL POPULATION-c1:
    %c1#1%
    [u11$1*1 u12$1*1 u13$1*1 u14$1*1 u15$1*1] (p111-p115);
    %c1#2%
    [u11$1*1 u12$1*1 u13$1*-1 u14$1*-1 u15$1*-1] (p121-p125);
    %c1#3%
    [u11$1*-1 u12$1*-1 u13$1*-1 u14$1*-1 u15$1*-1] (p131-p135);

    MODEL POPULATION-c2:
    %c2#1%
    [u21$1*1 u22$1*1 u23$1*1 u24$1*1 u25$1*1] (p111-p115);
    %c2#2%
    [u21$1*1 u22$1*1 u23$1*-1 u24$1*-1 u25$1*-1] (p121-p125);
    %c2#3%
    [u21$1*-1 u22$1*-1 u23$1*-1 u24$1*-1 u25$1*-1] (p131-p135);
  ANALYSIS:
  TYPE = MIXTURE;
        algorithm = integration;
        STARTS = 50 10;
        processors = 24;
        logcriterion=0.00001;
        mconv=0.00001;
  MODEL:
    %OVERALL%
    [c1#1*1.897] ;
    [c1#2*1.099] ;
    [c2#1*-1.1] (a1);
    [c2#2*-1.1] (a2);
    c2#1 on c1#1*0.407 (b11);
    c2#1 on c1#2*1.1 (b21);
    c2#2 on c1#1*1.1 (b12);
    c2#2 on c1#2*1.793147 (b22);	

    MODEL c1:
    %c1#1%
    [u11$1*1 u12$1*1 u13$1*1 u14$1*1 u15$1*1] (p111-p115);
    %c1#2%
    [u11$1*1 u12$1*1 u13$1*-1 u14$1*-1 u15$1*-1] (p121-p125);
    %c1#3%
    [u11$1*-1 u12$1*-1 u13$1*-1 u14$1*-1 u15$1*-1] (p131-p135);

    MODEL c2: 	
    %c2#1%
    [u21$1*1 u22$1*1 u23$1*1 u24$1*1 u25$1*1] (p111-p115);
    %c2#2%
    [u21$1*1 u22$1*1 u23$1*-1 u24$1*-1 u25$1*-1] (p121-p125);
    %c2#3%
    [u21$1*-1 u22$1*-1 u23$1*-1 u24$1*-1 u25$1*-1] (p131-p135);
  MODEL CONSTRAINT:
    New(
      trans11*.2 trans12*.4 trans13*.4
      trans21*.25 trans22*.5 trans23*.25);
    trans11 = exp(a1+b11)/(exp(a1+b11)+exp(a2+b12)+1);
    trans12 = exp(a2+b12)/(exp(a1+b11)+exp(a2+b12)+1);
    trans13 = 1-(trans11+trans12);
    trans21 = exp(a1+b21)/(exp(a1+b21)+exp(a2+b22)+1);
    trans22 = exp(a2+b22)/(exp(a1+b21)+exp(a2+b22)+1);
    trans23 = 1-(trans21+trans22);





INPUT READING TERMINATED NORMALLY




RILTA_LTA_M1_N_5000_TP_0.407_M_2_L_C

SUMMARY OF ANALYSIS

Number of groups                                                 1
Number of observations                                        5000

Number of replications
    Requested                                                  717
    Completed                                                  717
Value of seed                                              7252005

Number of dependent variables                                   10
Number of independent variables                                  0
Number of continuous latent variables                            0
Number of categorical latent variables                           2

Observed dependent variables

  Binary and ordered categorical (ordinal)
   U11         U12         U13         U14         U15         U21
   U22         U23         U24         U25

Categorical latent variables
   C1          C2


Estimator                                                      MLR
Information matrix                                        OBSERVED
Optimization Specifications for the Quasi-Newton Algorithm for
Continuous Outcomes
  Maximum number of iterations                                 100
  Convergence criterion                                  0.100D-05
Optimization Specifications for the EM Algorithm
  Maximum number of iterations                                 500
  Convergence criteria
    Loglikelihood change                                 0.100D-04
    Relative loglikelihood change                        0.100D-05
    Derivative                                           0.100D-04
Optimization Specifications for the M step of the EM Algorithm for
Categorical Latent variables
  Number of M step iterations                                    1
  M step convergence criterion                           0.100D-02
  Basis for M step termination                           ITERATION
Optimization Specifications for the M step of the EM Algorithm for
Censored, Binary or Ordered Categorical (Ordinal), Unordered
Categorical (Nominal) and Count Outcomes
  Number of M step iterations                                    1
  M step convergence criterion                           0.100D-02
  Basis for M step termination                           ITERATION
  Maximum value for logit thresholds                            15
  Minimum value for logit thresholds                           -15
  Minimum expected cell size for chi-square              0.100D-01
Optimization algorithm                                         EMA
Integration Specifications
  Type                                                    STANDARD
  Number of integration points                                  15
  Dimensions of numerical integration                            0
  Adaptive quadrature                                           ON
Random Starts Specifications
  Number of initial stage random starts                         50
  Number of final stage optimizations                           10
  Number of initial stage iterations                            10
  Initial stage convergence criterion                    0.100D+01
  Random starts scale                                    0.500D+01
  Random seed for generating random starts                       0
Parameterization                                             LOGIT
Link                                                         LOGIT
Cholesky                                                        ON





MODEL FIT INFORMATION

Number of Free Parameters                       23

Loglikelihood

    H0 Value

        Mean                            -32301.276
        Std Dev                             67.324
        Number of successful computations      717

             Proportions                   Percentiles
        Expected    Observed         Expected       Observed
           0.990       0.987       -32457.891     -32463.924
           0.980       0.975       -32439.538     -32451.333
           0.950       0.951       -32412.016     -32413.613
           0.900       0.900       -32387.558     -32389.012
           0.800       0.809       -32357.935     -32355.164
           0.700       0.704       -32336.580     -32335.553
           0.500       0.508       -32301.276     -32300.262
           0.300       0.294       -32265.971     -32267.054
           0.200       0.188       -32244.616     -32248.478
           0.100       0.095       -32214.994     -32216.812
           0.050       0.045       -32190.535     -32192.952
           0.020       0.015       -32163.013     -32171.879
           0.010       0.013       -32144.661     -32135.161

Information Criteria

    Akaike (AIC)

        Mean                             64648.551
        Std Dev                            134.647
        Number of successful computations      717

             Proportions                   Percentiles
        Expected    Observed         Expected       Observed
           0.990       0.987        64335.321      64305.128
           0.980       0.985        64372.026      64387.102
           0.950       0.955        64427.070      64429.070
           0.900       0.905        64475.987      64478.123
           0.800       0.812        64535.232      64540.945
           0.700       0.706        64577.942      64579.184
           0.500       0.492        64648.551      64646.280
           0.300       0.296        64719.160      64716.641
           0.200       0.191        64761.871      64755.512
           0.100       0.100        64821.115      64820.316
           0.050       0.049        64870.033      64868.270
           0.020       0.025        64925.077      64940.923
           0.010       0.013        64961.781      64962.181

    Bayesian (BIC)

        Mean                             64798.447
        Std Dev                            134.647
        Number of successful computations      717

             Proportions                   Percentiles
        Expected    Observed         Expected       Observed
           0.990       0.987        64485.217      64455.024
           0.980       0.985        64521.922      64536.998
           0.950       0.955        64576.965      64578.965
           0.900       0.905        64625.883      64628.018
           0.800       0.812        64685.128      64690.841
           0.700       0.706        64727.838      64729.080
           0.500       0.492        64798.447      64796.175
           0.300       0.296        64869.056      64866.536
           0.200       0.191        64911.766      64905.408
           0.100       0.100        64971.011      64970.211
           0.050       0.049        65019.928      65018.165
           0.020       0.025        65074.972      65090.818
           0.010       0.013        65111.677      65112.076

    Sample-Size Adjusted BIC (n* = (n + 2) / 24)

        Mean                             64725.361
        Std Dev                            134.647
        Number of successful computations      717

             Proportions                   Percentiles
        Expected    Observed         Expected       Observed
           0.990       0.987        64412.131      64381.938
           0.980       0.985        64448.836      64463.912
           0.950       0.955        64503.879      64505.879
           0.900       0.905        64552.797      64554.932
           0.800       0.812        64612.042      64617.755
           0.700       0.706        64654.752      64655.994
           0.500       0.492        64725.361      64723.089
           0.300       0.296        64795.970      64793.450
           0.200       0.191        64838.680      64832.322
           0.100       0.100        64897.925      64897.125
           0.050       0.049        64946.842      64945.079
           0.020       0.025        65001.886      65017.732
           0.010       0.013        65038.591      65038.990

Chi-Square Test of Model Fit for the Binary and Ordered Categorical
(Ordinal) Outcomes

    Pearson Chi-Square

        Mean                              1262.560
        Std Dev                             55.071
        Degrees of freedom                    1000
        Number of successful computations      717

             Proportions                   Percentiles
        Expected    Observed         Expected       Observed
           0.990       1.000          898.912       1135.974
           0.980       1.000          910.313       1153.425
           0.950       1.000          927.594       1174.553
           0.900       1.000          943.133       1189.423
           0.800       1.000          962.180       1215.608
           0.700       1.000          976.074       1232.751
           0.500       1.000          999.333       1262.631
           0.300       1.000         1022.960       1292.260
           0.200       1.000         1037.431       1309.951
           0.100       1.000         1057.724       1332.077
           0.050       1.000         1074.679       1355.185
           0.020       1.000         1093.977       1371.446
           0.010       1.000         1106.969       1385.102

    Likelihood Ratio Chi-Square

        Mean                              1340.131
        Std Dev                             52.029
        Degrees of freedom                    1000
        Number of successful computations      717

             Proportions                   Percentiles
        Expected    Observed         Expected       Observed
           0.990       1.000          898.912       1206.698
           0.980       1.000          910.313       1235.597
           0.950       1.000          927.594       1253.203
           0.900       1.000          943.133       1272.106
           0.800       1.000          962.180       1294.841
           0.700       1.000          976.074       1312.219
           0.500       1.000          999.333       1340.619
           0.300       1.000         1022.960       1367.410
           0.200       1.000         1037.431       1383.958
           0.100       1.000         1057.724       1407.489
           0.050       1.000         1074.679       1424.667
           0.020       1.000         1093.977       1442.985
           0.010       1.000         1106.969       1455.705



MODEL RESULTS USE THE LATENT CLASS VARIABLE ORDER

   C1  C2


FINAL CLASS COUNTS AND PROPORTIONS FOR THE LATENT CLASS PATTERNS
BASED ON THE ESTIMATED MODEL

  Latent Class
    Pattern

    1  1       1010.63880          0.20213
    1  2       1007.25375          0.20145
    1  3        748.86469          0.14977
    2  1        186.31677          0.03726
    2  2        802.21407          0.16044
    2  3        480.90232          0.09618
    3  1         69.01574          0.01380
    3  2        192.20002          0.03844
    3  3        502.59384          0.10052


FINAL CLASS COUNTS AND PROPORTIONS FOR EACH LATENT CLASS VARIABLE
BASED ON THE ESTIMATED MODEL

  Latent Class
    Variable    Class

    C1             1      2766.75732          0.55335
                   2      1469.43311          0.29389
                   3       763.80957          0.15276
    C2             1      1265.97131          0.25319
                   2      2001.66797          0.40033
                   3      1732.36084          0.34647


LATENT TRANSITION PROBABILITIES BASED ON THE ESTIMATED MODEL

  C1 Classes (Rows) by C2 Classes (Columns)

            1        2        3

   1     0.368    0.364    0.268
   2     0.124    0.555    0.322
   3     0.069    0.243    0.689


FINAL CLASS COUNTS AND PROPORTIONS FOR THE LATENT CLASS PATTERNS
BASED ON ESTIMATED POSTERIOR PROBABILITIES

  Latent Class
    Pattern

    1  1       1010.63961          0.20213
    1  2       1007.25289          0.20145
    1  3        748.86412          0.14977
    2  1        186.31665          0.03726
    2  2        802.21427          0.16044
    2  3        480.90256          0.09618
    3  1         69.01582          0.01380
    3  2        192.20011          0.03844
    3  3        502.59396          0.10052


FINAL CLASS COUNTS AND PROPORTIONS FOR EACH LATENT CLASS VARIABLE
BASED ON ESTIMATED POSTERIOR PROBABILITIES

  Latent Class
    Variable    Class

    C1             1      2766.75659          0.55335
                   2      1469.43347          0.29389
                   3       763.80988          0.15276
    C2             1      1265.97217          0.25319
                   2      2001.66724          0.40033
                   3      1732.36072          0.34647


FINAL CLASS COUNTS AND PROPORTIONS FOR THE LATENT CLASS PATTERNS
BASED ON THEIR MOST LIKELY LATENT CLASS PATTERN

Class Counts and Proportions

  Latent Class
    Pattern

    1  1             1079          0.21586
    1  2             1015          0.20306
    1  3              772          0.15431
    2  1              149          0.02985
    2  2              822          0.16447
    2  3              487          0.09745
    3  1               51          0.01027
    3  2              155          0.03100
    3  3              469          0.09373


FINAL CLASS COUNTS AND PROPORTIONS FOR EACH LATENT CLASS VARIABLE
BASED ON THEIR MOST LIKELY LATENT CLASS PATTERN

  Latent Class
    Variable    Class

    C1             1            2866          0.57323
                   2            1458          0.29177
                   3             675          0.13500
    C2             1            1279          0.25599
                   2            1992          0.39852
                   3            1727          0.34549


CLASSIFICATION QUALITY

     Entropy                         0.494


MODEL RESULTS

                              ESTIMATES              S. E.     M. S. E.  95%  % Sig
                 Population   Average   Std. Dev.   Average             Cover Coeff

Parameters for Class-specific Model Parts of C1

Latent Class C1#1

 Thresholds
  U11$1               1.000     1.1123     0.2883     0.0672     0.0956 0.226 0.994
  U12$1               1.000     1.1149     0.2634     0.0663     0.0825 0.271 0.996
  U13$1               1.000     0.9916     0.3364     0.0986     0.1131 0.939 0.999
  U14$1               1.000     1.0663     0.3566     0.1052     0.1314 0.837 0.999
  U15$1               1.000     1.2784     0.6660     0.1385     0.5204 0.205 0.996

Latent Class C1#2

 Thresholds
  U11$1               1.000     0.5091     0.9533     0.2724     1.1485 0.629 0.934
  U12$1               1.000     0.5083     0.9775     0.2788     1.1961 0.618 0.941
  U13$1              -1.000    -0.9100     0.2508     0.1347     0.0709 0.845 0.987
  U14$1              -1.000    -0.9546     0.2632     0.1396     0.0713 0.888 0.983
  U15$1              -1.000    -0.9477     0.3397     0.1839     0.1179 0.787 0.968

Latent Class C1#3

 Thresholds
  U11$1              -1.000    -0.9226     1.2517     0.3949     1.5707 0.813 0.908
  U12$1              -1.000    -0.9375     1.2391     0.4283     1.5371 0.809 0.909
  U13$1              -1.000    -1.0601     0.3111     0.1260     0.1002 0.861 0.997
  U14$1              -1.000    -1.1029     0.3206     0.1283     0.1132 0.798 0.997
  U15$1              -1.000    -1.2880     0.4176     0.1639     0.2571 0.255 0.989

Parameters for Class-specific Model Parts of C2

Latent Class C2#1

 Thresholds
  U21$1               1.000     1.1123     0.2883     0.0672     0.0956 0.226 0.994
  U22$1               1.000     1.1149     0.2634     0.0663     0.0825 0.271 0.996
  U23$1               1.000     0.9916     0.3364     0.0986     0.1131 0.939 0.999
  U24$1               1.000     1.0663     0.3566     0.1052     0.1314 0.837 0.999
  U25$1               1.000     1.2784     0.6660     0.1385     0.5204 0.205 0.996

Latent Class C2#2

 Thresholds
  U21$1               1.000     0.5091     0.9533     0.2724     1.1485 0.629 0.934
  U22$1               1.000     0.5083     0.9775     0.2788     1.1961 0.618 0.941
  U23$1              -1.000    -0.9100     0.2508     0.1347     0.0709 0.845 0.987
  U24$1              -1.000    -0.9546     0.2632     0.1396     0.0713 0.888 0.983
  U25$1              -1.000    -0.9477     0.3397     0.1839     0.1179 0.787 0.968

Latent Class C2#3

 Thresholds
  U21$1              -1.000    -0.9226     1.2517     0.3949     1.5707 0.813 0.908
  U22$1              -1.000    -0.9375     1.2391     0.4283     1.5371 0.809 0.909
  U23$1              -1.000    -1.0601     0.3111     0.1260     0.1002 0.861 0.997
  U24$1              -1.000    -1.1029     0.3206     0.1283     0.1132 0.798 0.997
  U25$1              -1.000    -1.2880     0.4176     0.1639     0.2571 0.255 0.989

Categorical Latent Variables

 C2#1     ON
  C1#1                0.407    12.9428    72.0626     1.3645  5342.9194 0.167 0.886
  C1#2                1.100     1.2335   262.4283     1.6687 68772.5547 0.890 0.351

 C2#2     ON
  C1#1                1.100     1.7410     3.5065     0.6567    12.6896 0.854 0.742
  C1#2                1.793     1.9853     3.4246     0.7181    11.7483 0.923 0.810

 Means
  C1#1                1.897     1.4504     0.6688     0.3977     0.6460 0.713 0.923
  C1#2                1.099     0.7486     0.9898     0.5954     1.1011 0.770 0.512
  C2#1               -1.100   -12.5695    72.0320     1.3260  5312.9155 0.526 0.821
  C2#2               -1.100    -1.4081     3.4347     0.6993    11.8758 0.876 0.411

New/Additional Parameters
  TRANS11             0.200     0.3682     0.0539     0.0339     0.0312 0.038 0.997
  TRANS12             0.400     0.3642     0.0922     0.0783     0.0098 0.830 0.969
  TRANS13             0.400     0.2676     0.0900     0.0729     0.0256 0.501 0.927
  TRANS21             0.250     0.1235     0.0561     0.0391     0.0191 0.185 0.876
  TRANS22             0.500     0.5548     0.1166     0.0933     0.0166 0.773 0.989
  TRANS23             0.250     0.3216     0.0893     0.0748     0.0131 0.710 0.918


QUALITY OF NUMERICAL RESULTS

     Average Condition Number for the Information Matrix      0.371E-03
       (ratio of smallest to largest eigenvalue)


C-SPECIFIC CLASSIFICATION RESULTS

Classification Quality for C1

     Entropy                         0.519

Average Latent Class Probabilities for Most Likely Latent Class Membership (Row)
by Latent Class (Column)

           1        2        3

    1   0.840    0.118    0.042
    2   0.174    0.678    0.148
    3   0.093    0.254    0.650

Classification Quality for C2

     Entropy                         0.423

Average Latent Class Probabilities for Most Likely Latent Class Membership (Row)
by Latent Class (Column)

           1        2        3

    1   0.740    0.184    0.076
    2   0.109    0.700    0.191
    3   0.055    0.216    0.729


TECHNICAL 1 OUTPUT


     PARAMETER SPECIFICATION FOR LATENT CLASS PATTERN 1 1


           NU
              U11           U12           U13           U14           U15
              ________      ________      ________      ________      ________
                    0             0             0             0             0


           NU
              U21           U22           U23           U24           U25
              ________      ________      ________      ________      ________
                    0             0             0             0             0


           THETA
              U11           U12           U13           U14           U15
              ________      ________      ________      ________      ________
 U11                0
 U12                0             0
 U13                0             0             0
 U14                0             0             0             0
 U15                0             0             0             0             0
 U21                0             0             0             0             0
 U22                0             0             0             0             0
 U23                0             0             0             0             0
 U24                0             0             0             0             0
 U25                0             0             0             0             0


           THETA
              U21           U22           U23           U24           U25
              ________      ________      ________      ________      ________
 U21                0
 U22                0             0
 U23                0             0             0
 U24                0             0             0             0
 U25                0             0             0             0             0


     PARAMETER SPECIFICATION FOR LATENT CLASS PATTERN 1 2


           NU
              U11           U12           U13           U14           U15
              ________      ________      ________      ________      ________
                    0             0             0             0             0


           NU
              U21           U22           U23           U24           U25
              ________      ________      ________      ________      ________
                    0             0             0             0             0


           THETA
              U11           U12           U13           U14           U15
              ________      ________      ________      ________      ________
 U11                0
 U12                0             0
 U13                0             0             0
 U14                0             0             0             0
 U15                0             0             0             0             0
 U21                0             0             0             0             0
 U22                0             0             0             0             0
 U23                0             0             0             0             0
 U24                0             0             0             0             0
 U25                0             0             0             0             0


           THETA
              U21           U22           U23           U24           U25
              ________      ________      ________      ________      ________
 U21                0
 U22                0             0
 U23                0             0             0
 U24                0             0             0             0
 U25                0             0             0             0             0


     PARAMETER SPECIFICATION FOR LATENT CLASS PATTERN 1 3


           NU
              U11           U12           U13           U14           U15
              ________      ________      ________      ________      ________
                    0             0             0             0             0


           NU
              U21           U22           U23           U24           U25
              ________      ________      ________      ________      ________
                    0             0             0             0             0


           THETA
              U11           U12           U13           U14           U15
              ________      ________      ________      ________      ________
 U11                0
 U12                0             0
 U13                0             0             0
 U14                0             0             0             0
 U15                0             0             0             0             0
 U21                0             0             0             0             0
 U22                0             0             0             0             0
 U23                0             0             0             0             0
 U24                0             0             0             0             0
 U25                0             0             0             0             0


           THETA
              U21           U22           U23           U24           U25
              ________      ________      ________      ________      ________
 U21                0
 U22                0             0
 U23                0             0             0
 U24                0             0             0             0
 U25                0             0             0             0             0


     PARAMETER SPECIFICATION FOR LATENT CLASS PATTERN 2 1


           NU
              U11           U12           U13           U14           U15
              ________      ________      ________      ________      ________
                    0             0             0             0             0


           NU
              U21           U22           U23           U24           U25
              ________      ________      ________      ________      ________
                    0             0             0             0             0


           THETA
              U11           U12           U13           U14           U15
              ________      ________      ________      ________      ________
 U11                0
 U12                0             0
 U13                0             0             0
 U14                0             0             0             0
 U15                0             0             0             0             0
 U21                0             0             0             0             0
 U22                0             0             0             0             0
 U23                0             0             0             0             0
 U24                0             0             0             0             0
 U25                0             0             0             0             0


           THETA
              U21           U22           U23           U24           U25
              ________      ________      ________      ________      ________
 U21                0
 U22                0             0
 U23                0             0             0
 U24                0             0             0             0
 U25                0             0             0             0             0


     PARAMETER SPECIFICATION FOR LATENT CLASS PATTERN 2 2


           NU
              U11           U12           U13           U14           U15
              ________      ________      ________      ________      ________
                    0             0             0             0             0


           NU
              U21           U22           U23           U24           U25
              ________      ________      ________      ________      ________
                    0             0             0             0             0


           THETA
              U11           U12           U13           U14           U15
              ________      ________      ________      ________      ________
 U11                0
 U12                0             0
 U13                0             0             0
 U14                0             0             0             0
 U15                0             0             0             0             0
 U21                0             0             0             0             0
 U22                0             0             0             0             0
 U23                0             0             0             0             0
 U24                0             0             0             0             0
 U25                0             0             0             0             0


           THETA
              U21           U22           U23           U24           U25
              ________      ________      ________      ________      ________
 U21                0
 U22                0             0
 U23                0             0             0
 U24                0             0             0             0
 U25                0             0             0             0             0


     PARAMETER SPECIFICATION FOR LATENT CLASS PATTERN 2 3


           NU
              U11           U12           U13           U14           U15
              ________      ________      ________      ________      ________
                    0             0             0             0             0


           NU
              U21           U22           U23           U24           U25
              ________      ________      ________      ________      ________
                    0             0             0             0             0


           THETA
              U11           U12           U13           U14           U15
              ________      ________      ________      ________      ________
 U11                0
 U12                0             0
 U13                0             0             0
 U14                0             0             0             0
 U15                0             0             0             0             0
 U21                0             0             0             0             0
 U22                0             0             0             0             0
 U23                0             0             0             0             0
 U24                0             0             0             0             0
 U25                0             0             0             0             0


           THETA
              U21           U22           U23           U24           U25
              ________      ________      ________      ________      ________
 U21                0
 U22                0             0
 U23                0             0             0
 U24                0             0             0             0
 U25                0             0             0             0             0


     PARAMETER SPECIFICATION FOR LATENT CLASS PATTERN 3 1


           NU
              U11           U12           U13           U14           U15
              ________      ________      ________      ________      ________
                    0             0             0             0             0


           NU
              U21           U22           U23           U24           U25
              ________      ________      ________      ________      ________
                    0             0             0             0             0


           THETA
              U11           U12           U13           U14           U15
              ________      ________      ________      ________      ________
 U11                0
 U12                0             0
 U13                0             0             0
 U14                0             0             0             0
 U15                0             0             0             0             0
 U21                0             0             0             0             0
 U22                0             0             0             0             0
 U23                0             0             0             0             0
 U24                0             0             0             0             0
 U25                0             0             0             0             0


           THETA
              U21           U22           U23           U24           U25
              ________      ________      ________      ________      ________
 U21                0
 U22                0             0
 U23                0             0             0
 U24                0             0             0             0
 U25                0             0             0             0             0


     PARAMETER SPECIFICATION FOR LATENT CLASS PATTERN 3 2


           NU
              U11           U12           U13           U14           U15
              ________      ________      ________      ________      ________
                    0             0             0             0             0


           NU
              U21           U22           U23           U24           U25
              ________      ________      ________      ________      ________
                    0             0             0             0             0


           THETA
              U11           U12           U13           U14           U15
              ________      ________      ________      ________      ________
 U11                0
 U12                0             0
 U13                0             0             0
 U14                0             0             0             0
 U15                0             0             0             0             0
 U21                0             0             0             0             0
 U22                0             0             0             0             0
 U23                0             0             0             0             0
 U24                0             0             0             0             0
 U25                0             0             0             0             0


           THETA
              U21           U22           U23           U24           U25
              ________      ________      ________      ________      ________
 U21                0
 U22                0             0
 U23                0             0             0
 U24                0             0             0             0
 U25                0             0             0             0             0


     PARAMETER SPECIFICATION FOR LATENT CLASS PATTERN 3 3


           NU
              U11           U12           U13           U14           U15
              ________      ________      ________      ________      ________
                    0             0             0             0             0


           NU
              U21           U22           U23           U24           U25
              ________      ________      ________      ________      ________
                    0             0             0             0             0


           THETA
              U11           U12           U13           U14           U15
              ________      ________      ________      ________      ________
 U11                0
 U12                0             0
 U13                0             0             0
 U14                0             0             0             0
 U15                0             0             0             0             0
 U21                0             0             0             0             0
 U22                0             0             0             0             0
 U23                0             0             0             0             0
 U24                0             0             0             0             0
 U25                0             0             0             0             0


           THETA
              U21           U22           U23           U24           U25
              ________      ________      ________      ________      ________
 U21                0
 U22                0             0
 U23                0             0             0
 U24                0             0             0             0
 U25                0             0             0             0             0


     PARAMETER SPECIFICATION FOR LATENT CLASS INDICATOR MODEL PART


           TAU(U) FOR LATENT CLASS PATTERN 1 1
              U11$1         U12$1         U13$1         U14$1         U15$1
              ________      ________      ________      ________      ________
                    1             2             3             4             5


           TAU(U) FOR LATENT CLASS PATTERN 1 1
              U21$1         U22$1         U23$1         U24$1         U25$1
              ________      ________      ________      ________      ________
                    1             2             3             4             5


           TAU(U) FOR LATENT CLASS PATTERN 1 2
              U11$1         U12$1         U13$1         U14$1         U15$1
              ________      ________      ________      ________      ________
                    1             2             3             4             5


           TAU(U) FOR LATENT CLASS PATTERN 1 2
              U21$1         U22$1         U23$1         U24$1         U25$1
              ________      ________      ________      ________      ________
                    6             7             8             9            10


           TAU(U) FOR LATENT CLASS PATTERN 1 3
              U11$1         U12$1         U13$1         U14$1         U15$1
              ________      ________      ________      ________      ________
                    1             2             3             4             5


           TAU(U) FOR LATENT CLASS PATTERN 1 3
              U21$1         U22$1         U23$1         U24$1         U25$1
              ________      ________      ________      ________      ________
                   11            12            13            14            15


           TAU(U) FOR LATENT CLASS PATTERN 2 1
              U11$1         U12$1         U13$1         U14$1         U15$1
              ________      ________      ________      ________      ________
                    6             7             8             9            10


           TAU(U) FOR LATENT CLASS PATTERN 2 1
              U21$1         U22$1         U23$1         U24$1         U25$1
              ________      ________      ________      ________      ________
                    1             2             3             4             5


           TAU(U) FOR LATENT CLASS PATTERN 2 2
              U11$1         U12$1         U13$1         U14$1         U15$1
              ________      ________      ________      ________      ________
                    6             7             8             9            10


           TAU(U) FOR LATENT CLASS PATTERN 2 2
              U21$1         U22$1         U23$1         U24$1         U25$1
              ________      ________      ________      ________      ________
                    6             7             8             9            10


           TAU(U) FOR LATENT CLASS PATTERN 2 3
              U11$1         U12$1         U13$1         U14$1         U15$1
              ________      ________      ________      ________      ________
                    6             7             8             9            10


           TAU(U) FOR LATENT CLASS PATTERN 2 3
              U21$1         U22$1         U23$1         U24$1         U25$1
              ________      ________      ________      ________      ________
                   11            12            13            14            15


           TAU(U) FOR LATENT CLASS PATTERN 3 1
              U11$1         U12$1         U13$1         U14$1         U15$1
              ________      ________      ________      ________      ________
                   11            12            13            14            15


           TAU(U) FOR LATENT CLASS PATTERN 3 1
              U21$1         U22$1         U23$1         U24$1         U25$1
              ________      ________      ________      ________      ________
                    1             2             3             4             5


           TAU(U) FOR LATENT CLASS PATTERN 3 2
              U11$1         U12$1         U13$1         U14$1         U15$1
              ________      ________      ________      ________      ________
                   11            12            13            14            15


           TAU(U) FOR LATENT CLASS PATTERN 3 2
              U21$1         U22$1         U23$1         U24$1         U25$1
              ________      ________      ________      ________      ________
                    6             7             8             9            10


           TAU(U) FOR LATENT CLASS PATTERN 3 3
              U11$1         U12$1         U13$1         U14$1         U15$1
              ________      ________      ________      ________      ________
                   11            12            13            14            15


           TAU(U) FOR LATENT CLASS PATTERN 3 3
              U21$1         U22$1         U23$1         U24$1         U25$1
              ________      ________      ________      ________      ________
                   11            12            13            14            15


     PARAMETER SPECIFICATION FOR LATENT CLASS REGRESSION MODEL PART


           ALPHA(C)
              C1#1          C1#2          C1#3          C2#1          C2#2
              ________      ________      ________      ________      ________
                   16            17             0            18            19


           ALPHA(C)
              C2#3
              ________
                    0


           BETA(C)
              C1#1          C1#2          C1#3
              ________      ________      ________
 C2#1              20            22             0
 C2#2              21            23             0
 C2#3               0             0             0


     PARAMETER SPECIFICATION FOR THE ADDITIONAL PARAMETERS


           NEW/ADDITIONAL PARAMETERS
              TRANS11       TRANS12       TRANS13       TRANS21       TRANS22
              ________      ________      ________      ________      ________
                   24            25            26            27            28


           NEW/ADDITIONAL PARAMETERS
              TRANS23
              ________
                   29


     STARTING VALUES FOR LATENT CLASS PATTERN 1 1


           NU
              U11           U12           U13           U14           U15
              ________      ________      ________      ________      ________
                0.000         0.000         0.000         0.000         0.000


           NU
              U21           U22           U23           U24           U25
              ________      ________      ________      ________      ________
                0.000         0.000         0.000         0.000         0.000


           THETA
              U11           U12           U13           U14           U15
              ________      ________      ________      ________      ________
 U11            1.000
 U12            0.000         1.000
 U13            0.000         0.000         1.000
 U14            0.000         0.000         0.000         1.000
 U15            0.000         0.000         0.000         0.000         1.000
 U21            0.000         0.000         0.000         0.000         0.000
 U22            0.000         0.000         0.000         0.000         0.000
 U23            0.000         0.000         0.000         0.000         0.000
 U24            0.000         0.000         0.000         0.000         0.000
 U25            0.000         0.000         0.000         0.000         0.000


           THETA
              U21           U22           U23           U24           U25
              ________      ________      ________      ________      ________
 U21            1.000
 U22            0.000         1.000
 U23            0.000         0.000         1.000
 U24            0.000         0.000         0.000         1.000
 U25            0.000         0.000         0.000         0.000         1.000


     STARTING VALUES FOR LATENT CLASS PATTERN 1 2


           NU
              U11           U12           U13           U14           U15
              ________      ________      ________      ________      ________
                0.000         0.000         0.000         0.000         0.000


           NU
              U21           U22           U23           U24           U25
              ________      ________      ________      ________      ________
                0.000         0.000         0.000         0.000         0.000


           THETA
              U11           U12           U13           U14           U15
              ________      ________      ________      ________      ________
 U11            1.000
 U12            0.000         1.000
 U13            0.000         0.000         1.000
 U14            0.000         0.000         0.000         1.000
 U15            0.000         0.000         0.000         0.000         1.000
 U21            0.000         0.000         0.000         0.000         0.000
 U22            0.000         0.000         0.000         0.000         0.000
 U23            0.000         0.000         0.000         0.000         0.000
 U24            0.000         0.000         0.000         0.000         0.000
 U25            0.000         0.000         0.000         0.000         0.000


           THETA
              U21           U22           U23           U24           U25
              ________      ________      ________      ________      ________
 U21            1.000
 U22            0.000         1.000
 U23            0.000         0.000         1.000
 U24            0.000         0.000         0.000         1.000
 U25            0.000         0.000         0.000         0.000         1.000


     STARTING VALUES FOR LATENT CLASS PATTERN 1 3


           NU
              U11           U12           U13           U14           U15
              ________      ________      ________      ________      ________
                0.000         0.000         0.000         0.000         0.000


           NU
              U21           U22           U23           U24           U25
              ________      ________      ________      ________      ________
                0.000         0.000         0.000         0.000         0.000


           THETA
              U11           U12           U13           U14           U15
              ________      ________      ________      ________      ________
 U11            1.000
 U12            0.000         1.000
 U13            0.000         0.000         1.000
 U14            0.000         0.000         0.000         1.000
 U15            0.000         0.000         0.000         0.000         1.000
 U21            0.000         0.000         0.000         0.000         0.000
 U22            0.000         0.000         0.000         0.000         0.000
 U23            0.000         0.000         0.000         0.000         0.000
 U24            0.000         0.000         0.000         0.000         0.000
 U25            0.000         0.000         0.000         0.000         0.000


           THETA
              U21           U22           U23           U24           U25
              ________      ________      ________      ________      ________
 U21            1.000
 U22            0.000         1.000
 U23            0.000         0.000         1.000
 U24            0.000         0.000         0.000         1.000
 U25            0.000         0.000         0.000         0.000         1.000


     STARTING VALUES FOR LATENT CLASS PATTERN 2 1


           NU
              U11           U12           U13           U14           U15
              ________      ________      ________      ________      ________
                0.000         0.000         0.000         0.000         0.000


           NU
              U21           U22           U23           U24           U25
              ________      ________      ________      ________      ________
                0.000         0.000         0.000         0.000         0.000


           THETA
              U11           U12           U13           U14           U15
              ________      ________      ________      ________      ________
 U11            1.000
 U12            0.000         1.000
 U13            0.000         0.000         1.000
 U14            0.000         0.000         0.000         1.000
 U15            0.000         0.000         0.000         0.000         1.000
 U21            0.000         0.000         0.000         0.000         0.000
 U22            0.000         0.000         0.000         0.000         0.000
 U23            0.000         0.000         0.000         0.000         0.000
 U24            0.000         0.000         0.000         0.000         0.000
 U25            0.000         0.000         0.000         0.000         0.000


           THETA
              U21           U22           U23           U24           U25
              ________      ________      ________      ________      ________
 U21            1.000
 U22            0.000         1.000
 U23            0.000         0.000         1.000
 U24            0.000         0.000         0.000         1.000
 U25            0.000         0.000         0.000         0.000         1.000


     STARTING VALUES FOR LATENT CLASS PATTERN 2 2


           NU
              U11           U12           U13           U14           U15
              ________      ________      ________      ________      ________
                0.000         0.000         0.000         0.000         0.000


           NU
              U21           U22           U23           U24           U25
              ________      ________      ________      ________      ________
                0.000         0.000         0.000         0.000         0.000


           THETA
              U11           U12           U13           U14           U15
              ________      ________      ________      ________      ________
 U11            1.000
 U12            0.000         1.000
 U13            0.000         0.000         1.000
 U14            0.000         0.000         0.000         1.000
 U15            0.000         0.000         0.000         0.000         1.000
 U21            0.000         0.000         0.000         0.000         0.000
 U22            0.000         0.000         0.000         0.000         0.000
 U23            0.000         0.000         0.000         0.000         0.000
 U24            0.000         0.000         0.000         0.000         0.000
 U25            0.000         0.000         0.000         0.000         0.000


           THETA
              U21           U22           U23           U24           U25
              ________      ________      ________      ________      ________
 U21            1.000
 U22            0.000         1.000
 U23            0.000         0.000         1.000
 U24            0.000         0.000         0.000         1.000
 U25            0.000         0.000         0.000         0.000         1.000


     STARTING VALUES FOR LATENT CLASS PATTERN 2 3


           NU
              U11           U12           U13           U14           U15
              ________      ________      ________      ________      ________
                0.000         0.000         0.000         0.000         0.000


           NU
              U21           U22           U23           U24           U25
              ________      ________      ________      ________      ________
                0.000         0.000         0.000         0.000         0.000


           THETA
              U11           U12           U13           U14           U15
              ________      ________      ________      ________      ________
 U11            1.000
 U12            0.000         1.000
 U13            0.000         0.000         1.000
 U14            0.000         0.000         0.000         1.000
 U15            0.000         0.000         0.000         0.000         1.000
 U21            0.000         0.000         0.000         0.000         0.000
 U22            0.000         0.000         0.000         0.000         0.000
 U23            0.000         0.000         0.000         0.000         0.000
 U24            0.000         0.000         0.000         0.000         0.000
 U25            0.000         0.000         0.000         0.000         0.000


           THETA
              U21           U22           U23           U24           U25
              ________      ________      ________      ________      ________
 U21            1.000
 U22            0.000         1.000
 U23            0.000         0.000         1.000
 U24            0.000         0.000         0.000         1.000
 U25            0.000         0.000         0.000         0.000         1.000


     STARTING VALUES FOR LATENT CLASS PATTERN 3 1


           NU
              U11           U12           U13           U14           U15
              ________      ________      ________      ________      ________
                0.000         0.000         0.000         0.000         0.000


           NU
              U21           U22           U23           U24           U25
              ________      ________      ________      ________      ________
                0.000         0.000         0.000         0.000         0.000


           THETA
              U11           U12           U13           U14           U15
              ________      ________      ________      ________      ________
 U11            1.000
 U12            0.000         1.000
 U13            0.000         0.000         1.000
 U14            0.000         0.000         0.000         1.000
 U15            0.000         0.000         0.000         0.000         1.000
 U21            0.000         0.000         0.000         0.000         0.000
 U22            0.000         0.000         0.000         0.000         0.000
 U23            0.000         0.000         0.000         0.000         0.000
 U24            0.000         0.000         0.000         0.000         0.000
 U25            0.000         0.000         0.000         0.000         0.000


           THETA
              U21           U22           U23           U24           U25
              ________      ________      ________      ________      ________
 U21            1.000
 U22            0.000         1.000
 U23            0.000         0.000         1.000
 U24            0.000         0.000         0.000         1.000
 U25            0.000         0.000         0.000         0.000         1.000


     STARTING VALUES FOR LATENT CLASS PATTERN 3 2


           NU
              U11           U12           U13           U14           U15
              ________      ________      ________      ________      ________
                0.000         0.000         0.000         0.000         0.000


           NU
              U21           U22           U23           U24           U25
              ________      ________      ________      ________      ________
                0.000         0.000         0.000         0.000         0.000


           THETA
              U11           U12           U13           U14           U15
              ________      ________      ________      ________      ________
 U11            1.000
 U12            0.000         1.000
 U13            0.000         0.000         1.000
 U14            0.000         0.000         0.000         1.000
 U15            0.000         0.000         0.000         0.000         1.000
 U21            0.000         0.000         0.000         0.000         0.000
 U22            0.000         0.000         0.000         0.000         0.000
 U23            0.000         0.000         0.000         0.000         0.000
 U24            0.000         0.000         0.000         0.000         0.000
 U25            0.000         0.000         0.000         0.000         0.000


           THETA
              U21           U22           U23           U24           U25
              ________      ________      ________      ________      ________
 U21            1.000
 U22            0.000         1.000
 U23            0.000         0.000         1.000
 U24            0.000         0.000         0.000         1.000
 U25            0.000         0.000         0.000         0.000         1.000


     STARTING VALUES FOR LATENT CLASS PATTERN 3 3


           NU
              U11           U12           U13           U14           U15
              ________      ________      ________      ________      ________
                0.000         0.000         0.000         0.000         0.000


           NU
              U21           U22           U23           U24           U25
              ________      ________      ________      ________      ________
                0.000         0.000         0.000         0.000         0.000


           THETA
              U11           U12           U13           U14           U15
              ________      ________      ________      ________      ________
 U11            1.000
 U12            0.000         1.000
 U13            0.000         0.000         1.000
 U14            0.000         0.000         0.000         1.000
 U15            0.000         0.000         0.000         0.000         1.000
 U21            0.000         0.000         0.000         0.000         0.000
 U22            0.000         0.000         0.000         0.000         0.000
 U23            0.000         0.000         0.000         0.000         0.000
 U24            0.000         0.000         0.000         0.000         0.000
 U25            0.000         0.000         0.000         0.000         0.000


           THETA
              U21           U22           U23           U24           U25
              ________      ________      ________      ________      ________
 U21            1.000
 U22            0.000         1.000
 U23            0.000         0.000         1.000
 U24            0.000         0.000         0.000         1.000
 U25            0.000         0.000         0.000         0.000         1.000


     STARTING VALUES FOR LATENT CLASS INDICATOR MODEL PART


           TAU(U) FOR LATENT CLASS PATTERN 1 1
              U11$1         U12$1         U13$1         U14$1         U15$1
              ________      ________      ________      ________      ________
                1.000         1.000         1.000         1.000         1.000


           TAU(U) FOR LATENT CLASS PATTERN 1 1
              U21$1         U22$1         U23$1         U24$1         U25$1
              ________      ________      ________      ________      ________
                1.000         1.000         1.000         1.000         1.000


           TAU(U) FOR LATENT CLASS PATTERN 1 2
              U11$1         U12$1         U13$1         U14$1         U15$1
              ________      ________      ________      ________      ________
                1.000         1.000         1.000         1.000         1.000


           TAU(U) FOR LATENT CLASS PATTERN 1 2
              U21$1         U22$1         U23$1         U24$1         U25$1
              ________      ________      ________      ________      ________
                1.000         1.000        -1.000        -1.000        -1.000


           TAU(U) FOR LATENT CLASS PATTERN 1 3
              U11$1         U12$1         U13$1         U14$1         U15$1
              ________      ________      ________      ________      ________
                1.000         1.000         1.000         1.000         1.000


           TAU(U) FOR LATENT CLASS PATTERN 1 3
              U21$1         U22$1         U23$1         U24$1         U25$1
              ________      ________      ________      ________      ________
               -1.000        -1.000        -1.000        -1.000        -1.000


           TAU(U) FOR LATENT CLASS PATTERN 2 1
              U11$1         U12$1         U13$1         U14$1         U15$1
              ________      ________      ________      ________      ________
                1.000         1.000        -1.000        -1.000        -1.000


           TAU(U) FOR LATENT CLASS PATTERN 2 1
              U21$1         U22$1         U23$1         U24$1         U25$1
              ________      ________      ________      ________      ________
                1.000         1.000         1.000         1.000         1.000


           TAU(U) FOR LATENT CLASS PATTERN 2 2
              U11$1         U12$1         U13$1         U14$1         U15$1
              ________      ________      ________      ________      ________
                1.000         1.000        -1.000        -1.000        -1.000


           TAU(U) FOR LATENT CLASS PATTERN 2 2
              U21$1         U22$1         U23$1         U24$1         U25$1
              ________      ________      ________      ________      ________
                1.000         1.000        -1.000        -1.000        -1.000


           TAU(U) FOR LATENT CLASS PATTERN 2 3
              U11$1         U12$1         U13$1         U14$1         U15$1
              ________      ________      ________      ________      ________
                1.000         1.000        -1.000        -1.000        -1.000


           TAU(U) FOR LATENT CLASS PATTERN 2 3
              U21$1         U22$1         U23$1         U24$1         U25$1
              ________      ________      ________      ________      ________
               -1.000        -1.000        -1.000        -1.000        -1.000


           TAU(U) FOR LATENT CLASS PATTERN 3 1
              U11$1         U12$1         U13$1         U14$1         U15$1
              ________      ________      ________      ________      ________
               -1.000        -1.000        -1.000        -1.000        -1.000


           TAU(U) FOR LATENT CLASS PATTERN 3 1
              U21$1         U22$1         U23$1         U24$1         U25$1
              ________      ________      ________      ________      ________
                1.000         1.000         1.000         1.000         1.000


           TAU(U) FOR LATENT CLASS PATTERN 3 2
              U11$1         U12$1         U13$1         U14$1         U15$1
              ________      ________      ________      ________      ________
               -1.000        -1.000        -1.000        -1.000        -1.000


           TAU(U) FOR LATENT CLASS PATTERN 3 2
              U21$1         U22$1         U23$1         U24$1         U25$1
              ________      ________      ________      ________      ________
                1.000         1.000        -1.000        -1.000        -1.000


           TAU(U) FOR LATENT CLASS PATTERN 3 3
              U11$1         U12$1         U13$1         U14$1         U15$1
              ________      ________      ________      ________      ________
               -1.000        -1.000        -1.000        -1.000        -1.000


           TAU(U) FOR LATENT CLASS PATTERN 3 3
              U21$1         U22$1         U23$1         U24$1         U25$1
              ________      ________      ________      ________      ________
               -1.000        -1.000        -1.000        -1.000        -1.000


     STARTING VALUES FOR LATENT CLASS REGRESSION MODEL PART


           ALPHA(C)
              C1#1          C1#2          C1#3          C2#1          C2#2
              ________      ________      ________      ________      ________
                1.897         1.099         0.000        -1.100        -1.100


           ALPHA(C)
              C2#3
              ________
                0.000


           BETA(C)
              C1#1          C1#2          C1#3
              ________      ________      ________
 C2#1           0.407         1.100         0.000
 C2#2           1.100         1.793         0.000
 C2#3           0.000         0.000         0.000


     STARTING VALUES FOR THE ADDITIONAL PARAMETERS


           NEW/ADDITIONAL PARAMETERS
              TRANS11       TRANS12       TRANS13       TRANS21       TRANS22
              ________      ________      ________      ________      ________
                0.200         0.400         0.400         0.250         0.500


           NEW/ADDITIONAL PARAMETERS
              TRANS23
              ________
                0.250


     POPULATION VALUES FOR LATENT CLASS PATTERN 1 1


           NU
              U11           U12           U13           U14           U15
              ________      ________      ________      ________      ________
                0.000         0.000         0.000         0.000         0.000


           NU
              U21           U22           U23           U24           U25
              ________      ________      ________      ________      ________
                0.000         0.000         0.000         0.000         0.000


           LAMBDA
              F
              ________
 U11            0.500
 U12            0.500
 U13            0.500
 U14            0.600
 U15            1.400
 U21            0.500
 U22            0.500
 U23            0.500
 U24            0.600
 U25            1.400


           THETA
              U11           U12           U13           U14           U15
              ________      ________      ________      ________      ________
 U11            0.000
 U12            0.000         0.000
 U13            0.000         0.000         0.000
 U14            0.000         0.000         0.000         0.000
 U15            0.000         0.000         0.000         0.000         0.000
 U21            0.000         0.000         0.000         0.000         0.000
 U22            0.000         0.000         0.000         0.000         0.000
 U23            0.000         0.000         0.000         0.000         0.000
 U24            0.000         0.000         0.000         0.000         0.000
 U25            0.000         0.000         0.000         0.000         0.000


           THETA
              U21           U22           U23           U24           U25
              ________      ________      ________      ________      ________
 U21            0.000
 U22            0.000         0.000
 U23            0.000         0.000         0.000
 U24            0.000         0.000         0.000         0.000
 U25            0.000         0.000         0.000         0.000         0.000


           ALPHA
              F
              ________
                0.000


           BETA
              F
              ________
 F              0.000


           PSI
              F
              ________
 F              1.000


     POPULATION VALUES FOR LATENT CLASS PATTERN 1 2


           NU
              U11           U12           U13           U14           U15
              ________      ________      ________      ________      ________
                0.000         0.000         0.000         0.000         0.000


           NU
              U21           U22           U23           U24           U25
              ________      ________      ________      ________      ________
                0.000         0.000         0.000         0.000         0.000


           LAMBDA
              F
              ________
 U11            0.500
 U12            0.500
 U13            0.500
 U14            0.600
 U15            1.400
 U21            0.500
 U22            0.500
 U23            0.500
 U24            0.600
 U25            1.400


           THETA
              U11           U12           U13           U14           U15
              ________      ________      ________      ________      ________
 U11            0.000
 U12            0.000         0.000
 U13            0.000         0.000         0.000
 U14            0.000         0.000         0.000         0.000
 U15            0.000         0.000         0.000         0.000         0.000
 U21            0.000         0.000         0.000         0.000         0.000
 U22            0.000         0.000         0.000         0.000         0.000
 U23            0.000         0.000         0.000         0.000         0.000
 U24            0.000         0.000         0.000         0.000         0.000
 U25            0.000         0.000         0.000         0.000         0.000


           THETA
              U21           U22           U23           U24           U25
              ________      ________      ________      ________      ________
 U21            0.000
 U22            0.000         0.000
 U23            0.000         0.000         0.000
 U24            0.000         0.000         0.000         0.000
 U25            0.000         0.000         0.000         0.000         0.000


           ALPHA
              F
              ________
                0.000


           BETA
              F
              ________
 F              0.000


           PSI
              F
              ________
 F              1.000


     POPULATION VALUES FOR LATENT CLASS PATTERN 1 3


           NU
              U11           U12           U13           U14           U15
              ________      ________      ________      ________      ________
                0.000         0.000         0.000         0.000         0.000


           NU
              U21           U22           U23           U24           U25
              ________      ________      ________      ________      ________
                0.000         0.000         0.000         0.000         0.000


           LAMBDA
              F
              ________
 U11            0.500
 U12            0.500
 U13            0.500
 U14            0.600
 U15            1.400
 U21            0.500
 U22            0.500
 U23            0.500
 U24            0.600
 U25            1.400


           THETA
              U11           U12           U13           U14           U15
              ________      ________      ________      ________      ________
 U11            0.000
 U12            0.000         0.000
 U13            0.000         0.000         0.000
 U14            0.000         0.000         0.000         0.000
 U15            0.000         0.000         0.000         0.000         0.000
 U21            0.000         0.000         0.000         0.000         0.000
 U22            0.000         0.000         0.000         0.000         0.000
 U23            0.000         0.000         0.000         0.000         0.000
 U24            0.000         0.000         0.000         0.000         0.000
 U25            0.000         0.000         0.000         0.000         0.000


           THETA
              U21           U22           U23           U24           U25
              ________      ________      ________      ________      ________
 U21            0.000
 U22            0.000         0.000
 U23            0.000         0.000         0.000
 U24            0.000         0.000         0.000         0.000
 U25            0.000         0.000         0.000         0.000         0.000


           ALPHA
              F
              ________
                0.000


           BETA
              F
              ________
 F              0.000


           PSI
              F
              ________
 F              1.000


     POPULATION VALUES FOR LATENT CLASS PATTERN 2 1


           NU
              U11           U12           U13           U14           U15
              ________      ________      ________      ________      ________
                0.000         0.000         0.000         0.000         0.000


           NU
              U21           U22           U23           U24           U25
              ________      ________      ________      ________      ________
                0.000         0.000         0.000         0.000         0.000


           LAMBDA
              F
              ________
 U11            0.500
 U12            0.500
 U13            0.500
 U14            0.600
 U15            1.400
 U21            0.500
 U22            0.500
 U23            0.500
 U24            0.600
 U25            1.400


           THETA
              U11           U12           U13           U14           U15
              ________      ________      ________      ________      ________
 U11            0.000
 U12            0.000         0.000
 U13            0.000         0.000         0.000
 U14            0.000         0.000         0.000         0.000
 U15            0.000         0.000         0.000         0.000         0.000
 U21            0.000         0.000         0.000         0.000         0.000
 U22            0.000         0.000         0.000         0.000         0.000
 U23            0.000         0.000         0.000         0.000         0.000
 U24            0.000         0.000         0.000         0.000         0.000
 U25            0.000         0.000         0.000         0.000         0.000


           THETA
              U21           U22           U23           U24           U25
              ________      ________      ________      ________      ________
 U21            0.000
 U22            0.000         0.000
 U23            0.000         0.000         0.000
 U24            0.000         0.000         0.000         0.000
 U25            0.000         0.000         0.000         0.000         0.000


           ALPHA
              F
              ________
                0.000


           BETA
              F
              ________
 F              0.000


           PSI
              F
              ________
 F              1.000


     POPULATION VALUES FOR LATENT CLASS PATTERN 2 2


           NU
              U11           U12           U13           U14           U15
              ________      ________      ________      ________      ________
                0.000         0.000         0.000         0.000         0.000


           NU
              U21           U22           U23           U24           U25
              ________      ________      ________      ________      ________
                0.000         0.000         0.000         0.000         0.000


           LAMBDA
              F
              ________
 U11            0.500
 U12            0.500
 U13            0.500
 U14            0.600
 U15            1.400
 U21            0.500
 U22            0.500
 U23            0.500
 U24            0.600
 U25            1.400


           THETA
              U11           U12           U13           U14           U15
              ________      ________      ________      ________      ________
 U11            0.000
 U12            0.000         0.000
 U13            0.000         0.000         0.000
 U14            0.000         0.000         0.000         0.000
 U15            0.000         0.000         0.000         0.000         0.000
 U21            0.000         0.000         0.000         0.000         0.000
 U22            0.000         0.000         0.000         0.000         0.000
 U23            0.000         0.000         0.000         0.000         0.000
 U24            0.000         0.000         0.000         0.000         0.000
 U25            0.000         0.000         0.000         0.000         0.000


           THETA
              U21           U22           U23           U24           U25
              ________      ________      ________      ________      ________
 U21            0.000
 U22            0.000         0.000
 U23            0.000         0.000         0.000
 U24            0.000         0.000         0.000         0.000
 U25            0.000         0.000         0.000         0.000         0.000


           ALPHA
              F
              ________
                0.000


           BETA
              F
              ________
 F              0.000


           PSI
              F
              ________
 F              1.000


     POPULATION VALUES FOR LATENT CLASS PATTERN 2 3


           NU
              U11           U12           U13           U14           U15
              ________      ________      ________      ________      ________
                0.000         0.000         0.000         0.000         0.000


           NU
              U21           U22           U23           U24           U25
              ________      ________      ________      ________      ________
                0.000         0.000         0.000         0.000         0.000


           LAMBDA
              F
              ________
 U11            0.500
 U12            0.500
 U13            0.500
 U14            0.600
 U15            1.400
 U21            0.500
 U22            0.500
 U23            0.500
 U24            0.600
 U25            1.400


           THETA
              U11           U12           U13           U14           U15
              ________      ________      ________      ________      ________
 U11            0.000
 U12            0.000         0.000
 U13            0.000         0.000         0.000
 U14            0.000         0.000         0.000         0.000
 U15            0.000         0.000         0.000         0.000         0.000
 U21            0.000         0.000         0.000         0.000         0.000
 U22            0.000         0.000         0.000         0.000         0.000
 U23            0.000         0.000         0.000         0.000         0.000
 U24            0.000         0.000         0.000         0.000         0.000
 U25            0.000         0.000         0.000         0.000         0.000


           THETA
              U21           U22           U23           U24           U25
              ________      ________      ________      ________      ________
 U21            0.000
 U22            0.000         0.000
 U23            0.000         0.000         0.000
 U24            0.000         0.000         0.000         0.000
 U25            0.000         0.000         0.000         0.000         0.000


           ALPHA
              F
              ________
                0.000


           BETA
              F
              ________
 F              0.000


           PSI
              F
              ________
 F              1.000


     POPULATION VALUES FOR LATENT CLASS PATTERN 3 1


           NU
              U11           U12           U13           U14           U15
              ________      ________      ________      ________      ________
                0.000         0.000         0.000         0.000         0.000


           NU
              U21           U22           U23           U24           U25
              ________      ________      ________      ________      ________
                0.000         0.000         0.000         0.000         0.000


           LAMBDA
              F
              ________
 U11            0.500
 U12            0.500
 U13            0.500
 U14            0.600
 U15            1.400
 U21            0.500
 U22            0.500
 U23            0.500
 U24            0.600
 U25            1.400


           THETA
              U11           U12           U13           U14           U15
              ________      ________      ________      ________      ________
 U11            0.000
 U12            0.000         0.000
 U13            0.000         0.000         0.000
 U14            0.000         0.000         0.000         0.000
 U15            0.000         0.000         0.000         0.000         0.000
 U21            0.000         0.000         0.000         0.000         0.000
 U22            0.000         0.000         0.000         0.000         0.000
 U23            0.000         0.000         0.000         0.000         0.000
 U24            0.000         0.000         0.000         0.000         0.000
 U25            0.000         0.000         0.000         0.000         0.000


           THETA
              U21           U22           U23           U24           U25
              ________      ________      ________      ________      ________
 U21            0.000
 U22            0.000         0.000
 U23            0.000         0.000         0.000
 U24            0.000         0.000         0.000         0.000
 U25            0.000         0.000         0.000         0.000         0.000


           ALPHA
              F
              ________
                0.000


           BETA
              F
              ________
 F              0.000


           PSI
              F
              ________
 F              1.000


     POPULATION VALUES FOR LATENT CLASS PATTERN 3 2


           NU
              U11           U12           U13           U14           U15
              ________      ________      ________      ________      ________
                0.000         0.000         0.000         0.000         0.000


           NU
              U21           U22           U23           U24           U25
              ________      ________      ________      ________      ________
                0.000         0.000         0.000         0.000         0.000


           LAMBDA
              F
              ________
 U11            0.500
 U12            0.500
 U13            0.500
 U14            0.600
 U15            1.400
 U21            0.500
 U22            0.500
 U23            0.500
 U24            0.600
 U25            1.400


           THETA
              U11           U12           U13           U14           U15
              ________      ________      ________      ________      ________
 U11            0.000
 U12            0.000         0.000
 U13            0.000         0.000         0.000
 U14            0.000         0.000         0.000         0.000
 U15            0.000         0.000         0.000         0.000         0.000
 U21            0.000         0.000         0.000         0.000         0.000
 U22            0.000         0.000         0.000         0.000         0.000
 U23            0.000         0.000         0.000         0.000         0.000
 U24            0.000         0.000         0.000         0.000         0.000
 U25            0.000         0.000         0.000         0.000         0.000


           THETA
              U21           U22           U23           U24           U25
              ________      ________      ________      ________      ________
 U21            0.000
 U22            0.000         0.000
 U23            0.000         0.000         0.000
 U24            0.000         0.000         0.000         0.000
 U25            0.000         0.000         0.000         0.000         0.000


           ALPHA
              F
              ________
                0.000


           BETA
              F
              ________
 F              0.000


           PSI
              F
              ________
 F              1.000


     POPULATION VALUES FOR LATENT CLASS PATTERN 3 3


           NU
              U11           U12           U13           U14           U15
              ________      ________      ________      ________      ________
                0.000         0.000         0.000         0.000         0.000


           NU
              U21           U22           U23           U24           U25
              ________      ________      ________      ________      ________
                0.000         0.000         0.000         0.000         0.000


           LAMBDA
              F
              ________
 U11            0.500
 U12            0.500
 U13            0.500
 U14            0.600
 U15            1.400
 U21            0.500
 U22            0.500
 U23            0.500
 U24            0.600
 U25            1.400


           THETA
              U11           U12           U13           U14           U15
              ________      ________      ________      ________      ________
 U11            0.000
 U12            0.000         0.000
 U13            0.000         0.000         0.000
 U14            0.000         0.000         0.000         0.000
 U15            0.000         0.000         0.000         0.000         0.000
 U21            0.000         0.000         0.000         0.000         0.000
 U22            0.000         0.000         0.000         0.000         0.000
 U23            0.000         0.000         0.000         0.000         0.000
 U24            0.000         0.000         0.000         0.000         0.000
 U25            0.000         0.000         0.000         0.000         0.000


           THETA
              U21           U22           U23           U24           U25
              ________      ________      ________      ________      ________
 U21            0.000
 U22            0.000         0.000
 U23            0.000         0.000         0.000
 U24            0.000         0.000         0.000         0.000
 U25            0.000         0.000         0.000         0.000         0.000


           ALPHA
              F
              ________
                0.000


           BETA
              F
              ________
 F              0.000


           PSI
              F
              ________
 F              1.000


     POPULATION VALUES FOR LATENT CLASS INDICATOR MODEL PART


           TAU(U) FOR LATENT CLASS PATTERN 1 1
              U11$1         U12$1         U13$1         U14$1         U15$1
              ________      ________      ________      ________      ________
                1.000         1.000         1.000         1.000         1.000


           TAU(U) FOR LATENT CLASS PATTERN 1 1
              U21$1         U22$1         U23$1         U24$1         U25$1
              ________      ________      ________      ________      ________
                1.000         1.000         1.000         1.000         1.000


           TAU(U) FOR LATENT CLASS PATTERN 1 2
              U11$1         U12$1         U13$1         U14$1         U15$1
              ________      ________      ________      ________      ________
                1.000         1.000         1.000         1.000         1.000


           TAU(U) FOR LATENT CLASS PATTERN 1 2
              U21$1         U22$1         U23$1         U24$1         U25$1
              ________      ________      ________      ________      ________
                1.000         1.000        -1.000        -1.000        -1.000


           TAU(U) FOR LATENT CLASS PATTERN 1 3
              U11$1         U12$1         U13$1         U14$1         U15$1
              ________      ________      ________      ________      ________
                1.000         1.000         1.000         1.000         1.000


           TAU(U) FOR LATENT CLASS PATTERN 1 3
              U21$1         U22$1         U23$1         U24$1         U25$1
              ________      ________      ________      ________      ________
               -1.000        -1.000        -1.000        -1.000        -1.000


           TAU(U) FOR LATENT CLASS PATTERN 2 1
              U11$1         U12$1         U13$1         U14$1         U15$1
              ________      ________      ________      ________      ________
                1.000         1.000        -1.000        -1.000        -1.000


           TAU(U) FOR LATENT CLASS PATTERN 2 1
              U21$1         U22$1         U23$1         U24$1         U25$1
              ________      ________      ________      ________      ________
                1.000         1.000         1.000         1.000         1.000


           TAU(U) FOR LATENT CLASS PATTERN 2 2
              U11$1         U12$1         U13$1         U14$1         U15$1
              ________      ________      ________      ________      ________
                1.000         1.000        -1.000        -1.000        -1.000


           TAU(U) FOR LATENT CLASS PATTERN 2 2
              U21$1         U22$1         U23$1         U24$1         U25$1
              ________      ________      ________      ________      ________
                1.000         1.000        -1.000        -1.000        -1.000


           TAU(U) FOR LATENT CLASS PATTERN 2 3
              U11$1         U12$1         U13$1         U14$1         U15$1
              ________      ________      ________      ________      ________
                1.000         1.000        -1.000        -1.000        -1.000


           TAU(U) FOR LATENT CLASS PATTERN 2 3
              U21$1         U22$1         U23$1         U24$1         U25$1
              ________      ________      ________      ________      ________
               -1.000        -1.000        -1.000        -1.000        -1.000


           TAU(U) FOR LATENT CLASS PATTERN 3 1
              U11$1         U12$1         U13$1         U14$1         U15$1
              ________      ________      ________      ________      ________
               -1.000        -1.000        -1.000        -1.000        -1.000


           TAU(U) FOR LATENT CLASS PATTERN 3 1
              U21$1         U22$1         U23$1         U24$1         U25$1
              ________      ________      ________      ________      ________
                1.000         1.000         1.000         1.000         1.000


           TAU(U) FOR LATENT CLASS PATTERN 3 2
              U11$1         U12$1         U13$1         U14$1         U15$1
              ________      ________      ________      ________      ________
               -1.000        -1.000        -1.000        -1.000        -1.000


           TAU(U) FOR LATENT CLASS PATTERN 3 2
              U21$1         U22$1         U23$1         U24$1         U25$1
              ________      ________      ________      ________      ________
                1.000         1.000        -1.000        -1.000        -1.000


           TAU(U) FOR LATENT CLASS PATTERN 3 3
              U11$1         U12$1         U13$1         U14$1         U15$1
              ________      ________      ________      ________      ________
               -1.000        -1.000        -1.000        -1.000        -1.000


           TAU(U) FOR LATENT CLASS PATTERN 3 3
              U21$1         U22$1         U23$1         U24$1         U25$1
              ________      ________      ________      ________      ________
               -1.000        -1.000        -1.000        -1.000        -1.000


     POPULATION VALUES FOR LATENT CLASS REGRESSION MODEL PART


           ALPHA(C)
              C1#1          C1#2          C1#3          C2#1          C2#2
              ________      ________      ________      ________      ________
                1.897         1.099         0.000        -1.100        -1.100


           ALPHA(C)
              C2#3
              ________
                0.000


           GAMMA(C)
              F
              ________
 C1#1           0.000
 C1#2           0.000
 C1#3           0.000
 C2#1           0.000
 C2#2           0.000
 C2#3           0.000


           BETA(C)
              C1#1          C1#2          C1#3
              ________      ________      ________
 C2#1           0.407         1.100         0.000
 C2#2           1.100         1.793         0.000
 C2#3           0.000         0.000         0.000


RESULTS SAVING INFORMATION

  Order of data

    Replication number
    Parameter estimates
     (saved in order shown in Technical 1 output)
    Standard errors
     (saved in order shown in Technical 1 output)
    Number of Free Parameters
    H0 Loglikelihood
    Akaike (AIC)
    Bayesian (BIC)
    Sample-Size Adjusted BIC
    Pearson Chi-Square : Value
    Pearson Chi-Square : Degrees of Freedom
    Pearson Chi-Square : P-Value
    Likelihood Chi-Square : Value
    Likelihood Chi-Square : Degrees of Freedom
    Likelihood Chi-Square : P-Value

  Save file
    RILTA_LTA_M1_N_5000_TP_0.407_M_2_L_C.csv

  Save file format           Free


     Beginning Time:  09:42:38
        Ending Time:  10:47:51
       Elapsed Time:  01:05:13



MUTHEN & MUTHEN
3463 Stoner Ave.
Los Angeles, CA  90066

Tel: (310) 391-9971
Fax: (310) 391-8971
Web: www.StatModel.com
Support: Support@StatModel.com

Copyright (c) 1998-2021 Muthen & Muthen
