Mplus VERSION 8.7
MUTHEN & MUTHEN
01/17/2025   8:46 PM

INPUT INSTRUCTIONS

  TITLE:
  Generate RILTA_LTA_M3_N_5000_TP_3.179_M_2_L_0.9
  MONTECARLO:
  NAMES = u11-u15 u21-u25;
  GENERATE = u11-u15 u21-u25(1);
  CATEGORICAL = u11-u15 u21-u25;
  GENCLASSES = c1(3) c2(3);
  CLASSES = c1(3) c2(3);
  NOBSERVATIONS = 5000;
  SEED = 07252005;
  NREPS = 1098;
  !SAVE = repM3*.dat;
  RESULTS = RILTA_LTA_M3_N_5000_TP_3.179_M_2_L_0.9.csv;
  MODEL POPULATION:
   %OVERALL%
   [c1#1*1.897] ;
   [c1#2*1.099] ;
   [c2#1*-1.1] ;
   [c2#2*-1.1] ;
   c2#1 on c1#1*3.179;
   c2#1 on c1#2*1.1;
   c2#2 on c1#1*1.1;
   c2#2 on c1#2*1.793147;
   	
    f by u11-u15*0.9 (p1-p5)
         u21-u25*0.9 (p1-p5);
     f@1;
     [f@0];

  MODEL POPULATION-c1:
     %c1#1%
  [u11$1*5 u12$1*2.38 u13$1*1.385 u14$1*4.59 u15$1*4.59] (p111-p115);

     %c1#2%
  [u11$1*.62 u12$1*.81 u13$1*.82 u14$1*.28 u15$1*1.39] (p121-p125);

     %c1#3%
  [u11$1*-1.45 u12$1*-2.44 u13$1*-5 u14$1*-1.70 u15$1*-.71] (p131-p135);

   MODEL POPULATION-c2:
     %c2#1%
  [u21$1*5 u22$1*2.38 u23$1*1.385 u24$1*4.59 u25$1*4.59] (p111-p115);

     %c2#2%
  [u21$1*.62 u22$1*.81 u23$1*.82 u24$1*.28 u25$1*1.39] (p121-p125);

     %c2#3%
  [u21$1*-1.45 u22$1*-2.44 u23$1*-5 u24$1*-1.70 u25$1*-.71] (p131-p135);
  ANALYSIS:
  TYPE = MIXTURE;
        algorithm = integration;
        STARTS = 50 10;
        processors = 24;
        logcriterion=0.00001;
        mconv=0.00001;
  MODEL:
    %OVERALL%
    [c1#1*1.897] ;
    [c1#2*1.099] ;
    [c2#1*-1.1] (a1);
    [c2#2*-1.1] (a2);
    c2#1 on c1#1*3.179 (b11);
    c2#1 on c1#2*1.1 (b21);
    c2#2 on c1#1*1.1 (b12);
    c2#2 on c1#2*1.793147 (b22);	

   MODEL c1:
      %c1#1%
   [u11$1*5 u12$1*2.38 u13$1*1.385 u14$1*4.59 u15$1*4.59] (p111-p115);

      %c1#2%
   [u11$1*.62 u12$1*.81 u13$1*.82 u14$1*.28 u15$1*1.39] (p121-p125);

      %c1#3%
   [u11$1*-1.45 u12$1*-2.44 u13$1*-5 u14$1*-1.70 u15$1*-.71] (p131-p135);

  MODEL c2: 	
      %c2#1%
   [u21$1*5 u22$1*2.38 u23$1*1.385 u24$1*4.59 u25$1*4.59] (p111-p115);

      %c2#2%
   [u21$1*.62 u22$1*.81 u23$1*.82 u24$1*.28 u25$1*1.39] (p121-p125);

      %c2#3%
   [u21$1*-1.45 u22$1*-2.44 u23$1*-5 u24$1*-1.70 u25$1*-.71] (p131-p135);
  MODEL CONSTRAINT:
    New(
      trans11*.8 trans12*.1 trans13*.1
      trans21*.25 trans22*.5 trans23*.25);
    trans11 = exp(a1+b11)/(exp(a1+b11)+exp(a2+b12)+1);
    trans12 = exp(a2+b12)/(exp(a1+b11)+exp(a2+b12)+1);
    trans13 = 1-(trans11+trans12);
    trans21 = exp(a1+b21)/(exp(a1+b21)+exp(a2+b22)+1);
    trans22 = exp(a2+b22)/(exp(a1+b21)+exp(a2+b22)+1);
    trans23 = 1-(trans21+trans22);




INPUT READING TERMINATED NORMALLY




Generate RILTA_LTA_M3_N_5000_TP_3.179_M_2_L_0.9

SUMMARY OF ANALYSIS

Number of groups                                                 1
Number of observations                                        5000

Number of replications
    Requested                                                 1098
    Completed                                                 1098
Value of seed                                              7252005

Number of dependent variables                                   10
Number of independent variables                                  0
Number of continuous latent variables                            0
Number of categorical latent variables                           2

Observed dependent variables

  Binary and ordered categorical (ordinal)
   U11         U12         U13         U14         U15         U21
   U22         U23         U24         U25

Categorical latent variables
   C1          C2


Estimator                                                      MLR
Information matrix                                        OBSERVED
Optimization Specifications for the Quasi-Newton Algorithm for
Continuous Outcomes
  Maximum number of iterations                                 100
  Convergence criterion                                  0.100D-05
Optimization Specifications for the EM Algorithm
  Maximum number of iterations                                 500
  Convergence criteria
    Loglikelihood change                                 0.100D-04
    Relative loglikelihood change                        0.100D-05
    Derivative                                           0.100D-04
Optimization Specifications for the M step of the EM Algorithm for
Categorical Latent variables
  Number of M step iterations                                    1
  M step convergence criterion                           0.100D-02
  Basis for M step termination                           ITERATION
Optimization Specifications for the M step of the EM Algorithm for
Censored, Binary or Ordered Categorical (Ordinal), Unordered
Categorical (Nominal) and Count Outcomes
  Number of M step iterations                                    1
  M step convergence criterion                           0.100D-02
  Basis for M step termination                           ITERATION
  Maximum value for logit thresholds                            15
  Minimum value for logit thresholds                           -15
  Minimum expected cell size for chi-square              0.100D-01
Optimization algorithm                                         EMA
Integration Specifications
  Type                                                    STANDARD
  Number of integration points                                  15
  Dimensions of numerical integration                            0
  Adaptive quadrature                                           ON
Random Starts Specifications
  Number of initial stage random starts                         50
  Number of final stage optimizations                           10
  Number of initial stage iterations                            10
  Initial stage convergence criterion                    0.100D+01
  Random starts scale                                    0.500D+01
  Random seed for generating random starts                       0
Parameterization                                             LOGIT
Link                                                         LOGIT
Cholesky                                                        ON





MODEL FIT INFORMATION

Number of Free Parameters                       23

Loglikelihood

    H0 Value

        Mean                            -21739.292
        Std Dev                            182.534
        Number of successful computations     1098

             Proportions                   Percentiles
        Expected    Observed         Expected       Observed
           0.990       0.990       -22163.921     -22171.663
           0.980       0.979       -22114.162     -22126.815
           0.950       0.951       -22039.542     -22043.793
           0.900       0.892       -21973.227     -21980.414
           0.800       0.794       -21892.912     -21898.085
           0.700       0.694       -21835.013     -21837.919
           0.500       0.508       -21739.292     -21734.238
           0.300       0.318       -21643.571     -21633.717
           0.200       0.215       -21585.671     -21577.751
           0.100       0.099       -21505.356     -21507.470
           0.050       0.042       -21439.042     -21456.934
           0.020       0.016       -21364.422     -21378.385
           0.010       0.006       -21314.663     -21340.810

Information Criteria

    Akaike (AIC)

        Mean                             43524.584
        Std Dev                            365.068
        Number of successful computations     1098

             Proportions                   Percentiles
        Expected    Observed         Expected       Observed
           0.990       0.994        42675.326      42708.308
           0.980       0.984        42774.844      42796.057
           0.950       0.958        42924.083      42946.242
           0.900       0.901        43056.713      43051.486
           0.800       0.785        43217.343      43197.970
           0.700       0.682        43333.142      43311.040
           0.500       0.492        43524.584      43514.162
           0.300       0.306        43716.025      43720.261
           0.200       0.206        43831.825      43839.124
           0.100       0.108        43992.455      44004.461
           0.050       0.049        44125.084      44120.530
           0.020       0.021        44274.324      44275.524
           0.010       0.010        44373.841      44373.247

    Bayesian (BIC)

        Mean                             43674.479
        Std Dev                            365.068
        Number of successful computations     1098

             Proportions                   Percentiles
        Expected    Observed         Expected       Observed
           0.990       0.994        42825.222      42858.203
           0.980       0.984        42924.739      42945.952
           0.950       0.958        43073.979      43096.138
           0.900       0.901        43206.608      43201.382
           0.800       0.785        43367.238      43347.865
           0.700       0.682        43483.038      43460.936
           0.500       0.492        43674.479      43664.058
           0.300       0.306        43865.921      43870.156
           0.200       0.206        43981.720      43989.019
           0.100       0.108        44142.350      44154.357
           0.050       0.049        44274.980      44270.425
           0.020       0.021        44424.219      44425.419
           0.010       0.010        44523.737      44523.143

    Sample-Size Adjusted BIC (n* = (n + 2) / 24)

        Mean                             43601.393
        Std Dev                            365.068
        Number of successful computations     1098

             Proportions                   Percentiles
        Expected    Observed         Expected       Observed
           0.990       0.994        42752.136      42785.117
           0.980       0.984        42851.653      42872.866
           0.950       0.958        43000.893      43023.052
           0.900       0.901        43133.522      43128.296
           0.800       0.785        43294.152      43274.779
           0.700       0.682        43409.951      43387.850
           0.500       0.492        43601.393      43590.972
           0.300       0.306        43792.835      43797.070
           0.200       0.206        43908.634      43915.933
           0.100       0.108        44069.264      44081.271
           0.050       0.049        44201.893      44197.339
           0.020       0.021        44351.133      44352.333
           0.010       0.010        44450.651      44450.057

Chi-Square Test of Model Fit for the Binary and Ordered Categorical
(Ordinal) Outcomes

    Pearson Chi-Square

        Mean                              1158.417
        Std Dev                             59.792
        Degrees of freedom                    1000
        Number of successful computations     1098

             Proportions                   Percentiles
        Expected    Observed         Expected       Observed
           0.990       1.000          898.912       1030.518
           0.980       1.000          910.313       1040.961
           0.950       1.000          927.594       1064.506
           0.900       1.000          943.133       1081.298
           0.800       1.000          962.180       1107.494
           0.700       0.999          976.074       1124.921
           0.500       0.999          999.333       1156.586
           0.300       0.993         1022.960       1191.186
           0.200       0.985         1037.431       1207.996
           0.100       0.962         1057.724       1235.585
           0.050       0.924         1074.679       1257.310
           0.020       0.854         1093.977       1283.290
           0.010       0.804         1106.969       1308.252

    Likelihood Ratio Chi-Square

        Mean                              1126.001
        Std Dev                             43.498
        Degrees of freedom                    1000
        Number of successful computations     1098

             Proportions                   Percentiles
        Expected    Observed         Expected       Observed
           0.990       1.000          898.912       1029.445
           0.980       1.000          910.313       1039.645
           0.950       1.000          927.594       1057.964
           0.900       1.000          943.133       1069.095
           0.800       1.000          962.180       1088.746
           0.700       1.000          976.074       1103.324
           0.500       0.999          999.333       1123.856
           0.300       0.995         1022.960       1147.256
           0.200       0.985         1037.431       1161.263
           0.100       0.952         1057.724       1182.347
           0.050       0.876         1074.679       1200.201
           0.020       0.777         1093.977       1219.536
           0.010       0.658         1106.969       1227.973



MODEL RESULTS USE THE LATENT CLASS VARIABLE ORDER

   C1  C2


FINAL CLASS COUNTS AND PROPORTIONS FOR THE LATENT CLASS PATTERNS
BASED ON THE ESTIMATED MODEL

  Latent Class
    Pattern

    1  1       2472.86047          0.49457
    1  2        297.61068          0.05952
    1  3        299.99306          0.06000
    2  1        234.56947          0.04691
    2  2        637.97814          0.12760
    2  3        244.27037          0.04885
    3  1        163.85178          0.03277
    3  2        170.56936          0.03411
    3  3        478.29667          0.09566


FINAL CLASS COUNTS AND PROPORTIONS FOR EACH LATENT CLASS VARIABLE
BASED ON THE ESTIMATED MODEL

  Latent Class
    Variable    Class

    C1             1      3070.46411          0.61409
                   2      1116.81799          0.22336
                   3       812.71783          0.16254
    C2             1      2871.28174          0.57426
                   2      1106.15820          0.22123
                   3      1022.56012          0.20451


LATENT TRANSITION PROBABILITIES BASED ON THE ESTIMATED MODEL

  C1 Classes (Rows) by C2 Classes (Columns)

            1        2        3

   1     0.786    0.106    0.107
   2     0.219    0.552    0.229
   3     0.203    0.210    0.587


FINAL CLASS COUNTS AND PROPORTIONS FOR THE LATENT CLASS PATTERNS
BASED ON ESTIMATED POSTERIOR PROBABILITIES

  Latent Class
    Pattern

    1  1       2472.86047          0.49457
    1  2        297.61068          0.05952
    1  3        299.99295          0.06000
    2  1        234.56943          0.04691
    2  2        637.97818          0.12760
    2  3        244.27035          0.04885
    3  1        163.85180          0.03277
    3  2        170.56928          0.03411
    3  3        478.29685          0.09566


FINAL CLASS COUNTS AND PROPORTIONS FOR EACH LATENT CLASS VARIABLE
BASED ON ESTIMATED POSTERIOR PROBABILITIES

  Latent Class
    Variable    Class

    C1             1      3070.46387          0.61409
                   2      1116.81799          0.22336
                   3       812.71796          0.16254
    C2             1      2871.28149          0.57426
                   2      1106.15820          0.22123
                   3      1022.56018          0.20451


FINAL CLASS COUNTS AND PROPORTIONS FOR THE LATENT CLASS PATTERNS
BASED ON THEIR MOST LIKELY LATENT CLASS PATTERN

Class Counts and Proportions

  Latent Class
    Pattern

    1  1             2631          0.52629
    1  2              288          0.05764
    1  3              310          0.06199
    2  1              217          0.04339
    2  2              575          0.11503
    2  3              219          0.04374
    3  1              162          0.03230
    3  2              151          0.03023
    3  3              447          0.08940


FINAL CLASS COUNTS AND PROPORTIONS FOR EACH LATENT CLASS VARIABLE
BASED ON THEIR MOST LIKELY LATENT CLASS PATTERN

  Latent Class
    Variable    Class

    C1             1            3229          0.64591
                   2            1010          0.20216
                   3             759          0.15193
    C2             1            3009          0.60198
                   2            1014          0.20290
                   3             975          0.19512


CLASSIFICATION QUALITY

     Entropy                         0.756


MODEL RESULTS

                              ESTIMATES              S. E.     M. S. E.  95%  % Sig
                 Population   Average   Std. Dev.   Average             Cover Coeff

Parameters for Class-specific Model Parts of C1

Latent Class C1#1

 Thresholds
  U11$1               5.000     3.8476     1.4281     0.2538     3.3657 0.249 0.999
  U12$1               2.380     1.9646     0.9601     0.0739     1.0936 0.456 1.000
  U13$1               1.385     1.0991     0.9500     0.0651     0.9835 0.744 0.989
  U14$1               4.590     3.4350     1.3767     0.2112     3.2278 0.155 0.969
  U15$1               4.590     3.9465     1.2215     0.1917     1.9048 0.606 1.000

Latent Class C1#2

 Thresholds
  U11$1               0.620     0.1250     1.4999     0.1280     2.4927 0.497 0.995
  U12$1               0.810    -0.3190     1.4791     0.1205     3.4603 0.026 0.997
  U13$1               0.820    -0.9842     6.2520     0.1839    42.3073 0.001 0.876
  U14$1               0.280    -0.1804     1.4494     0.1263     2.3108 0.525 0.595
  U15$1               1.390     0.7790     1.3457     0.1096     2.1826 0.338 1.000

Latent Class C1#3

 Thresholds
  U11$1              -1.450    -0.7217     1.3530     0.1169     2.3593 0.546 1.000
  U12$1              -2.440    -1.3565     1.4847     0.1484     3.3762 0.607 0.998
  U13$1              -5.000    -2.3372     5.8987     0.3007    41.8538 0.087 0.938
  U14$1              -1.700    -1.0032     1.3056     0.1212     2.1884 0.562 0.801
  U15$1              -0.710    -0.0258     1.2509     0.0975     2.0314 0.454 1.000

Parameters for Class-specific Model Parts of C2

Latent Class C2#1

 Thresholds
  U21$1               5.000     3.8476     1.4281     0.2538     3.3657 0.249 0.999
  U22$1               2.380     1.9646     0.9601     0.0739     1.0936 0.456 1.000
  U23$1               1.385     1.0991     0.9500     0.0651     0.9835 0.744 0.989
  U24$1               4.590     3.4350     1.3767     0.2112     3.2278 0.155 0.969
  U25$1               4.590     3.9465     1.2215     0.1917     1.9048 0.606 1.000

Latent Class C2#2

 Thresholds
  U21$1               0.620     0.1250     1.4999     0.1280     2.4927 0.497 0.995
  U22$1               0.810    -0.3190     1.4791     0.1205     3.4603 0.026 0.997
  U23$1               0.820    -0.9842     6.2520     0.1839    42.3073 0.001 0.876
  U24$1               0.280    -0.1804     1.4494     0.1263     2.3108 0.525 0.595
  U25$1               1.390     0.7790     1.3457     0.1096     2.1826 0.338 1.000

Latent Class C2#3

 Thresholds
  U21$1              -1.450    -0.7217     1.3530     0.1169     2.3593 0.546 1.000
  U22$1              -2.440    -1.3565     1.4847     0.1484     3.3762 0.607 0.998
  U23$1              -5.000    -2.3372     5.8987     0.3007    41.8538 0.087 0.938
  U24$1              -1.700    -1.0032     1.3056     0.1212     2.1884 0.562 0.801
  U25$1              -0.710    -0.0258     1.2509     0.0975     2.0314 0.454 1.000

Categorical Latent Variables

 C2#1     ON
  C1#1                3.179     3.1217     0.5019     0.2167     0.2550 0.735 1.000
  C1#2                1.100     1.0410     0.4408     0.2856     0.1976 0.858 0.821

 C2#2     ON
  C1#1                1.100     1.0460     0.4250     0.2617     0.1834 0.774 0.931
  C1#2                1.793     1.9595     0.5203     0.2666     0.2981 0.858 1.000

 Means
  C1#1                1.897     1.4220     0.7754     0.0863     0.8264 0.560 1.000
  C1#2                1.099     0.3319     0.9204     0.0920     1.4347 0.175 1.000
  C2#1               -1.100    -1.0797     0.3687     0.1707     0.1363 0.677 0.999
  C2#2               -1.100    -1.0531     0.3968     0.1898     0.1595 0.641 0.999

New/Additional Parameters
  TRANS11             0.800     0.7862     0.0891     0.0132     0.0081 0.637 1.000
  TRANS12             0.100     0.1064     0.0448     0.0128     0.0020 0.800 1.000
  TRANS13             0.100     0.1074     0.0471     0.0110     0.0023 0.788 1.000
  TRANS21             0.250     0.2191     0.0518     0.0255     0.0036 0.705 1.000
  TRANS22             0.500     0.5519     0.0989     0.0290     0.0125 0.578 1.000
  TRANS23             0.250     0.2290     0.0564     0.0250     0.0036 0.758 1.000


QUALITY OF NUMERICAL RESULTS

     Average Condition Number for the Information Matrix      0.641E-03
       (ratio of smallest to largest eigenvalue)


C-SPECIFIC CLASSIFICATION RESULTS

Classification Quality for C1

     Entropy                         0.734

Average Latent Class Probabilities for Most Likely Latent Class Membership (Row)
by Latent Class (Column)

           1        2        3

    1   0.903    0.064    0.032
    2   0.076    0.830    0.094
    3   0.046    0.115    0.839

Classification Quality for C2

     Entropy                         0.740

Average Latent Class Probabilities for Most Likely Latent Class Membership (Row)
by Latent Class (Column)

           1        2        3

    1   0.907    0.059    0.034
    2   0.081    0.816    0.103
    3   0.046    0.098    0.856


TECHNICAL 1 OUTPUT


     PARAMETER SPECIFICATION FOR LATENT CLASS PATTERN 1 1


           NU
              U11           U12           U13           U14           U15
              ________      ________      ________      ________      ________
                    0             0             0             0             0


           NU
              U21           U22           U23           U24           U25
              ________      ________      ________      ________      ________
                    0             0             0             0             0


           THETA
              U11           U12           U13           U14           U15
              ________      ________      ________      ________      ________
 U11                0
 U12                0             0
 U13                0             0             0
 U14                0             0             0             0
 U15                0             0             0             0             0
 U21                0             0             0             0             0
 U22                0             0             0             0             0
 U23                0             0             0             0             0
 U24                0             0             0             0             0
 U25                0             0             0             0             0


           THETA
              U21           U22           U23           U24           U25
              ________      ________      ________      ________      ________
 U21                0
 U22                0             0
 U23                0             0             0
 U24                0             0             0             0
 U25                0             0             0             0             0


     PARAMETER SPECIFICATION FOR LATENT CLASS PATTERN 1 2


           NU
              U11           U12           U13           U14           U15
              ________      ________      ________      ________      ________
                    0             0             0             0             0


           NU
              U21           U22           U23           U24           U25
              ________      ________      ________      ________      ________
                    0             0             0             0             0


           THETA
              U11           U12           U13           U14           U15
              ________      ________      ________      ________      ________
 U11                0
 U12                0             0
 U13                0             0             0
 U14                0             0             0             0
 U15                0             0             0             0             0
 U21                0             0             0             0             0
 U22                0             0             0             0             0
 U23                0             0             0             0             0
 U24                0             0             0             0             0
 U25                0             0             0             0             0


           THETA
              U21           U22           U23           U24           U25
              ________      ________      ________      ________      ________
 U21                0
 U22                0             0
 U23                0             0             0
 U24                0             0             0             0
 U25                0             0             0             0             0


     PARAMETER SPECIFICATION FOR LATENT CLASS PATTERN 1 3


           NU
              U11           U12           U13           U14           U15
              ________      ________      ________      ________      ________
                    0             0             0             0             0


           NU
              U21           U22           U23           U24           U25
              ________      ________      ________      ________      ________
                    0             0             0             0             0


           THETA
              U11           U12           U13           U14           U15
              ________      ________      ________      ________      ________
 U11                0
 U12                0             0
 U13                0             0             0
 U14                0             0             0             0
 U15                0             0             0             0             0
 U21                0             0             0             0             0
 U22                0             0             0             0             0
 U23                0             0             0             0             0
 U24                0             0             0             0             0
 U25                0             0             0             0             0


           THETA
              U21           U22           U23           U24           U25
              ________      ________      ________      ________      ________
 U21                0
 U22                0             0
 U23                0             0             0
 U24                0             0             0             0
 U25                0             0             0             0             0


     PARAMETER SPECIFICATION FOR LATENT CLASS PATTERN 2 1


           NU
              U11           U12           U13           U14           U15
              ________      ________      ________      ________      ________
                    0             0             0             0             0


           NU
              U21           U22           U23           U24           U25
              ________      ________      ________      ________      ________
                    0             0             0             0             0


           THETA
              U11           U12           U13           U14           U15
              ________      ________      ________      ________      ________
 U11                0
 U12                0             0
 U13                0             0             0
 U14                0             0             0             0
 U15                0             0             0             0             0
 U21                0             0             0             0             0
 U22                0             0             0             0             0
 U23                0             0             0             0             0
 U24                0             0             0             0             0
 U25                0             0             0             0             0


           THETA
              U21           U22           U23           U24           U25
              ________      ________      ________      ________      ________
 U21                0
 U22                0             0
 U23                0             0             0
 U24                0             0             0             0
 U25                0             0             0             0             0


     PARAMETER SPECIFICATION FOR LATENT CLASS PATTERN 2 2


           NU
              U11           U12           U13           U14           U15
              ________      ________      ________      ________      ________
                    0             0             0             0             0


           NU
              U21           U22           U23           U24           U25
              ________      ________      ________      ________      ________
                    0             0             0             0             0


           THETA
              U11           U12           U13           U14           U15
              ________      ________      ________      ________      ________
 U11                0
 U12                0             0
 U13                0             0             0
 U14                0             0             0             0
 U15                0             0             0             0             0
 U21                0             0             0             0             0
 U22                0             0             0             0             0
 U23                0             0             0             0             0
 U24                0             0             0             0             0
 U25                0             0             0             0             0


           THETA
              U21           U22           U23           U24           U25
              ________      ________      ________      ________      ________
 U21                0
 U22                0             0
 U23                0             0             0
 U24                0             0             0             0
 U25                0             0             0             0             0


     PARAMETER SPECIFICATION FOR LATENT CLASS PATTERN 2 3


           NU
              U11           U12           U13           U14           U15
              ________      ________      ________      ________      ________
                    0             0             0             0             0


           NU
              U21           U22           U23           U24           U25
              ________      ________      ________      ________      ________
                    0             0             0             0             0


           THETA
              U11           U12           U13           U14           U15
              ________      ________      ________      ________      ________
 U11                0
 U12                0             0
 U13                0             0             0
 U14                0             0             0             0
 U15                0             0             0             0             0
 U21                0             0             0             0             0
 U22                0             0             0             0             0
 U23                0             0             0             0             0
 U24                0             0             0             0             0
 U25                0             0             0             0             0


           THETA
              U21           U22           U23           U24           U25
              ________      ________      ________      ________      ________
 U21                0
 U22                0             0
 U23                0             0             0
 U24                0             0             0             0
 U25                0             0             0             0             0


     PARAMETER SPECIFICATION FOR LATENT CLASS PATTERN 3 1


           NU
              U11           U12           U13           U14           U15
              ________      ________      ________      ________      ________
                    0             0             0             0             0


           NU
              U21           U22           U23           U24           U25
              ________      ________      ________      ________      ________
                    0             0             0             0             0


           THETA
              U11           U12           U13           U14           U15
              ________      ________      ________      ________      ________
 U11                0
 U12                0             0
 U13                0             0             0
 U14                0             0             0             0
 U15                0             0             0             0             0
 U21                0             0             0             0             0
 U22                0             0             0             0             0
 U23                0             0             0             0             0
 U24                0             0             0             0             0
 U25                0             0             0             0             0


           THETA
              U21           U22           U23           U24           U25
              ________      ________      ________      ________      ________
 U21                0
 U22                0             0
 U23                0             0             0
 U24                0             0             0             0
 U25                0             0             0             0             0


     PARAMETER SPECIFICATION FOR LATENT CLASS PATTERN 3 2


           NU
              U11           U12           U13           U14           U15
              ________      ________      ________      ________      ________
                    0             0             0             0             0


           NU
              U21           U22           U23           U24           U25
              ________      ________      ________      ________      ________
                    0             0             0             0             0


           THETA
              U11           U12           U13           U14           U15
              ________      ________      ________      ________      ________
 U11                0
 U12                0             0
 U13                0             0             0
 U14                0             0             0             0
 U15                0             0             0             0             0
 U21                0             0             0             0             0
 U22                0             0             0             0             0
 U23                0             0             0             0             0
 U24                0             0             0             0             0
 U25                0             0             0             0             0


           THETA
              U21           U22           U23           U24           U25
              ________      ________      ________      ________      ________
 U21                0
 U22                0             0
 U23                0             0             0
 U24                0             0             0             0
 U25                0             0             0             0             0


     PARAMETER SPECIFICATION FOR LATENT CLASS PATTERN 3 3


           NU
              U11           U12           U13           U14           U15
              ________      ________      ________      ________      ________
                    0             0             0             0             0


           NU
              U21           U22           U23           U24           U25
              ________      ________      ________      ________      ________
                    0             0             0             0             0


           THETA
              U11           U12           U13           U14           U15
              ________      ________      ________      ________      ________
 U11                0
 U12                0             0
 U13                0             0             0
 U14                0             0             0             0
 U15                0             0             0             0             0
 U21                0             0             0             0             0
 U22                0             0             0             0             0
 U23                0             0             0             0             0
 U24                0             0             0             0             0
 U25                0             0             0             0             0


           THETA
              U21           U22           U23           U24           U25
              ________      ________      ________      ________      ________
 U21                0
 U22                0             0
 U23                0             0             0
 U24                0             0             0             0
 U25                0             0             0             0             0


     PARAMETER SPECIFICATION FOR LATENT CLASS INDICATOR MODEL PART


           TAU(U) FOR LATENT CLASS PATTERN 1 1
              U11$1         U12$1         U13$1         U14$1         U15$1
              ________      ________      ________      ________      ________
                    1             2             3             4             5


           TAU(U) FOR LATENT CLASS PATTERN 1 1
              U21$1         U22$1         U23$1         U24$1         U25$1
              ________      ________      ________      ________      ________
                    1             2             3             4             5


           TAU(U) FOR LATENT CLASS PATTERN 1 2
              U11$1         U12$1         U13$1         U14$1         U15$1
              ________      ________      ________      ________      ________
                    1             2             3             4             5


           TAU(U) FOR LATENT CLASS PATTERN 1 2
              U21$1         U22$1         U23$1         U24$1         U25$1
              ________      ________      ________      ________      ________
                    6             7             8             9            10


           TAU(U) FOR LATENT CLASS PATTERN 1 3
              U11$1         U12$1         U13$1         U14$1         U15$1
              ________      ________      ________      ________      ________
                    1             2             3             4             5


           TAU(U) FOR LATENT CLASS PATTERN 1 3
              U21$1         U22$1         U23$1         U24$1         U25$1
              ________      ________      ________      ________      ________
                   11            12            13            14            15


           TAU(U) FOR LATENT CLASS PATTERN 2 1
              U11$1         U12$1         U13$1         U14$1         U15$1
              ________      ________      ________      ________      ________
                    6             7             8             9            10


           TAU(U) FOR LATENT CLASS PATTERN 2 1
              U21$1         U22$1         U23$1         U24$1         U25$1
              ________      ________      ________      ________      ________
                    1             2             3             4             5


           TAU(U) FOR LATENT CLASS PATTERN 2 2
              U11$1         U12$1         U13$1         U14$1         U15$1
              ________      ________      ________      ________      ________
                    6             7             8             9            10


           TAU(U) FOR LATENT CLASS PATTERN 2 2
              U21$1         U22$1         U23$1         U24$1         U25$1
              ________      ________      ________      ________      ________
                    6             7             8             9            10


           TAU(U) FOR LATENT CLASS PATTERN 2 3
              U11$1         U12$1         U13$1         U14$1         U15$1
              ________      ________      ________      ________      ________
                    6             7             8             9            10


           TAU(U) FOR LATENT CLASS PATTERN 2 3
              U21$1         U22$1         U23$1         U24$1         U25$1
              ________      ________      ________      ________      ________
                   11            12            13            14            15


           TAU(U) FOR LATENT CLASS PATTERN 3 1
              U11$1         U12$1         U13$1         U14$1         U15$1
              ________      ________      ________      ________      ________
                   11            12            13            14            15


           TAU(U) FOR LATENT CLASS PATTERN 3 1
              U21$1         U22$1         U23$1         U24$1         U25$1
              ________      ________      ________      ________      ________
                    1             2             3             4             5


           TAU(U) FOR LATENT CLASS PATTERN 3 2
              U11$1         U12$1         U13$1         U14$1         U15$1
              ________      ________      ________      ________      ________
                   11            12            13            14            15


           TAU(U) FOR LATENT CLASS PATTERN 3 2
              U21$1         U22$1         U23$1         U24$1         U25$1
              ________      ________      ________      ________      ________
                    6             7             8             9            10


           TAU(U) FOR LATENT CLASS PATTERN 3 3
              U11$1         U12$1         U13$1         U14$1         U15$1
              ________      ________      ________      ________      ________
                   11            12            13            14            15


           TAU(U) FOR LATENT CLASS PATTERN 3 3
              U21$1         U22$1         U23$1         U24$1         U25$1
              ________      ________      ________      ________      ________
                   11            12            13            14            15


     PARAMETER SPECIFICATION FOR LATENT CLASS REGRESSION MODEL PART


           ALPHA(C)
              C1#1          C1#2          C1#3          C2#1          C2#2
              ________      ________      ________      ________      ________
                   16            17             0            18            19


           ALPHA(C)
              C2#3
              ________
                    0


           BETA(C)
              C1#1          C1#2          C1#3
              ________      ________      ________
 C2#1              20            22             0
 C2#2              21            23             0
 C2#3               0             0             0


     PARAMETER SPECIFICATION FOR THE ADDITIONAL PARAMETERS


           NEW/ADDITIONAL PARAMETERS
              TRANS11       TRANS12       TRANS13       TRANS21       TRANS22
              ________      ________      ________      ________      ________
                   24            25            26            27            28


           NEW/ADDITIONAL PARAMETERS
              TRANS23
              ________
                   29


     STARTING VALUES FOR LATENT CLASS PATTERN 1 1


           NU
              U11           U12           U13           U14           U15
              ________      ________      ________      ________      ________
                0.000         0.000         0.000         0.000         0.000


           NU
              U21           U22           U23           U24           U25
              ________      ________      ________      ________      ________
                0.000         0.000         0.000         0.000         0.000


           THETA
              U11           U12           U13           U14           U15
              ________      ________      ________      ________      ________
 U11            1.000
 U12            0.000         1.000
 U13            0.000         0.000         1.000
 U14            0.000         0.000         0.000         1.000
 U15            0.000         0.000         0.000         0.000         1.000
 U21            0.000         0.000         0.000         0.000         0.000
 U22            0.000         0.000         0.000         0.000         0.000
 U23            0.000         0.000         0.000         0.000         0.000
 U24            0.000         0.000         0.000         0.000         0.000
 U25            0.000         0.000         0.000         0.000         0.000


           THETA
              U21           U22           U23           U24           U25
              ________      ________      ________      ________      ________
 U21            1.000
 U22            0.000         1.000
 U23            0.000         0.000         1.000
 U24            0.000         0.000         0.000         1.000
 U25            0.000         0.000         0.000         0.000         1.000


     STARTING VALUES FOR LATENT CLASS PATTERN 1 2


           NU
              U11           U12           U13           U14           U15
              ________      ________      ________      ________      ________
                0.000         0.000         0.000         0.000         0.000


           NU
              U21           U22           U23           U24           U25
              ________      ________      ________      ________      ________
                0.000         0.000         0.000         0.000         0.000


           THETA
              U11           U12           U13           U14           U15
              ________      ________      ________      ________      ________
 U11            1.000
 U12            0.000         1.000
 U13            0.000         0.000         1.000
 U14            0.000         0.000         0.000         1.000
 U15            0.000         0.000         0.000         0.000         1.000
 U21            0.000         0.000         0.000         0.000         0.000
 U22            0.000         0.000         0.000         0.000         0.000
 U23            0.000         0.000         0.000         0.000         0.000
 U24            0.000         0.000         0.000         0.000         0.000
 U25            0.000         0.000         0.000         0.000         0.000


           THETA
              U21           U22           U23           U24           U25
              ________      ________      ________      ________      ________
 U21            1.000
 U22            0.000         1.000
 U23            0.000         0.000         1.000
 U24            0.000         0.000         0.000         1.000
 U25            0.000         0.000         0.000         0.000         1.000


     STARTING VALUES FOR LATENT CLASS PATTERN 1 3


           NU
              U11           U12           U13           U14           U15
              ________      ________      ________      ________      ________
                0.000         0.000         0.000         0.000         0.000


           NU
              U21           U22           U23           U24           U25
              ________      ________      ________      ________      ________
                0.000         0.000         0.000         0.000         0.000


           THETA
              U11           U12           U13           U14           U15
              ________      ________      ________      ________      ________
 U11            1.000
 U12            0.000         1.000
 U13            0.000         0.000         1.000
 U14            0.000         0.000         0.000         1.000
 U15            0.000         0.000         0.000         0.000         1.000
 U21            0.000         0.000         0.000         0.000         0.000
 U22            0.000         0.000         0.000         0.000         0.000
 U23            0.000         0.000         0.000         0.000         0.000
 U24            0.000         0.000         0.000         0.000         0.000
 U25            0.000         0.000         0.000         0.000         0.000


           THETA
              U21           U22           U23           U24           U25
              ________      ________      ________      ________      ________
 U21            1.000
 U22            0.000         1.000
 U23            0.000         0.000         1.000
 U24            0.000         0.000         0.000         1.000
 U25            0.000         0.000         0.000         0.000         1.000


     STARTING VALUES FOR LATENT CLASS PATTERN 2 1


           NU
              U11           U12           U13           U14           U15
              ________      ________      ________      ________      ________
                0.000         0.000         0.000         0.000         0.000


           NU
              U21           U22           U23           U24           U25
              ________      ________      ________      ________      ________
                0.000         0.000         0.000         0.000         0.000


           THETA
              U11           U12           U13           U14           U15
              ________      ________      ________      ________      ________
 U11            1.000
 U12            0.000         1.000
 U13            0.000         0.000         1.000
 U14            0.000         0.000         0.000         1.000
 U15            0.000         0.000         0.000         0.000         1.000
 U21            0.000         0.000         0.000         0.000         0.000
 U22            0.000         0.000         0.000         0.000         0.000
 U23            0.000         0.000         0.000         0.000         0.000
 U24            0.000         0.000         0.000         0.000         0.000
 U25            0.000         0.000         0.000         0.000         0.000


           THETA
              U21           U22           U23           U24           U25
              ________      ________      ________      ________      ________
 U21            1.000
 U22            0.000         1.000
 U23            0.000         0.000         1.000
 U24            0.000         0.000         0.000         1.000
 U25            0.000         0.000         0.000         0.000         1.000


     STARTING VALUES FOR LATENT CLASS PATTERN 2 2


           NU
              U11           U12           U13           U14           U15
              ________      ________      ________      ________      ________
                0.000         0.000         0.000         0.000         0.000


           NU
              U21           U22           U23           U24           U25
              ________      ________      ________      ________      ________
                0.000         0.000         0.000         0.000         0.000


           THETA
              U11           U12           U13           U14           U15
              ________      ________      ________      ________      ________
 U11            1.000
 U12            0.000         1.000
 U13            0.000         0.000         1.000
 U14            0.000         0.000         0.000         1.000
 U15            0.000         0.000         0.000         0.000         1.000
 U21            0.000         0.000         0.000         0.000         0.000
 U22            0.000         0.000         0.000         0.000         0.000
 U23            0.000         0.000         0.000         0.000         0.000
 U24            0.000         0.000         0.000         0.000         0.000
 U25            0.000         0.000         0.000         0.000         0.000


           THETA
              U21           U22           U23           U24           U25
              ________      ________      ________      ________      ________
 U21            1.000
 U22            0.000         1.000
 U23            0.000         0.000         1.000
 U24            0.000         0.000         0.000         1.000
 U25            0.000         0.000         0.000         0.000         1.000


     STARTING VALUES FOR LATENT CLASS PATTERN 2 3


           NU
              U11           U12           U13           U14           U15
              ________      ________      ________      ________      ________
                0.000         0.000         0.000         0.000         0.000


           NU
              U21           U22           U23           U24           U25
              ________      ________      ________      ________      ________
                0.000         0.000         0.000         0.000         0.000


           THETA
              U11           U12           U13           U14           U15
              ________      ________      ________      ________      ________
 U11            1.000
 U12            0.000         1.000
 U13            0.000         0.000         1.000
 U14            0.000         0.000         0.000         1.000
 U15            0.000         0.000         0.000         0.000         1.000
 U21            0.000         0.000         0.000         0.000         0.000
 U22            0.000         0.000         0.000         0.000         0.000
 U23            0.000         0.000         0.000         0.000         0.000
 U24            0.000         0.000         0.000         0.000         0.000
 U25            0.000         0.000         0.000         0.000         0.000


           THETA
              U21           U22           U23           U24           U25
              ________      ________      ________      ________      ________
 U21            1.000
 U22            0.000         1.000
 U23            0.000         0.000         1.000
 U24            0.000         0.000         0.000         1.000
 U25            0.000         0.000         0.000         0.000         1.000


     STARTING VALUES FOR LATENT CLASS PATTERN 3 1


           NU
              U11           U12           U13           U14           U15
              ________      ________      ________      ________      ________
                0.000         0.000         0.000         0.000         0.000


           NU
              U21           U22           U23           U24           U25
              ________      ________      ________      ________      ________
                0.000         0.000         0.000         0.000         0.000


           THETA
              U11           U12           U13           U14           U15
              ________      ________      ________      ________      ________
 U11            1.000
 U12            0.000         1.000
 U13            0.000         0.000         1.000
 U14            0.000         0.000         0.000         1.000
 U15            0.000         0.000         0.000         0.000         1.000
 U21            0.000         0.000         0.000         0.000         0.000
 U22            0.000         0.000         0.000         0.000         0.000
 U23            0.000         0.000         0.000         0.000         0.000
 U24            0.000         0.000         0.000         0.000         0.000
 U25            0.000         0.000         0.000         0.000         0.000


           THETA
              U21           U22           U23           U24           U25
              ________      ________      ________      ________      ________
 U21            1.000
 U22            0.000         1.000
 U23            0.000         0.000         1.000
 U24            0.000         0.000         0.000         1.000
 U25            0.000         0.000         0.000         0.000         1.000


     STARTING VALUES FOR LATENT CLASS PATTERN 3 2


           NU
              U11           U12           U13           U14           U15
              ________      ________      ________      ________      ________
                0.000         0.000         0.000         0.000         0.000


           NU
              U21           U22           U23           U24           U25
              ________      ________      ________      ________      ________
                0.000         0.000         0.000         0.000         0.000


           THETA
              U11           U12           U13           U14           U15
              ________      ________      ________      ________      ________
 U11            1.000
 U12            0.000         1.000
 U13            0.000         0.000         1.000
 U14            0.000         0.000         0.000         1.000
 U15            0.000         0.000         0.000         0.000         1.000
 U21            0.000         0.000         0.000         0.000         0.000
 U22            0.000         0.000         0.000         0.000         0.000
 U23            0.000         0.000         0.000         0.000         0.000
 U24            0.000         0.000         0.000         0.000         0.000
 U25            0.000         0.000         0.000         0.000         0.000


           THETA
              U21           U22           U23           U24           U25
              ________      ________      ________      ________      ________
 U21            1.000
 U22            0.000         1.000
 U23            0.000         0.000         1.000
 U24            0.000         0.000         0.000         1.000
 U25            0.000         0.000         0.000         0.000         1.000


     STARTING VALUES FOR LATENT CLASS PATTERN 3 3


           NU
              U11           U12           U13           U14           U15
              ________      ________      ________      ________      ________
                0.000         0.000         0.000         0.000         0.000


           NU
              U21           U22           U23           U24           U25
              ________      ________      ________      ________      ________
                0.000         0.000         0.000         0.000         0.000


           THETA
              U11           U12           U13           U14           U15
              ________      ________      ________      ________      ________
 U11            1.000
 U12            0.000         1.000
 U13            0.000         0.000         1.000
 U14            0.000         0.000         0.000         1.000
 U15            0.000         0.000         0.000         0.000         1.000
 U21            0.000         0.000         0.000         0.000         0.000
 U22            0.000         0.000         0.000         0.000         0.000
 U23            0.000         0.000         0.000         0.000         0.000
 U24            0.000         0.000         0.000         0.000         0.000
 U25            0.000         0.000         0.000         0.000         0.000


           THETA
              U21           U22           U23           U24           U25
              ________      ________      ________      ________      ________
 U21            1.000
 U22            0.000         1.000
 U23            0.000         0.000         1.000
 U24            0.000         0.000         0.000         1.000
 U25            0.000         0.000         0.000         0.000         1.000


     STARTING VALUES FOR LATENT CLASS INDICATOR MODEL PART


           TAU(U) FOR LATENT CLASS PATTERN 1 1
              U11$1         U12$1         U13$1         U14$1         U15$1
              ________      ________      ________      ________      ________
                5.000         2.380         1.385         4.590         4.590


           TAU(U) FOR LATENT CLASS PATTERN 1 1
              U21$1         U22$1         U23$1         U24$1         U25$1
              ________      ________      ________      ________      ________
                5.000         2.380         1.385         4.590         4.590


           TAU(U) FOR LATENT CLASS PATTERN 1 2
              U11$1         U12$1         U13$1         U14$1         U15$1
              ________      ________      ________      ________      ________
                5.000         2.380         1.385         4.590         4.590


           TAU(U) FOR LATENT CLASS PATTERN 1 2
              U21$1         U22$1         U23$1         U24$1         U25$1
              ________      ________      ________      ________      ________
                0.620         0.810         0.820         0.280         1.390


           TAU(U) FOR LATENT CLASS PATTERN 1 3
              U11$1         U12$1         U13$1         U14$1         U15$1
              ________      ________      ________      ________      ________
                5.000         2.380         1.385         4.590         4.590


           TAU(U) FOR LATENT CLASS PATTERN 1 3
              U21$1         U22$1         U23$1         U24$1         U25$1
              ________      ________      ________      ________      ________
               -1.450        -2.440        -5.000        -1.700        -0.710


           TAU(U) FOR LATENT CLASS PATTERN 2 1
              U11$1         U12$1         U13$1         U14$1         U15$1
              ________      ________      ________      ________      ________
                0.620         0.810         0.820         0.280         1.390


           TAU(U) FOR LATENT CLASS PATTERN 2 1
              U21$1         U22$1         U23$1         U24$1         U25$1
              ________      ________      ________      ________      ________
                5.000         2.380         1.385         4.590         4.590


           TAU(U) FOR LATENT CLASS PATTERN 2 2
              U11$1         U12$1         U13$1         U14$1         U15$1
              ________      ________      ________      ________      ________
                0.620         0.810         0.820         0.280         1.390


           TAU(U) FOR LATENT CLASS PATTERN 2 2
              U21$1         U22$1         U23$1         U24$1         U25$1
              ________      ________      ________      ________      ________
                0.620         0.810         0.820         0.280         1.390


           TAU(U) FOR LATENT CLASS PATTERN 2 3
              U11$1         U12$1         U13$1         U14$1         U15$1
              ________      ________      ________      ________      ________
                0.620         0.810         0.820         0.280         1.390


           TAU(U) FOR LATENT CLASS PATTERN 2 3
              U21$1         U22$1         U23$1         U24$1         U25$1
              ________      ________      ________      ________      ________
               -1.450        -2.440        -5.000        -1.700        -0.710


           TAU(U) FOR LATENT CLASS PATTERN 3 1
              U11$1         U12$1         U13$1         U14$1         U15$1
              ________      ________      ________      ________      ________
               -1.450        -2.440        -5.000        -1.700        -0.710


           TAU(U) FOR LATENT CLASS PATTERN 3 1
              U21$1         U22$1         U23$1         U24$1         U25$1
              ________      ________      ________      ________      ________
                5.000         2.380         1.385         4.590         4.590


           TAU(U) FOR LATENT CLASS PATTERN 3 2
              U11$1         U12$1         U13$1         U14$1         U15$1
              ________      ________      ________      ________      ________
               -1.450        -2.440        -5.000        -1.700        -0.710


           TAU(U) FOR LATENT CLASS PATTERN 3 2
              U21$1         U22$1         U23$1         U24$1         U25$1
              ________      ________      ________      ________      ________
                0.620         0.810         0.820         0.280         1.390


           TAU(U) FOR LATENT CLASS PATTERN 3 3
              U11$1         U12$1         U13$1         U14$1         U15$1
              ________      ________      ________      ________      ________
               -1.450        -2.440        -5.000        -1.700        -0.710


           TAU(U) FOR LATENT CLASS PATTERN 3 3
              U21$1         U22$1         U23$1         U24$1         U25$1
              ________      ________      ________      ________      ________
               -1.450        -2.440        -5.000        -1.700        -0.710


     STARTING VALUES FOR LATENT CLASS REGRESSION MODEL PART


           ALPHA(C)
              C1#1          C1#2          C1#3          C2#1          C2#2
              ________      ________      ________      ________      ________
                1.897         1.099         0.000        -1.100        -1.100


           ALPHA(C)
              C2#3
              ________
                0.000


           BETA(C)
              C1#1          C1#2          C1#3
              ________      ________      ________
 C2#1           3.179         1.100         0.000
 C2#2           1.100         1.793         0.000
 C2#3           0.000         0.000         0.000


     STARTING VALUES FOR THE ADDITIONAL PARAMETERS


           NEW/ADDITIONAL PARAMETERS
              TRANS11       TRANS12       TRANS13       TRANS21       TRANS22
              ________      ________      ________      ________      ________
                0.800         0.100         0.100         0.250         0.500


           NEW/ADDITIONAL PARAMETERS
              TRANS23
              ________
                0.250


     POPULATION VALUES FOR LATENT CLASS PATTERN 1 1


           NU
              U11           U12           U13           U14           U15
              ________      ________      ________      ________      ________
                0.000         0.000         0.000         0.000         0.000


           NU
              U21           U22           U23           U24           U25
              ________      ________      ________      ________      ________
                0.000         0.000         0.000         0.000         0.000


           LAMBDA
              F
              ________
 U11            0.900
 U12            0.900
 U13            0.900
 U14            0.900
 U15            0.900
 U21            0.900
 U22            0.900
 U23            0.900
 U24            0.900
 U25            0.900


           THETA
              U11           U12           U13           U14           U15
              ________      ________      ________      ________      ________
 U11            0.000
 U12            0.000         0.000
 U13            0.000         0.000         0.000
 U14            0.000         0.000         0.000         0.000
 U15            0.000         0.000         0.000         0.000         0.000
 U21            0.000         0.000         0.000         0.000         0.000
 U22            0.000         0.000         0.000         0.000         0.000
 U23            0.000         0.000         0.000         0.000         0.000
 U24            0.000         0.000         0.000         0.000         0.000
 U25            0.000         0.000         0.000         0.000         0.000


           THETA
              U21           U22           U23           U24           U25
              ________      ________      ________      ________      ________
 U21            0.000
 U22            0.000         0.000
 U23            0.000         0.000         0.000
 U24            0.000         0.000         0.000         0.000
 U25            0.000         0.000         0.000         0.000         0.000


           ALPHA
              F
              ________
                0.000


           BETA
              F
              ________
 F              0.000


           PSI
              F
              ________
 F              1.000


     POPULATION VALUES FOR LATENT CLASS PATTERN 1 2


           NU
              U11           U12           U13           U14           U15
              ________      ________      ________      ________      ________
                0.000         0.000         0.000         0.000         0.000


           NU
              U21           U22           U23           U24           U25
              ________      ________      ________      ________      ________
                0.000         0.000         0.000         0.000         0.000


           LAMBDA
              F
              ________
 U11            0.900
 U12            0.900
 U13            0.900
 U14            0.900
 U15            0.900
 U21            0.900
 U22            0.900
 U23            0.900
 U24            0.900
 U25            0.900


           THETA
              U11           U12           U13           U14           U15
              ________      ________      ________      ________      ________
 U11            0.000
 U12            0.000         0.000
 U13            0.000         0.000         0.000
 U14            0.000         0.000         0.000         0.000
 U15            0.000         0.000         0.000         0.000         0.000
 U21            0.000         0.000         0.000         0.000         0.000
 U22            0.000         0.000         0.000         0.000         0.000
 U23            0.000         0.000         0.000         0.000         0.000
 U24            0.000         0.000         0.000         0.000         0.000
 U25            0.000         0.000         0.000         0.000         0.000


           THETA
              U21           U22           U23           U24           U25
              ________      ________      ________      ________      ________
 U21            0.000
 U22            0.000         0.000
 U23            0.000         0.000         0.000
 U24            0.000         0.000         0.000         0.000
 U25            0.000         0.000         0.000         0.000         0.000


           ALPHA
              F
              ________
                0.000


           BETA
              F
              ________
 F              0.000


           PSI
              F
              ________
 F              1.000


     POPULATION VALUES FOR LATENT CLASS PATTERN 1 3


           NU
              U11           U12           U13           U14           U15
              ________      ________      ________      ________      ________
                0.000         0.000         0.000         0.000         0.000


           NU
              U21           U22           U23           U24           U25
              ________      ________      ________      ________      ________
                0.000         0.000         0.000         0.000         0.000


           LAMBDA
              F
              ________
 U11            0.900
 U12            0.900
 U13            0.900
 U14            0.900
 U15            0.900
 U21            0.900
 U22            0.900
 U23            0.900
 U24            0.900
 U25            0.900


           THETA
              U11           U12           U13           U14           U15
              ________      ________      ________      ________      ________
 U11            0.000
 U12            0.000         0.000
 U13            0.000         0.000         0.000
 U14            0.000         0.000         0.000         0.000
 U15            0.000         0.000         0.000         0.000         0.000
 U21            0.000         0.000         0.000         0.000         0.000
 U22            0.000         0.000         0.000         0.000         0.000
 U23            0.000         0.000         0.000         0.000         0.000
 U24            0.000         0.000         0.000         0.000         0.000
 U25            0.000         0.000         0.000         0.000         0.000


           THETA
              U21           U22           U23           U24           U25
              ________      ________      ________      ________      ________
 U21            0.000
 U22            0.000         0.000
 U23            0.000         0.000         0.000
 U24            0.000         0.000         0.000         0.000
 U25            0.000         0.000         0.000         0.000         0.000


           ALPHA
              F
              ________
                0.000


           BETA
              F
              ________
 F              0.000


           PSI
              F
              ________
 F              1.000


     POPULATION VALUES FOR LATENT CLASS PATTERN 2 1


           NU
              U11           U12           U13           U14           U15
              ________      ________      ________      ________      ________
                0.000         0.000         0.000         0.000         0.000


           NU
              U21           U22           U23           U24           U25
              ________      ________      ________      ________      ________
                0.000         0.000         0.000         0.000         0.000


           LAMBDA
              F
              ________
 U11            0.900
 U12            0.900
 U13            0.900
 U14            0.900
 U15            0.900
 U21            0.900
 U22            0.900
 U23            0.900
 U24            0.900
 U25            0.900


           THETA
              U11           U12           U13           U14           U15
              ________      ________      ________      ________      ________
 U11            0.000
 U12            0.000         0.000
 U13            0.000         0.000         0.000
 U14            0.000         0.000         0.000         0.000
 U15            0.000         0.000         0.000         0.000         0.000
 U21            0.000         0.000         0.000         0.000         0.000
 U22            0.000         0.000         0.000         0.000         0.000
 U23            0.000         0.000         0.000         0.000         0.000
 U24            0.000         0.000         0.000         0.000         0.000
 U25            0.000         0.000         0.000         0.000         0.000


           THETA
              U21           U22           U23           U24           U25
              ________      ________      ________      ________      ________
 U21            0.000
 U22            0.000         0.000
 U23            0.000         0.000         0.000
 U24            0.000         0.000         0.000         0.000
 U25            0.000         0.000         0.000         0.000         0.000


           ALPHA
              F
              ________
                0.000


           BETA
              F
              ________
 F              0.000


           PSI
              F
              ________
 F              1.000


     POPULATION VALUES FOR LATENT CLASS PATTERN 2 2


           NU
              U11           U12           U13           U14           U15
              ________      ________      ________      ________      ________
                0.000         0.000         0.000         0.000         0.000


           NU
              U21           U22           U23           U24           U25
              ________      ________      ________      ________      ________
                0.000         0.000         0.000         0.000         0.000


           LAMBDA
              F
              ________
 U11            0.900
 U12            0.900
 U13            0.900
 U14            0.900
 U15            0.900
 U21            0.900
 U22            0.900
 U23            0.900
 U24            0.900
 U25            0.900


           THETA
              U11           U12           U13           U14           U15
              ________      ________      ________      ________      ________
 U11            0.000
 U12            0.000         0.000
 U13            0.000         0.000         0.000
 U14            0.000         0.000         0.000         0.000
 U15            0.000         0.000         0.000         0.000         0.000
 U21            0.000         0.000         0.000         0.000         0.000
 U22            0.000         0.000         0.000         0.000         0.000
 U23            0.000         0.000         0.000         0.000         0.000
 U24            0.000         0.000         0.000         0.000         0.000
 U25            0.000         0.000         0.000         0.000         0.000


           THETA
              U21           U22           U23           U24           U25
              ________      ________      ________      ________      ________
 U21            0.000
 U22            0.000         0.000
 U23            0.000         0.000         0.000
 U24            0.000         0.000         0.000         0.000
 U25            0.000         0.000         0.000         0.000         0.000


           ALPHA
              F
              ________
                0.000


           BETA
              F
              ________
 F              0.000


           PSI
              F
              ________
 F              1.000


     POPULATION VALUES FOR LATENT CLASS PATTERN 2 3


           NU
              U11           U12           U13           U14           U15
              ________      ________      ________      ________      ________
                0.000         0.000         0.000         0.000         0.000


           NU
              U21           U22           U23           U24           U25
              ________      ________      ________      ________      ________
                0.000         0.000         0.000         0.000         0.000


           LAMBDA
              F
              ________
 U11            0.900
 U12            0.900
 U13            0.900
 U14            0.900
 U15            0.900
 U21            0.900
 U22            0.900
 U23            0.900
 U24            0.900
 U25            0.900


           THETA
              U11           U12           U13           U14           U15
              ________      ________      ________      ________      ________
 U11            0.000
 U12            0.000         0.000
 U13            0.000         0.000         0.000
 U14            0.000         0.000         0.000         0.000
 U15            0.000         0.000         0.000         0.000         0.000
 U21            0.000         0.000         0.000         0.000         0.000
 U22            0.000         0.000         0.000         0.000         0.000
 U23            0.000         0.000         0.000         0.000         0.000
 U24            0.000         0.000         0.000         0.000         0.000
 U25            0.000         0.000         0.000         0.000         0.000


           THETA
              U21           U22           U23           U24           U25
              ________      ________      ________      ________      ________
 U21            0.000
 U22            0.000         0.000
 U23            0.000         0.000         0.000
 U24            0.000         0.000         0.000         0.000
 U25            0.000         0.000         0.000         0.000         0.000


           ALPHA
              F
              ________
                0.000


           BETA
              F
              ________
 F              0.000


           PSI
              F
              ________
 F              1.000


     POPULATION VALUES FOR LATENT CLASS PATTERN 3 1


           NU
              U11           U12           U13           U14           U15
              ________      ________      ________      ________      ________
                0.000         0.000         0.000         0.000         0.000


           NU
              U21           U22           U23           U24           U25
              ________      ________      ________      ________      ________
                0.000         0.000         0.000         0.000         0.000


           LAMBDA
              F
              ________
 U11            0.900
 U12            0.900
 U13            0.900
 U14            0.900
 U15            0.900
 U21            0.900
 U22            0.900
 U23            0.900
 U24            0.900
 U25            0.900


           THETA
              U11           U12           U13           U14           U15
              ________      ________      ________      ________      ________
 U11            0.000
 U12            0.000         0.000
 U13            0.000         0.000         0.000
 U14            0.000         0.000         0.000         0.000
 U15            0.000         0.000         0.000         0.000         0.000
 U21            0.000         0.000         0.000         0.000         0.000
 U22            0.000         0.000         0.000         0.000         0.000
 U23            0.000         0.000         0.000         0.000         0.000
 U24            0.000         0.000         0.000         0.000         0.000
 U25            0.000         0.000         0.000         0.000         0.000


           THETA
              U21           U22           U23           U24           U25
              ________      ________      ________      ________      ________
 U21            0.000
 U22            0.000         0.000
 U23            0.000         0.000         0.000
 U24            0.000         0.000         0.000         0.000
 U25            0.000         0.000         0.000         0.000         0.000


           ALPHA
              F
              ________
                0.000


           BETA
              F
              ________
 F              0.000


           PSI
              F
              ________
 F              1.000


     POPULATION VALUES FOR LATENT CLASS PATTERN 3 2


           NU
              U11           U12           U13           U14           U15
              ________      ________      ________      ________      ________
                0.000         0.000         0.000         0.000         0.000


           NU
              U21           U22           U23           U24           U25
              ________      ________      ________      ________      ________
                0.000         0.000         0.000         0.000         0.000


           LAMBDA
              F
              ________
 U11            0.900
 U12            0.900
 U13            0.900
 U14            0.900
 U15            0.900
 U21            0.900
 U22            0.900
 U23            0.900
 U24            0.900
 U25            0.900


           THETA
              U11           U12           U13           U14           U15
              ________      ________      ________      ________      ________
 U11            0.000
 U12            0.000         0.000
 U13            0.000         0.000         0.000
 U14            0.000         0.000         0.000         0.000
 U15            0.000         0.000         0.000         0.000         0.000
 U21            0.000         0.000         0.000         0.000         0.000
 U22            0.000         0.000         0.000         0.000         0.000
 U23            0.000         0.000         0.000         0.000         0.000
 U24            0.000         0.000         0.000         0.000         0.000
 U25            0.000         0.000         0.000         0.000         0.000


           THETA
              U21           U22           U23           U24           U25
              ________      ________      ________      ________      ________
 U21            0.000
 U22            0.000         0.000
 U23            0.000         0.000         0.000
 U24            0.000         0.000         0.000         0.000
 U25            0.000         0.000         0.000         0.000         0.000


           ALPHA
              F
              ________
                0.000


           BETA
              F
              ________
 F              0.000


           PSI
              F
              ________
 F              1.000


     POPULATION VALUES FOR LATENT CLASS PATTERN 3 3


           NU
              U11           U12           U13           U14           U15
              ________      ________      ________      ________      ________
                0.000         0.000         0.000         0.000         0.000


           NU
              U21           U22           U23           U24           U25
              ________      ________      ________      ________      ________
                0.000         0.000         0.000         0.000         0.000


           LAMBDA
              F
              ________
 U11            0.900
 U12            0.900
 U13            0.900
 U14            0.900
 U15            0.900
 U21            0.900
 U22            0.900
 U23            0.900
 U24            0.900
 U25            0.900


           THETA
              U11           U12           U13           U14           U15
              ________      ________      ________      ________      ________
 U11            0.000
 U12            0.000         0.000
 U13            0.000         0.000         0.000
 U14            0.000         0.000         0.000         0.000
 U15            0.000         0.000         0.000         0.000         0.000
 U21            0.000         0.000         0.000         0.000         0.000
 U22            0.000         0.000         0.000         0.000         0.000
 U23            0.000         0.000         0.000         0.000         0.000
 U24            0.000         0.000         0.000         0.000         0.000
 U25            0.000         0.000         0.000         0.000         0.000


           THETA
              U21           U22           U23           U24           U25
              ________      ________      ________      ________      ________
 U21            0.000
 U22            0.000         0.000
 U23            0.000         0.000         0.000
 U24            0.000         0.000         0.000         0.000
 U25            0.000         0.000         0.000         0.000         0.000


           ALPHA
              F
              ________
                0.000


           BETA
              F
              ________
 F              0.000


           PSI
              F
              ________
 F              1.000


     POPULATION VALUES FOR LATENT CLASS INDICATOR MODEL PART


           TAU(U) FOR LATENT CLASS PATTERN 1 1
              U11$1         U12$1         U13$1         U14$1         U15$1
              ________      ________      ________      ________      ________
                5.000         2.380         1.385         4.590         4.590


           TAU(U) FOR LATENT CLASS PATTERN 1 1
              U21$1         U22$1         U23$1         U24$1         U25$1
              ________      ________      ________      ________      ________
                5.000         2.380         1.385         4.590         4.590


           TAU(U) FOR LATENT CLASS PATTERN 1 2
              U11$1         U12$1         U13$1         U14$1         U15$1
              ________      ________      ________      ________      ________
                5.000         2.380         1.385         4.590         4.590


           TAU(U) FOR LATENT CLASS PATTERN 1 2
              U21$1         U22$1         U23$1         U24$1         U25$1
              ________      ________      ________      ________      ________
                0.620         0.810         0.820         0.280         1.390


           TAU(U) FOR LATENT CLASS PATTERN 1 3
              U11$1         U12$1         U13$1         U14$1         U15$1
              ________      ________      ________      ________      ________
                5.000         2.380         1.385         4.590         4.590


           TAU(U) FOR LATENT CLASS PATTERN 1 3
              U21$1         U22$1         U23$1         U24$1         U25$1
              ________      ________      ________      ________      ________
               -1.450        -2.440        -5.000        -1.700        -0.710


           TAU(U) FOR LATENT CLASS PATTERN 2 1
              U11$1         U12$1         U13$1         U14$1         U15$1
              ________      ________      ________      ________      ________
                0.620         0.810         0.820         0.280         1.390


           TAU(U) FOR LATENT CLASS PATTERN 2 1
              U21$1         U22$1         U23$1         U24$1         U25$1
              ________      ________      ________      ________      ________
                5.000         2.380         1.385         4.590         4.590


           TAU(U) FOR LATENT CLASS PATTERN 2 2
              U11$1         U12$1         U13$1         U14$1         U15$1
              ________      ________      ________      ________      ________
                0.620         0.810         0.820         0.280         1.390


           TAU(U) FOR LATENT CLASS PATTERN 2 2
              U21$1         U22$1         U23$1         U24$1         U25$1
              ________      ________      ________      ________      ________
                0.620         0.810         0.820         0.280         1.390


           TAU(U) FOR LATENT CLASS PATTERN 2 3
              U11$1         U12$1         U13$1         U14$1         U15$1
              ________      ________      ________      ________      ________
                0.620         0.810         0.820         0.280         1.390


           TAU(U) FOR LATENT CLASS PATTERN 2 3
              U21$1         U22$1         U23$1         U24$1         U25$1
              ________      ________      ________      ________      ________
               -1.450        -2.440        -5.000        -1.700        -0.710


           TAU(U) FOR LATENT CLASS PATTERN 3 1
              U11$1         U12$1         U13$1         U14$1         U15$1
              ________      ________      ________      ________      ________
               -1.450        -2.440        -5.000        -1.700        -0.710


           TAU(U) FOR LATENT CLASS PATTERN 3 1
              U21$1         U22$1         U23$1         U24$1         U25$1
              ________      ________      ________      ________      ________
                5.000         2.380         1.385         4.590         4.590


           TAU(U) FOR LATENT CLASS PATTERN 3 2
              U11$1         U12$1         U13$1         U14$1         U15$1
              ________      ________      ________      ________      ________
               -1.450        -2.440        -5.000        -1.700        -0.710


           TAU(U) FOR LATENT CLASS PATTERN 3 2
              U21$1         U22$1         U23$1         U24$1         U25$1
              ________      ________      ________      ________      ________
                0.620         0.810         0.820         0.280         1.390


           TAU(U) FOR LATENT CLASS PATTERN 3 3
              U11$1         U12$1         U13$1         U14$1         U15$1
              ________      ________      ________      ________      ________
               -1.450        -2.440        -5.000        -1.700        -0.710


           TAU(U) FOR LATENT CLASS PATTERN 3 3
              U21$1         U22$1         U23$1         U24$1         U25$1
              ________      ________      ________      ________      ________
               -1.450        -2.440        -5.000        -1.700        -0.710


     POPULATION VALUES FOR LATENT CLASS REGRESSION MODEL PART


           ALPHA(C)
              C1#1          C1#2          C1#3          C2#1          C2#2
              ________      ________      ________      ________      ________
                1.897         1.099         0.000        -1.100        -1.100


           ALPHA(C)
              C2#3
              ________
                0.000


           GAMMA(C)
              F
              ________
 C1#1           0.000
 C1#2           0.000
 C1#3           0.000
 C2#1           0.000
 C2#2           0.000
 C2#3           0.000


           BETA(C)
              C1#1          C1#2          C1#3
              ________      ________      ________
 C2#1           3.179         1.100         0.000
 C2#2           1.100         1.793         0.000
 C2#3           0.000         0.000         0.000


RESULTS SAVING INFORMATION

  Order of data

    Replication number
    Parameter estimates
     (saved in order shown in Technical 1 output)
    Standard errors
     (saved in order shown in Technical 1 output)
    Number of Free Parameters
    H0 Loglikelihood
    Akaike (AIC)
    Bayesian (BIC)
    Sample-Size Adjusted BIC
    Pearson Chi-Square : Value
    Pearson Chi-Square : Degrees of Freedom
    Pearson Chi-Square : P-Value
    Likelihood Chi-Square : Value
    Likelihood Chi-Square : Degrees of Freedom
    Likelihood Chi-Square : P-Value

  Save file
    RILTA_LTA_M3_N_5000_TP_3.179_M_2_L_0.9.csv

  Save file format           Free


     Beginning Time:  20:46:31
        Ending Time:  21:58:52
       Elapsed Time:  01:12:21



MUTHEN & MUTHEN
3463 Stoner Ave.
Los Angeles, CA  90066

Tel: (310) 391-9971
Fax: (310) 391-8971
Web: www.StatModel.com
Support: Support@StatModel.com

Copyright (c) 1998-2021 Muthen & Muthen
