Mplus VERSION 8.7
MUTHEN & MUTHEN
01/17/2025  12:47 AM

INPUT INSTRUCTIONS

  TITLE:
  Generate RILTA_LTA_M2_N_5000_TP_3.179_M_2_L_0.7
  MONTECARLO:
  NAMES = u11-u15 u21-u25;
  GENERATE = u11-u15 u21-u25(1);
  CATEGORICAL = u11-u15 u21-u25;
  GENCLASSES = c1(3) c2(3);
  CLASSES = c1(3) c2(3);
  NOBSERVATIONS = 5000;
  SEED = 07252005;
  NREPS = 628;
  !SAVE = repM2*.dat;
  RESULTS = RILTA_LTA_M2_N_5000_TP_3.179_M_2_L_0.7.csv;
  MODEL POPULATION:
   %OVERALL%
   [c1#1*1.897] ;
   [c1#2*1.099] ;
   [c2#1*-1.1] ;
   [c2#2*-1.1] ;
   c2#1 on c1#1*3.179;
   c2#1 on c1#2*1.1;
   c2#2 on c1#1*1.1;
   c2#2 on c1#2*1.793147;

    f by u11-u15*0.7 (p1-p5)
         u21-u25*0.7 (p1-p5);
     f@1;
     [f@0];

  MODEL POPULATION-c1:
     %c1#1%
  [u11$1*-5 u12$1*-1.21 u13$1*-1.45 u14$1*-1.55 u15$1*-5] (p111-p115);

     %c1#2%
  [u11$1*5 u12$1*-5 u13$1*.94 u14$1*-.02 u15$1*-.89] (p121-p125);

     %c1#3%
  [u11$1*-5 u12$1*1.55 u13$1*4.17 u14$1*-.16 u15$1*-1.99] (p131-p135);

   MODEL POPULATION-c2:
     %c2#1%
  [u21$1*-5 u22$1*-1.21 u23$1*-1.45 u24$1*-1.55 u25$1*-5] (p111-p115);

     %c2#2%
  [u21$1*5 u22$1*-5 u23$1*.94 u24$1*-.02 u25$1*-.89] (p121-p125);

     %c2#3%
  [u21$1*-5 u22$1*1.55 u23$1*4.17 u24$1*-.16 u25$1*-1.99] (p131-p135);
  ANALYSIS:
  TYPE = MIXTURE;
        algorithm = integration;
        STARTS = 50 10;
        processors = 24;
        logcriterion=0.00001;
        mconv=0.00001;
  MODEL:
    %OVERALL%
    [c1#1*1.897] ;
    [c1#2*1.099] ;
    [c2#1*-1.1] (a1);
    [c2#2*-1.1] (a2);
    c2#1 on c1#1*3.179 (b11);
    c2#1 on c1#2*1.1 (b21);
    c2#2 on c1#1*1.1 (b12);
    c2#2 on c1#2*1.793147 (b22);	

   MODEL c1:
      %c1#1%
   [u11$1*-5 u12$1*-1.21 u13$1*-1.45 u14$1*-1.55 u15$1*-5] (p111-p115);

      %c1#2%
   [u11$1*5 u12$1*-5 u13$1*.94 u14$1*-.02 u15$1*-.89] (p121-p125);

      %c1#3%
   [u11$1*-5 u12$1*1.55 u13$1*4.17 u14$1*-.16 u15$1*-1.99] (p131-p135);

  MODEL c2: 	
      %c2#1%
   [u21$1*-5 u22$1*-1.21 u23$1*-1.45 u24$1*-1.55 u25$1*-5] (p111-p115);

      %c2#2%
   [u21$1*5 u22$1*-5 u23$1*.94 u24$1*-.02 u25$1*-.89] (p121-p125);

      %c2#3%
   [u21$1*-5 u22$1*1.55 u23$1*4.17 u24$1*-.16 u25$1*-1.99] (p131-p135);
  MODEL CONSTRAINT:
    New(
      trans11*.8 trans12*.1 trans13*.1
      trans21*.25 trans22*.5 trans23*.25);
    trans11 = exp(a1+b11)/(exp(a1+b11)+exp(a2+b12)+1);
    trans12 = exp(a2+b12)/(exp(a1+b11)+exp(a2+b12)+1);
    trans13 = 1-(trans11+trans12);
    trans21 = exp(a1+b21)/(exp(a1+b21)+exp(a2+b22)+1);
    trans22 = exp(a2+b22)/(exp(a1+b21)+exp(a2+b22)+1);
    trans23 = 1-(trans21+trans22);




INPUT READING TERMINATED NORMALLY




Generate RILTA_LTA_M2_N_5000_TP_3.179_M_2_L_0.7

SUMMARY OF ANALYSIS

Number of groups                                                 1
Number of observations                                        5000

Number of replications
    Requested                                                  628
    Completed                                                  628
Value of seed                                              7252005

Number of dependent variables                                   10
Number of independent variables                                  0
Number of continuous latent variables                            0
Number of categorical latent variables                           2

Observed dependent variables

  Binary and ordered categorical (ordinal)
   U11         U12         U13         U14         U15         U21
   U22         U23         U24         U25

Categorical latent variables
   C1          C2


Estimator                                                      MLR
Information matrix                                        OBSERVED
Optimization Specifications for the Quasi-Newton Algorithm for
Continuous Outcomes
  Maximum number of iterations                                 100
  Convergence criterion                                  0.100D-05
Optimization Specifications for the EM Algorithm
  Maximum number of iterations                                 500
  Convergence criteria
    Loglikelihood change                                 0.100D-04
    Relative loglikelihood change                        0.100D-05
    Derivative                                           0.100D-04
Optimization Specifications for the M step of the EM Algorithm for
Categorical Latent variables
  Number of M step iterations                                    1
  M step convergence criterion                           0.100D-02
  Basis for M step termination                           ITERATION
Optimization Specifications for the M step of the EM Algorithm for
Censored, Binary or Ordered Categorical (Ordinal), Unordered
Categorical (Nominal) and Count Outcomes
  Number of M step iterations                                    1
  M step convergence criterion                           0.100D-02
  Basis for M step termination                           ITERATION
  Maximum value for logit thresholds                            15
  Minimum value for logit thresholds                           -15
  Minimum expected cell size for chi-square              0.100D-01
Optimization algorithm                                         EMA
Integration Specifications
  Type                                                    STANDARD
  Number of integration points                                  15
  Dimensions of numerical integration                            0
  Adaptive quadrature                                           ON
Random Starts Specifications
  Number of initial stage random starts                         50
  Number of final stage optimizations                           10
  Number of initial stage iterations                            10
  Initial stage convergence criterion                    0.100D+01
  Random starts scale                                    0.500D+01
  Random seed for generating random starts                       0
Parameterization                                             LOGIT
Link                                                         LOGIT
Cholesky                                                        ON





MODEL FIT INFORMATION

Number of Free Parameters                       23

Loglikelihood

    H0 Value

        Mean                            -24299.333
        Std Dev                            118.635
        Number of successful computations      628

             Proportions                   Percentiles
        Expected    Observed         Expected       Observed
           0.990       0.990       -24575.313     -24577.248
           0.980       0.982       -24542.973     -24541.173
           0.950       0.951       -24494.475     -24498.832
           0.900       0.912       -24451.375     -24443.766
           0.800       0.798       -24399.176     -24403.201
           0.700       0.699       -24361.545     -24363.412
           0.500       0.487       -24299.333     -24302.427
           0.300       0.296       -24237.121     -24239.112
           0.200       0.202       -24199.490     -24199.483
           0.100       0.102       -24147.290     -24147.054
           0.050       0.053       -24104.190     -24104.093
           0.020       0.025       -24055.692     -24044.901
           0.010       0.011       -24023.353     -24025.649

Information Criteria

    Akaike (AIC)

        Mean                             48644.666
        Std Dev                            237.270
        Number of successful computations      628

             Proportions                   Percentiles
        Expected    Observed         Expected       Observed
           0.990       0.989        48092.705      48050.206
           0.980       0.975        48157.385      48115.696
           0.950       0.947        48254.381      48252.266
           0.900       0.898        48340.581      48337.156
           0.800       0.798        48444.979      48441.356
           0.700       0.704        48520.241      48521.912
           0.500       0.513        48644.666      48649.585
           0.300       0.301        48769.090      48766.563
           0.200       0.202        48844.352      48847.548
           0.100       0.088        48948.750      48931.615
           0.050       0.049        49034.950      49028.734
           0.020       0.018        49131.946      49124.197
           0.010       0.010        49196.626      49185.411

    Bayesian (BIC)

        Mean                             48794.561
        Std Dev                            237.270
        Number of successful computations      628

             Proportions                   Percentiles
        Expected    Observed         Expected       Observed
           0.990       0.989        48242.601      48200.102
           0.980       0.975        48307.280      48265.591
           0.950       0.947        48404.276      48402.161
           0.900       0.898        48490.476      48487.051
           0.800       0.798        48594.875      48591.252
           0.700       0.704        48670.137      48671.808
           0.500       0.513        48794.561      48799.480
           0.300       0.301        48918.985      48916.459
           0.200       0.202        48994.247      48997.444
           0.100       0.088        49098.646      49081.511
           0.050       0.049        49184.846      49178.629
           0.020       0.018        49281.842      49274.093
           0.010       0.010        49346.521      49335.306

    Sample-Size Adjusted BIC (n* = (n + 2) / 24)

        Mean                             48721.475
        Std Dev                            237.270
        Number of successful computations      628

             Proportions                   Percentiles
        Expected    Observed         Expected       Observed
           0.990       0.989        48169.515      48127.016
           0.980       0.975        48234.194      48192.505
           0.950       0.947        48331.190      48329.075
           0.900       0.898        48417.390      48413.965
           0.800       0.798        48521.789      48518.166
           0.700       0.704        48597.051      48598.722
           0.500       0.513        48721.475      48726.394
           0.300       0.301        48845.899      48843.373
           0.200       0.202        48921.161      48924.358
           0.100       0.088        49025.560      49008.425
           0.050       0.049        49111.760      49105.543
           0.020       0.018        49208.756      49201.007
           0.010       0.010        49273.435      49262.220

Chi-Square Test of Model Fit for the Binary and Ordered Categorical
(Ordinal) Outcomes

    Pearson Chi-Square

        Mean                              1032.541
        Std Dev                             94.848
        Degrees of freedom                     999
        Number of successful computations      628

             Proportions                   Percentiles
        Expected    Observed         Expected       Observed
           0.990       0.932          897.964        834.432
           0.980       0.912          909.359        846.586
           0.950       0.877          926.631        888.104
           0.900       0.846          942.161        913.438
           0.800       0.774          961.199        954.571
           0.700       0.728          975.085        982.049
           0.500       0.627          998.333       1030.602
           0.300       0.524         1021.948       1071.789
           0.200       0.473         1036.412       1107.333
           0.100       0.369         1056.695       1142.522
           0.050       0.291         1073.643       1192.766
           0.020       0.229         1092.931       1249.200
           0.010       0.204         1105.917       1304.187

    Likelihood Ratio Chi-Square

        Mean                               792.665
        Std Dev                             41.684
        Degrees of freedom                     999
        Number of successful computations      628

             Proportions                   Percentiles
        Expected    Observed         Expected       Observed
           0.990       0.008          897.964        692.798
           0.980       0.002          909.359        707.780
           0.950       0.002          926.631        726.757
           0.900       0.000          942.161        739.161
           0.800       0.000          961.199        757.023
           0.700       0.000          975.085        771.847
           0.500       0.000          998.333        791.835
           0.300       0.000         1021.948        814.845
           0.200       0.000         1036.412        829.238
           0.100       0.000         1056.695        845.475
           0.050       0.000         1073.643        860.332
           0.020       0.000         1092.931        873.553
           0.010       0.000         1105.917        896.881



MODEL RESULTS USE THE LATENT CLASS VARIABLE ORDER

   C1  C2


FINAL CLASS COUNTS AND PROPORTIONS FOR THE LATENT CLASS PATTERNS
BASED ON THE ESTIMATED MODEL

  Latent Class
    Pattern

    1  1       2160.01614          0.43200
    1  2        263.97085          0.05279
    1  3        325.13332          0.06503
    2  1        297.48877          0.05950
    2  2        732.26515          0.14645
    2  3        372.12834          0.07443
    3  1        138.63375          0.02773
    3  2        134.67268          0.02693
    3  3        575.69099          0.11514


FINAL CLASS COUNTS AND PROPORTIONS FOR EACH LATENT CLASS VARIABLE
BASED ON THE ESTIMATED MODEL

  Latent Class
    Variable    Class

    C1             1      2749.12036          0.54982
                   2      1401.88220          0.28038
                   3       848.99744          0.16980
    C2             1      2596.13867          0.51923
                   2      1130.90869          0.22618
                   3      1272.95264          0.25459


LATENT TRANSITION PROBABILITIES BASED ON THE ESTIMATED MODEL

  C1 Classes (Rows) by C2 Classes (Columns)

            1        2        3

   1     0.771    0.103    0.125
   2     0.216    0.514    0.270
   3     0.176    0.175    0.649


FINAL CLASS COUNTS AND PROPORTIONS FOR THE LATENT CLASS PATTERNS
BASED ON ESTIMATED POSTERIOR PROBABILITIES

  Latent Class
    Pattern

    1  1       2160.01617          0.43200
    1  2        263.97087          0.05279
    1  3        325.13329          0.06503
    2  1        297.48879          0.05950
    2  2        732.26518          0.14645
    2  3        372.12833          0.07443
    3  1        138.63373          0.02773
    3  2        134.67266          0.02693
    3  3        575.69097          0.11514


FINAL CLASS COUNTS AND PROPORTIONS FOR EACH LATENT CLASS VARIABLE
BASED ON ESTIMATED POSTERIOR PROBABILITIES

  Latent Class
    Variable    Class

    C1             1      2749.12036          0.54982
                   2      1401.88232          0.28038
                   3       848.99738          0.16980
    C2             1      2596.13867          0.51923
                   2      1130.90869          0.22618
                   3      1272.95264          0.25459


FINAL CLASS COUNTS AND PROPORTIONS FOR THE LATENT CLASS PATTERNS
BASED ON THEIR MOST LIKELY LATENT CLASS PATTERN

Class Counts and Proportions

  Latent Class
    Pattern

    1  1             2137          0.42735
    1  2              285          0.05697
    1  3              355          0.07096
    2  1              327          0.06539
    2  2              739          0.14788
    2  3              371          0.07417
    3  1              117          0.02344
    3  2              133          0.02670
    3  3              536          0.10713


FINAL CLASS COUNTS AND PROPORTIONS FOR EACH LATENT CLASS VARIABLE
BASED ON THEIR MOST LIKELY LATENT CLASS PATTERN

  Latent Class
    Variable    Class

    C1             1            2776          0.55529
                   2            1437          0.28745
                   3             786          0.15726
    C2             1            2580          0.51618
                   2            1157          0.23155
                   3            1261          0.25227


CLASSIFICATION QUALITY

     Entropy                         0.847


MODEL RESULTS

                              ESTIMATES              S. E.     M. S. E.  95%  % Sig
                 Population   Average   Std. Dev.   Average             Cover Coeff

Parameters for Class-specific Model Parts of C1

Latent Class C1#1

 Thresholds
  U11$1              -5.000   185.5325  4734.0264     0.3277 ********** 0.135 0.994
  U12$1              -1.210    -1.1867     0.9486     0.0636     0.8990 0.503 1.000
  U13$1              -1.450    -1.1088     1.0949     0.0731     1.3134 0.822 1.000
  U14$1              -1.550    -1.4094     0.4884     0.0458     0.2579 0.807 0.900
  U15$1              -5.000    -4.8368     1.1664     0.2204     1.3850 0.804 1.000

Latent Class C1#2

 Thresholds
  U11$1               5.000   792.0076  4116.1279     1.8418 ********** 0.420 0.881
  U12$1              -5.000    -4.5810     1.1801     0.4198     1.5660 0.783 0.997
  U13$1               0.940     0.8709     0.4691     0.0566     0.2244 0.877 1.000
  U14$1              -0.020    -0.0276     0.2791     0.0448     0.0778 0.811 0.104
  U15$1              -0.890    -0.9327     0.7982     0.0544     0.6379 0.261 1.000

Latent Class C1#3

 Thresholds
  U11$1              -5.000   -61.1133  3106.3538     0.6951 ********** 0.680 0.987
  U12$1               1.550     0.9972     1.1503     0.1197     1.6267 0.500 1.000
  U13$1               4.170     1.9742     1.0676     0.2293     5.9596 0.000 1.000
  U14$1              -0.160    -0.1724     0.4196     0.0605     0.1760 0.527 0.210
  U15$1              -1.990    -2.2000     0.9158     0.1019     0.8814 0.849 1.000

Parameters for Class-specific Model Parts of C2

Latent Class C2#1

 Thresholds
  U21$1              -5.000   185.5325  4734.0264     0.3277 ********** 0.135 0.994
  U22$1              -1.210    -1.1867     0.9486     0.0636     0.8990 0.503 1.000
  U23$1              -1.450    -1.1088     1.0949     0.0731     1.3134 0.822 1.000
  U24$1              -1.550    -1.4094     0.4884     0.0458     0.2579 0.807 0.900
  U25$1              -5.000    -4.8368     1.1664     0.2204     1.3850 0.804 1.000

Latent Class C2#2

 Thresholds
  U21$1               5.000   792.0076  4116.1279     1.8418 ********** 0.420 0.881
  U22$1              -5.000    -4.5810     1.1801     0.4198     1.5660 0.783 0.997
  U23$1               0.940     0.8709     0.4691     0.0566     0.2244 0.877 1.000
  U24$1              -0.020    -0.0276     0.2791     0.0448     0.0778 0.811 0.104
  U25$1              -0.890    -0.9327     0.7982     0.0544     0.6379 0.261 1.000

Latent Class C2#3

 Thresholds
  U21$1              -5.000   -61.1133  3106.3538     0.6951 ********** 0.680 0.987
  U22$1               1.550     0.9972     1.1503     0.1197     1.6267 0.500 1.000
  U23$1               4.170     1.9742     1.0676     0.2293     5.9596 0.000 1.000
  U24$1              -0.160    -0.1724     0.4196     0.0605     0.1760 0.527 0.210
  U25$1              -1.990    -2.2000     0.9158     0.1019     0.8814 0.849 1.000

Categorical Latent Variables

 C2#1     ON
  C1#1                3.179     3.1656     0.3421     0.2379     0.1170 0.914 1.000
  C1#2                1.100     1.1029     0.3929     0.2238     0.1541 0.857 0.998

 C2#2     ON
  C1#1                1.100     1.1316     0.3606     0.1927     0.1308 0.839 1.000
  C1#2                1.793     1.9847     0.4023     0.1502     0.1983 0.833 1.000

 Means
  C1#1                1.897     1.2480     0.8430     0.0857     1.1307 0.016 1.000
  C1#2                1.099     0.6211     0.4998     0.0783     0.4779 0.010 1.000
  C2#1               -1.100    -1.3231     0.2853     0.1974     0.1310 0.820 1.000
  C2#2               -1.100    -1.3292     0.2922     0.1295     0.1377 0.689 1.000

New/Additional Parameters
  TRANS11             0.800     0.7714     0.0659     0.0128     0.0052 0.803 1.000
  TRANS12             0.100     0.1034     0.0328     0.0078     0.0011 0.662 1.000
  TRANS13             0.100     0.1252     0.0363     0.0116     0.0019 0.631 1.000
  TRANS21             0.250     0.2163     0.0325     0.0156     0.0022 0.390 1.000
  TRANS22             0.500     0.5142     0.0547     0.0146     0.0032 0.898 1.000
  TRANS23             0.250     0.2695     0.0387     0.0157     0.0019 0.436 1.000


QUALITY OF NUMERICAL RESULTS

     Average Condition Number for the Information Matrix      0.381E-03
       (ratio of smallest to largest eigenvalue)


C-SPECIFIC CLASSIFICATION RESULTS

Classification Quality for C1

     Entropy                         0.857

Average Latent Class Probabilities for Most Likely Latent Class Membership (Row)
by Latent Class (Column)

           1        2        3

    1   0.937    0.004    0.059
    2   0.031    0.963    0.006
    3   0.139    0.009    0.852

Classification Quality for C2

     Entropy                         0.822

Average Latent Class Probabilities for Most Likely Latent Class Membership (Row)
by Latent Class (Column)

           1        2        3

    1   0.927    0.005    0.068
    2   0.032    0.960    0.008
    3   0.133    0.008    0.859


TECHNICAL 1 OUTPUT


     PARAMETER SPECIFICATION FOR LATENT CLASS PATTERN 1 1


           NU
              U11           U12           U13           U14           U15
              ________      ________      ________      ________      ________
                    0             0             0             0             0


           NU
              U21           U22           U23           U24           U25
              ________      ________      ________      ________      ________
                    0             0             0             0             0


           THETA
              U11           U12           U13           U14           U15
              ________      ________      ________      ________      ________
 U11                0
 U12                0             0
 U13                0             0             0
 U14                0             0             0             0
 U15                0             0             0             0             0
 U21                0             0             0             0             0
 U22                0             0             0             0             0
 U23                0             0             0             0             0
 U24                0             0             0             0             0
 U25                0             0             0             0             0


           THETA
              U21           U22           U23           U24           U25
              ________      ________      ________      ________      ________
 U21                0
 U22                0             0
 U23                0             0             0
 U24                0             0             0             0
 U25                0             0             0             0             0


     PARAMETER SPECIFICATION FOR LATENT CLASS PATTERN 1 2


           NU
              U11           U12           U13           U14           U15
              ________      ________      ________      ________      ________
                    0             0             0             0             0


           NU
              U21           U22           U23           U24           U25
              ________      ________      ________      ________      ________
                    0             0             0             0             0


           THETA
              U11           U12           U13           U14           U15
              ________      ________      ________      ________      ________
 U11                0
 U12                0             0
 U13                0             0             0
 U14                0             0             0             0
 U15                0             0             0             0             0
 U21                0             0             0             0             0
 U22                0             0             0             0             0
 U23                0             0             0             0             0
 U24                0             0             0             0             0
 U25                0             0             0             0             0


           THETA
              U21           U22           U23           U24           U25
              ________      ________      ________      ________      ________
 U21                0
 U22                0             0
 U23                0             0             0
 U24                0             0             0             0
 U25                0             0             0             0             0


     PARAMETER SPECIFICATION FOR LATENT CLASS PATTERN 1 3


           NU
              U11           U12           U13           U14           U15
              ________      ________      ________      ________      ________
                    0             0             0             0             0


           NU
              U21           U22           U23           U24           U25
              ________      ________      ________      ________      ________
                    0             0             0             0             0


           THETA
              U11           U12           U13           U14           U15
              ________      ________      ________      ________      ________
 U11                0
 U12                0             0
 U13                0             0             0
 U14                0             0             0             0
 U15                0             0             0             0             0
 U21                0             0             0             0             0
 U22                0             0             0             0             0
 U23                0             0             0             0             0
 U24                0             0             0             0             0
 U25                0             0             0             0             0


           THETA
              U21           U22           U23           U24           U25
              ________      ________      ________      ________      ________
 U21                0
 U22                0             0
 U23                0             0             0
 U24                0             0             0             0
 U25                0             0             0             0             0


     PARAMETER SPECIFICATION FOR LATENT CLASS PATTERN 2 1


           NU
              U11           U12           U13           U14           U15
              ________      ________      ________      ________      ________
                    0             0             0             0             0


           NU
              U21           U22           U23           U24           U25
              ________      ________      ________      ________      ________
                    0             0             0             0             0


           THETA
              U11           U12           U13           U14           U15
              ________      ________      ________      ________      ________
 U11                0
 U12                0             0
 U13                0             0             0
 U14                0             0             0             0
 U15                0             0             0             0             0
 U21                0             0             0             0             0
 U22                0             0             0             0             0
 U23                0             0             0             0             0
 U24                0             0             0             0             0
 U25                0             0             0             0             0


           THETA
              U21           U22           U23           U24           U25
              ________      ________      ________      ________      ________
 U21                0
 U22                0             0
 U23                0             0             0
 U24                0             0             0             0
 U25                0             0             0             0             0


     PARAMETER SPECIFICATION FOR LATENT CLASS PATTERN 2 2


           NU
              U11           U12           U13           U14           U15
              ________      ________      ________      ________      ________
                    0             0             0             0             0


           NU
              U21           U22           U23           U24           U25
              ________      ________      ________      ________      ________
                    0             0             0             0             0


           THETA
              U11           U12           U13           U14           U15
              ________      ________      ________      ________      ________
 U11                0
 U12                0             0
 U13                0             0             0
 U14                0             0             0             0
 U15                0             0             0             0             0
 U21                0             0             0             0             0
 U22                0             0             0             0             0
 U23                0             0             0             0             0
 U24                0             0             0             0             0
 U25                0             0             0             0             0


           THETA
              U21           U22           U23           U24           U25
              ________      ________      ________      ________      ________
 U21                0
 U22                0             0
 U23                0             0             0
 U24                0             0             0             0
 U25                0             0             0             0             0


     PARAMETER SPECIFICATION FOR LATENT CLASS PATTERN 2 3


           NU
              U11           U12           U13           U14           U15
              ________      ________      ________      ________      ________
                    0             0             0             0             0


           NU
              U21           U22           U23           U24           U25
              ________      ________      ________      ________      ________
                    0             0             0             0             0


           THETA
              U11           U12           U13           U14           U15
              ________      ________      ________      ________      ________
 U11                0
 U12                0             0
 U13                0             0             0
 U14                0             0             0             0
 U15                0             0             0             0             0
 U21                0             0             0             0             0
 U22                0             0             0             0             0
 U23                0             0             0             0             0
 U24                0             0             0             0             0
 U25                0             0             0             0             0


           THETA
              U21           U22           U23           U24           U25
              ________      ________      ________      ________      ________
 U21                0
 U22                0             0
 U23                0             0             0
 U24                0             0             0             0
 U25                0             0             0             0             0


     PARAMETER SPECIFICATION FOR LATENT CLASS PATTERN 3 1


           NU
              U11           U12           U13           U14           U15
              ________      ________      ________      ________      ________
                    0             0             0             0             0


           NU
              U21           U22           U23           U24           U25
              ________      ________      ________      ________      ________
                    0             0             0             0             0


           THETA
              U11           U12           U13           U14           U15
              ________      ________      ________      ________      ________
 U11                0
 U12                0             0
 U13                0             0             0
 U14                0             0             0             0
 U15                0             0             0             0             0
 U21                0             0             0             0             0
 U22                0             0             0             0             0
 U23                0             0             0             0             0
 U24                0             0             0             0             0
 U25                0             0             0             0             0


           THETA
              U21           U22           U23           U24           U25
              ________      ________      ________      ________      ________
 U21                0
 U22                0             0
 U23                0             0             0
 U24                0             0             0             0
 U25                0             0             0             0             0


     PARAMETER SPECIFICATION FOR LATENT CLASS PATTERN 3 2


           NU
              U11           U12           U13           U14           U15
              ________      ________      ________      ________      ________
                    0             0             0             0             0


           NU
              U21           U22           U23           U24           U25
              ________      ________      ________      ________      ________
                    0             0             0             0             0


           THETA
              U11           U12           U13           U14           U15
              ________      ________      ________      ________      ________
 U11                0
 U12                0             0
 U13                0             0             0
 U14                0             0             0             0
 U15                0             0             0             0             0
 U21                0             0             0             0             0
 U22                0             0             0             0             0
 U23                0             0             0             0             0
 U24                0             0             0             0             0
 U25                0             0             0             0             0


           THETA
              U21           U22           U23           U24           U25
              ________      ________      ________      ________      ________
 U21                0
 U22                0             0
 U23                0             0             0
 U24                0             0             0             0
 U25                0             0             0             0             0


     PARAMETER SPECIFICATION FOR LATENT CLASS PATTERN 3 3


           NU
              U11           U12           U13           U14           U15
              ________      ________      ________      ________      ________
                    0             0             0             0             0


           NU
              U21           U22           U23           U24           U25
              ________      ________      ________      ________      ________
                    0             0             0             0             0


           THETA
              U11           U12           U13           U14           U15
              ________      ________      ________      ________      ________
 U11                0
 U12                0             0
 U13                0             0             0
 U14                0             0             0             0
 U15                0             0             0             0             0
 U21                0             0             0             0             0
 U22                0             0             0             0             0
 U23                0             0             0             0             0
 U24                0             0             0             0             0
 U25                0             0             0             0             0


           THETA
              U21           U22           U23           U24           U25
              ________      ________      ________      ________      ________
 U21                0
 U22                0             0
 U23                0             0             0
 U24                0             0             0             0
 U25                0             0             0             0             0


     PARAMETER SPECIFICATION FOR LATENT CLASS INDICATOR MODEL PART


           TAU(U) FOR LATENT CLASS PATTERN 1 1
              U11$1         U12$1         U13$1         U14$1         U15$1
              ________      ________      ________      ________      ________
                    1             2             3             4             5


           TAU(U) FOR LATENT CLASS PATTERN 1 1
              U21$1         U22$1         U23$1         U24$1         U25$1
              ________      ________      ________      ________      ________
                    1             2             3             4             5


           TAU(U) FOR LATENT CLASS PATTERN 1 2
              U11$1         U12$1         U13$1         U14$1         U15$1
              ________      ________      ________      ________      ________
                    1             2             3             4             5


           TAU(U) FOR LATENT CLASS PATTERN 1 2
              U21$1         U22$1         U23$1         U24$1         U25$1
              ________      ________      ________      ________      ________
                    6             7             8             9            10


           TAU(U) FOR LATENT CLASS PATTERN 1 3
              U11$1         U12$1         U13$1         U14$1         U15$1
              ________      ________      ________      ________      ________
                    1             2             3             4             5


           TAU(U) FOR LATENT CLASS PATTERN 1 3
              U21$1         U22$1         U23$1         U24$1         U25$1
              ________      ________      ________      ________      ________
                   11            12            13            14            15


           TAU(U) FOR LATENT CLASS PATTERN 2 1
              U11$1         U12$1         U13$1         U14$1         U15$1
              ________      ________      ________      ________      ________
                    6             7             8             9            10


           TAU(U) FOR LATENT CLASS PATTERN 2 1
              U21$1         U22$1         U23$1         U24$1         U25$1
              ________      ________      ________      ________      ________
                    1             2             3             4             5


           TAU(U) FOR LATENT CLASS PATTERN 2 2
              U11$1         U12$1         U13$1         U14$1         U15$1
              ________      ________      ________      ________      ________
                    6             7             8             9            10


           TAU(U) FOR LATENT CLASS PATTERN 2 2
              U21$1         U22$1         U23$1         U24$1         U25$1
              ________      ________      ________      ________      ________
                    6             7             8             9            10


           TAU(U) FOR LATENT CLASS PATTERN 2 3
              U11$1         U12$1         U13$1         U14$1         U15$1
              ________      ________      ________      ________      ________
                    6             7             8             9            10


           TAU(U) FOR LATENT CLASS PATTERN 2 3
              U21$1         U22$1         U23$1         U24$1         U25$1
              ________      ________      ________      ________      ________
                   11            12            13            14            15


           TAU(U) FOR LATENT CLASS PATTERN 3 1
              U11$1         U12$1         U13$1         U14$1         U15$1
              ________      ________      ________      ________      ________
                   11            12            13            14            15


           TAU(U) FOR LATENT CLASS PATTERN 3 1
              U21$1         U22$1         U23$1         U24$1         U25$1
              ________      ________      ________      ________      ________
                    1             2             3             4             5


           TAU(U) FOR LATENT CLASS PATTERN 3 2
              U11$1         U12$1         U13$1         U14$1         U15$1
              ________      ________      ________      ________      ________
                   11            12            13            14            15


           TAU(U) FOR LATENT CLASS PATTERN 3 2
              U21$1         U22$1         U23$1         U24$1         U25$1
              ________      ________      ________      ________      ________
                    6             7             8             9            10


           TAU(U) FOR LATENT CLASS PATTERN 3 3
              U11$1         U12$1         U13$1         U14$1         U15$1
              ________      ________      ________      ________      ________
                   11            12            13            14            15


           TAU(U) FOR LATENT CLASS PATTERN 3 3
              U21$1         U22$1         U23$1         U24$1         U25$1
              ________      ________      ________      ________      ________
                   11            12            13            14            15


     PARAMETER SPECIFICATION FOR LATENT CLASS REGRESSION MODEL PART


           ALPHA(C)
              C1#1          C1#2          C1#3          C2#1          C2#2
              ________      ________      ________      ________      ________
                   16            17             0            18            19


           ALPHA(C)
              C2#3
              ________
                    0


           BETA(C)
              C1#1          C1#2          C1#3
              ________      ________      ________
 C2#1              20            22             0
 C2#2              21            23             0
 C2#3               0             0             0


     PARAMETER SPECIFICATION FOR THE ADDITIONAL PARAMETERS


           NEW/ADDITIONAL PARAMETERS
              TRANS11       TRANS12       TRANS13       TRANS21       TRANS22
              ________      ________      ________      ________      ________
                   24            25            26            27            28


           NEW/ADDITIONAL PARAMETERS
              TRANS23
              ________
                   29


     STARTING VALUES FOR LATENT CLASS PATTERN 1 1


           NU
              U11           U12           U13           U14           U15
              ________      ________      ________      ________      ________
                0.000         0.000         0.000         0.000         0.000


           NU
              U21           U22           U23           U24           U25
              ________      ________      ________      ________      ________
                0.000         0.000         0.000         0.000         0.000


           THETA
              U11           U12           U13           U14           U15
              ________      ________      ________      ________      ________
 U11            1.000
 U12            0.000         1.000
 U13            0.000         0.000         1.000
 U14            0.000         0.000         0.000         1.000
 U15            0.000         0.000         0.000         0.000         1.000
 U21            0.000         0.000         0.000         0.000         0.000
 U22            0.000         0.000         0.000         0.000         0.000
 U23            0.000         0.000         0.000         0.000         0.000
 U24            0.000         0.000         0.000         0.000         0.000
 U25            0.000         0.000         0.000         0.000         0.000


           THETA
              U21           U22           U23           U24           U25
              ________      ________      ________      ________      ________
 U21            1.000
 U22            0.000         1.000
 U23            0.000         0.000         1.000
 U24            0.000         0.000         0.000         1.000
 U25            0.000         0.000         0.000         0.000         1.000


     STARTING VALUES FOR LATENT CLASS PATTERN 1 2


           NU
              U11           U12           U13           U14           U15
              ________      ________      ________      ________      ________
                0.000         0.000         0.000         0.000         0.000


           NU
              U21           U22           U23           U24           U25
              ________      ________      ________      ________      ________
                0.000         0.000         0.000         0.000         0.000


           THETA
              U11           U12           U13           U14           U15
              ________      ________      ________      ________      ________
 U11            1.000
 U12            0.000         1.000
 U13            0.000         0.000         1.000
 U14            0.000         0.000         0.000         1.000
 U15            0.000         0.000         0.000         0.000         1.000
 U21            0.000         0.000         0.000         0.000         0.000
 U22            0.000         0.000         0.000         0.000         0.000
 U23            0.000         0.000         0.000         0.000         0.000
 U24            0.000         0.000         0.000         0.000         0.000
 U25            0.000         0.000         0.000         0.000         0.000


           THETA
              U21           U22           U23           U24           U25
              ________      ________      ________      ________      ________
 U21            1.000
 U22            0.000         1.000
 U23            0.000         0.000         1.000
 U24            0.000         0.000         0.000         1.000
 U25            0.000         0.000         0.000         0.000         1.000


     STARTING VALUES FOR LATENT CLASS PATTERN 1 3


           NU
              U11           U12           U13           U14           U15
              ________      ________      ________      ________      ________
                0.000         0.000         0.000         0.000         0.000


           NU
              U21           U22           U23           U24           U25
              ________      ________      ________      ________      ________
                0.000         0.000         0.000         0.000         0.000


           THETA
              U11           U12           U13           U14           U15
              ________      ________      ________      ________      ________
 U11            1.000
 U12            0.000         1.000
 U13            0.000         0.000         1.000
 U14            0.000         0.000         0.000         1.000
 U15            0.000         0.000         0.000         0.000         1.000
 U21            0.000         0.000         0.000         0.000         0.000
 U22            0.000         0.000         0.000         0.000         0.000
 U23            0.000         0.000         0.000         0.000         0.000
 U24            0.000         0.000         0.000         0.000         0.000
 U25            0.000         0.000         0.000         0.000         0.000


           THETA
              U21           U22           U23           U24           U25
              ________      ________      ________      ________      ________
 U21            1.000
 U22            0.000         1.000
 U23            0.000         0.000         1.000
 U24            0.000         0.000         0.000         1.000
 U25            0.000         0.000         0.000         0.000         1.000


     STARTING VALUES FOR LATENT CLASS PATTERN 2 1


           NU
              U11           U12           U13           U14           U15
              ________      ________      ________      ________      ________
                0.000         0.000         0.000         0.000         0.000


           NU
              U21           U22           U23           U24           U25
              ________      ________      ________      ________      ________
                0.000         0.000         0.000         0.000         0.000


           THETA
              U11           U12           U13           U14           U15
              ________      ________      ________      ________      ________
 U11            1.000
 U12            0.000         1.000
 U13            0.000         0.000         1.000
 U14            0.000         0.000         0.000         1.000
 U15            0.000         0.000         0.000         0.000         1.000
 U21            0.000         0.000         0.000         0.000         0.000
 U22            0.000         0.000         0.000         0.000         0.000
 U23            0.000         0.000         0.000         0.000         0.000
 U24            0.000         0.000         0.000         0.000         0.000
 U25            0.000         0.000         0.000         0.000         0.000


           THETA
              U21           U22           U23           U24           U25
              ________      ________      ________      ________      ________
 U21            1.000
 U22            0.000         1.000
 U23            0.000         0.000         1.000
 U24            0.000         0.000         0.000         1.000
 U25            0.000         0.000         0.000         0.000         1.000


     STARTING VALUES FOR LATENT CLASS PATTERN 2 2


           NU
              U11           U12           U13           U14           U15
              ________      ________      ________      ________      ________
                0.000         0.000         0.000         0.000         0.000


           NU
              U21           U22           U23           U24           U25
              ________      ________      ________      ________      ________
                0.000         0.000         0.000         0.000         0.000


           THETA
              U11           U12           U13           U14           U15
              ________      ________      ________      ________      ________
 U11            1.000
 U12            0.000         1.000
 U13            0.000         0.000         1.000
 U14            0.000         0.000         0.000         1.000
 U15            0.000         0.000         0.000         0.000         1.000
 U21            0.000         0.000         0.000         0.000         0.000
 U22            0.000         0.000         0.000         0.000         0.000
 U23            0.000         0.000         0.000         0.000         0.000
 U24            0.000         0.000         0.000         0.000         0.000
 U25            0.000         0.000         0.000         0.000         0.000


           THETA
              U21           U22           U23           U24           U25
              ________      ________      ________      ________      ________
 U21            1.000
 U22            0.000         1.000
 U23            0.000         0.000         1.000
 U24            0.000         0.000         0.000         1.000
 U25            0.000         0.000         0.000         0.000         1.000


     STARTING VALUES FOR LATENT CLASS PATTERN 2 3


           NU
              U11           U12           U13           U14           U15
              ________      ________      ________      ________      ________
                0.000         0.000         0.000         0.000         0.000


           NU
              U21           U22           U23           U24           U25
              ________      ________      ________      ________      ________
                0.000         0.000         0.000         0.000         0.000


           THETA
              U11           U12           U13           U14           U15
              ________      ________      ________      ________      ________
 U11            1.000
 U12            0.000         1.000
 U13            0.000         0.000         1.000
 U14            0.000         0.000         0.000         1.000
 U15            0.000         0.000         0.000         0.000         1.000
 U21            0.000         0.000         0.000         0.000         0.000
 U22            0.000         0.000         0.000         0.000         0.000
 U23            0.000         0.000         0.000         0.000         0.000
 U24            0.000         0.000         0.000         0.000         0.000
 U25            0.000         0.000         0.000         0.000         0.000


           THETA
              U21           U22           U23           U24           U25
              ________      ________      ________      ________      ________
 U21            1.000
 U22            0.000         1.000
 U23            0.000         0.000         1.000
 U24            0.000         0.000         0.000         1.000
 U25            0.000         0.000         0.000         0.000         1.000


     STARTING VALUES FOR LATENT CLASS PATTERN 3 1


           NU
              U11           U12           U13           U14           U15
              ________      ________      ________      ________      ________
                0.000         0.000         0.000         0.000         0.000


           NU
              U21           U22           U23           U24           U25
              ________      ________      ________      ________      ________
                0.000         0.000         0.000         0.000         0.000


           THETA
              U11           U12           U13           U14           U15
              ________      ________      ________      ________      ________
 U11            1.000
 U12            0.000         1.000
 U13            0.000         0.000         1.000
 U14            0.000         0.000         0.000         1.000
 U15            0.000         0.000         0.000         0.000         1.000
 U21            0.000         0.000         0.000         0.000         0.000
 U22            0.000         0.000         0.000         0.000         0.000
 U23            0.000         0.000         0.000         0.000         0.000
 U24            0.000         0.000         0.000         0.000         0.000
 U25            0.000         0.000         0.000         0.000         0.000


           THETA
              U21           U22           U23           U24           U25
              ________      ________      ________      ________      ________
 U21            1.000
 U22            0.000         1.000
 U23            0.000         0.000         1.000
 U24            0.000         0.000         0.000         1.000
 U25            0.000         0.000         0.000         0.000         1.000


     STARTING VALUES FOR LATENT CLASS PATTERN 3 2


           NU
              U11           U12           U13           U14           U15
              ________      ________      ________      ________      ________
                0.000         0.000         0.000         0.000         0.000


           NU
              U21           U22           U23           U24           U25
              ________      ________      ________      ________      ________
                0.000         0.000         0.000         0.000         0.000


           THETA
              U11           U12           U13           U14           U15
              ________      ________      ________      ________      ________
 U11            1.000
 U12            0.000         1.000
 U13            0.000         0.000         1.000
 U14            0.000         0.000         0.000         1.000
 U15            0.000         0.000         0.000         0.000         1.000
 U21            0.000         0.000         0.000         0.000         0.000
 U22            0.000         0.000         0.000         0.000         0.000
 U23            0.000         0.000         0.000         0.000         0.000
 U24            0.000         0.000         0.000         0.000         0.000
 U25            0.000         0.000         0.000         0.000         0.000


           THETA
              U21           U22           U23           U24           U25
              ________      ________      ________      ________      ________
 U21            1.000
 U22            0.000         1.000
 U23            0.000         0.000         1.000
 U24            0.000         0.000         0.000         1.000
 U25            0.000         0.000         0.000         0.000         1.000


     STARTING VALUES FOR LATENT CLASS PATTERN 3 3


           NU
              U11           U12           U13           U14           U15
              ________      ________      ________      ________      ________
                0.000         0.000         0.000         0.000         0.000


           NU
              U21           U22           U23           U24           U25
              ________      ________      ________      ________      ________
                0.000         0.000         0.000         0.000         0.000


           THETA
              U11           U12           U13           U14           U15
              ________      ________      ________      ________      ________
 U11            1.000
 U12            0.000         1.000
 U13            0.000         0.000         1.000
 U14            0.000         0.000         0.000         1.000
 U15            0.000         0.000         0.000         0.000         1.000
 U21            0.000         0.000         0.000         0.000         0.000
 U22            0.000         0.000         0.000         0.000         0.000
 U23            0.000         0.000         0.000         0.000         0.000
 U24            0.000         0.000         0.000         0.000         0.000
 U25            0.000         0.000         0.000         0.000         0.000


           THETA
              U21           U22           U23           U24           U25
              ________      ________      ________      ________      ________
 U21            1.000
 U22            0.000         1.000
 U23            0.000         0.000         1.000
 U24            0.000         0.000         0.000         1.000
 U25            0.000         0.000         0.000         0.000         1.000


     STARTING VALUES FOR LATENT CLASS INDICATOR MODEL PART


           TAU(U) FOR LATENT CLASS PATTERN 1 1
              U11$1         U12$1         U13$1         U14$1         U15$1
              ________      ________      ________      ________      ________
               -5.000        -1.210        -1.450        -1.550        -5.000


           TAU(U) FOR LATENT CLASS PATTERN 1 1
              U21$1         U22$1         U23$1         U24$1         U25$1
              ________      ________      ________      ________      ________
               -5.000        -1.210        -1.450        -1.550        -5.000


           TAU(U) FOR LATENT CLASS PATTERN 1 2
              U11$1         U12$1         U13$1         U14$1         U15$1
              ________      ________      ________      ________      ________
               -5.000        -1.210        -1.450        -1.550        -5.000


           TAU(U) FOR LATENT CLASS PATTERN 1 2
              U21$1         U22$1         U23$1         U24$1         U25$1
              ________      ________      ________      ________      ________
                5.000        -5.000         0.940        -0.020        -0.890


           TAU(U) FOR LATENT CLASS PATTERN 1 3
              U11$1         U12$1         U13$1         U14$1         U15$1
              ________      ________      ________      ________      ________
               -5.000        -1.210        -1.450        -1.550        -5.000


           TAU(U) FOR LATENT CLASS PATTERN 1 3
              U21$1         U22$1         U23$1         U24$1         U25$1
              ________      ________      ________      ________      ________
               -5.000         1.550         4.170        -0.160        -1.990


           TAU(U) FOR LATENT CLASS PATTERN 2 1
              U11$1         U12$1         U13$1         U14$1         U15$1
              ________      ________      ________      ________      ________
                5.000        -5.000         0.940        -0.020        -0.890


           TAU(U) FOR LATENT CLASS PATTERN 2 1
              U21$1         U22$1         U23$1         U24$1         U25$1
              ________      ________      ________      ________      ________
               -5.000        -1.210        -1.450        -1.550        -5.000


           TAU(U) FOR LATENT CLASS PATTERN 2 2
              U11$1         U12$1         U13$1         U14$1         U15$1
              ________      ________      ________      ________      ________
                5.000        -5.000         0.940        -0.020        -0.890


           TAU(U) FOR LATENT CLASS PATTERN 2 2
              U21$1         U22$1         U23$1         U24$1         U25$1
              ________      ________      ________      ________      ________
                5.000        -5.000         0.940        -0.020        -0.890


           TAU(U) FOR LATENT CLASS PATTERN 2 3
              U11$1         U12$1         U13$1         U14$1         U15$1
              ________      ________      ________      ________      ________
                5.000        -5.000         0.940        -0.020        -0.890


           TAU(U) FOR LATENT CLASS PATTERN 2 3
              U21$1         U22$1         U23$1         U24$1         U25$1
              ________      ________      ________      ________      ________
               -5.000         1.550         4.170        -0.160        -1.990


           TAU(U) FOR LATENT CLASS PATTERN 3 1
              U11$1         U12$1         U13$1         U14$1         U15$1
              ________      ________      ________      ________      ________
               -5.000         1.550         4.170        -0.160        -1.990


           TAU(U) FOR LATENT CLASS PATTERN 3 1
              U21$1         U22$1         U23$1         U24$1         U25$1
              ________      ________      ________      ________      ________
               -5.000        -1.210        -1.450        -1.550        -5.000


           TAU(U) FOR LATENT CLASS PATTERN 3 2
              U11$1         U12$1         U13$1         U14$1         U15$1
              ________      ________      ________      ________      ________
               -5.000         1.550         4.170        -0.160        -1.990


           TAU(U) FOR LATENT CLASS PATTERN 3 2
              U21$1         U22$1         U23$1         U24$1         U25$1
              ________      ________      ________      ________      ________
                5.000        -5.000         0.940        -0.020        -0.890


           TAU(U) FOR LATENT CLASS PATTERN 3 3
              U11$1         U12$1         U13$1         U14$1         U15$1
              ________      ________      ________      ________      ________
               -5.000         1.550         4.170        -0.160        -1.990


           TAU(U) FOR LATENT CLASS PATTERN 3 3
              U21$1         U22$1         U23$1         U24$1         U25$1
              ________      ________      ________      ________      ________
               -5.000         1.550         4.170        -0.160        -1.990


     STARTING VALUES FOR LATENT CLASS REGRESSION MODEL PART


           ALPHA(C)
              C1#1          C1#2          C1#3          C2#1          C2#2
              ________      ________      ________      ________      ________
                1.897         1.099         0.000        -1.100        -1.100


           ALPHA(C)
              C2#3
              ________
                0.000


           BETA(C)
              C1#1          C1#2          C1#3
              ________      ________      ________
 C2#1           3.179         1.100         0.000
 C2#2           1.100         1.793         0.000
 C2#3           0.000         0.000         0.000


     STARTING VALUES FOR THE ADDITIONAL PARAMETERS


           NEW/ADDITIONAL PARAMETERS
              TRANS11       TRANS12       TRANS13       TRANS21       TRANS22
              ________      ________      ________      ________      ________
                0.800         0.100         0.100         0.250         0.500


           NEW/ADDITIONAL PARAMETERS
              TRANS23
              ________
                0.250


     POPULATION VALUES FOR LATENT CLASS PATTERN 1 1


           NU
              U11           U12           U13           U14           U15
              ________      ________      ________      ________      ________
                0.000         0.000         0.000         0.000         0.000


           NU
              U21           U22           U23           U24           U25
              ________      ________      ________      ________      ________
                0.000         0.000         0.000         0.000         0.000


           LAMBDA
              F
              ________
 U11            0.700
 U12            0.700
 U13            0.700
 U14            0.700
 U15            0.700
 U21            0.700
 U22            0.700
 U23            0.700
 U24            0.700
 U25            0.700


           THETA
              U11           U12           U13           U14           U15
              ________      ________      ________      ________      ________
 U11            0.000
 U12            0.000         0.000
 U13            0.000         0.000         0.000
 U14            0.000         0.000         0.000         0.000
 U15            0.000         0.000         0.000         0.000         0.000
 U21            0.000         0.000         0.000         0.000         0.000
 U22            0.000         0.000         0.000         0.000         0.000
 U23            0.000         0.000         0.000         0.000         0.000
 U24            0.000         0.000         0.000         0.000         0.000
 U25            0.000         0.000         0.000         0.000         0.000


           THETA
              U21           U22           U23           U24           U25
              ________      ________      ________      ________      ________
 U21            0.000
 U22            0.000         0.000
 U23            0.000         0.000         0.000
 U24            0.000         0.000         0.000         0.000
 U25            0.000         0.000         0.000         0.000         0.000


           ALPHA
              F
              ________
                0.000


           BETA
              F
              ________
 F              0.000


           PSI
              F
              ________
 F              1.000


     POPULATION VALUES FOR LATENT CLASS PATTERN 1 2


           NU
              U11           U12           U13           U14           U15
              ________      ________      ________      ________      ________
                0.000         0.000         0.000         0.000         0.000


           NU
              U21           U22           U23           U24           U25
              ________      ________      ________      ________      ________
                0.000         0.000         0.000         0.000         0.000


           LAMBDA
              F
              ________
 U11            0.700
 U12            0.700
 U13            0.700
 U14            0.700
 U15            0.700
 U21            0.700
 U22            0.700
 U23            0.700
 U24            0.700
 U25            0.700


           THETA
              U11           U12           U13           U14           U15
              ________      ________      ________      ________      ________
 U11            0.000
 U12            0.000         0.000
 U13            0.000         0.000         0.000
 U14            0.000         0.000         0.000         0.000
 U15            0.000         0.000         0.000         0.000         0.000
 U21            0.000         0.000         0.000         0.000         0.000
 U22            0.000         0.000         0.000         0.000         0.000
 U23            0.000         0.000         0.000         0.000         0.000
 U24            0.000         0.000         0.000         0.000         0.000
 U25            0.000         0.000         0.000         0.000         0.000


           THETA
              U21           U22           U23           U24           U25
              ________      ________      ________      ________      ________
 U21            0.000
 U22            0.000         0.000
 U23            0.000         0.000         0.000
 U24            0.000         0.000         0.000         0.000
 U25            0.000         0.000         0.000         0.000         0.000


           ALPHA
              F
              ________
                0.000


           BETA
              F
              ________
 F              0.000


           PSI
              F
              ________
 F              1.000


     POPULATION VALUES FOR LATENT CLASS PATTERN 1 3


           NU
              U11           U12           U13           U14           U15
              ________      ________      ________      ________      ________
                0.000         0.000         0.000         0.000         0.000


           NU
              U21           U22           U23           U24           U25
              ________      ________      ________      ________      ________
                0.000         0.000         0.000         0.000         0.000


           LAMBDA
              F
              ________
 U11            0.700
 U12            0.700
 U13            0.700
 U14            0.700
 U15            0.700
 U21            0.700
 U22            0.700
 U23            0.700
 U24            0.700
 U25            0.700


           THETA
              U11           U12           U13           U14           U15
              ________      ________      ________      ________      ________
 U11            0.000
 U12            0.000         0.000
 U13            0.000         0.000         0.000
 U14            0.000         0.000         0.000         0.000
 U15            0.000         0.000         0.000         0.000         0.000
 U21            0.000         0.000         0.000         0.000         0.000
 U22            0.000         0.000         0.000         0.000         0.000
 U23            0.000         0.000         0.000         0.000         0.000
 U24            0.000         0.000         0.000         0.000         0.000
 U25            0.000         0.000         0.000         0.000         0.000


           THETA
              U21           U22           U23           U24           U25
              ________      ________      ________      ________      ________
 U21            0.000
 U22            0.000         0.000
 U23            0.000         0.000         0.000
 U24            0.000         0.000         0.000         0.000
 U25            0.000         0.000         0.000         0.000         0.000


           ALPHA
              F
              ________
                0.000


           BETA
              F
              ________
 F              0.000


           PSI
              F
              ________
 F              1.000


     POPULATION VALUES FOR LATENT CLASS PATTERN 2 1


           NU
              U11           U12           U13           U14           U15
              ________      ________      ________      ________      ________
                0.000         0.000         0.000         0.000         0.000


           NU
              U21           U22           U23           U24           U25
              ________      ________      ________      ________      ________
                0.000         0.000         0.000         0.000         0.000


           LAMBDA
              F
              ________
 U11            0.700
 U12            0.700
 U13            0.700
 U14            0.700
 U15            0.700
 U21            0.700
 U22            0.700
 U23            0.700
 U24            0.700
 U25            0.700


           THETA
              U11           U12           U13           U14           U15
              ________      ________      ________      ________      ________
 U11            0.000
 U12            0.000         0.000
 U13            0.000         0.000         0.000
 U14            0.000         0.000         0.000         0.000
 U15            0.000         0.000         0.000         0.000         0.000
 U21            0.000         0.000         0.000         0.000         0.000
 U22            0.000         0.000         0.000         0.000         0.000
 U23            0.000         0.000         0.000         0.000         0.000
 U24            0.000         0.000         0.000         0.000         0.000
 U25            0.000         0.000         0.000         0.000         0.000


           THETA
              U21           U22           U23           U24           U25
              ________      ________      ________      ________      ________
 U21            0.000
 U22            0.000         0.000
 U23            0.000         0.000         0.000
 U24            0.000         0.000         0.000         0.000
 U25            0.000         0.000         0.000         0.000         0.000


           ALPHA
              F
              ________
                0.000


           BETA
              F
              ________
 F              0.000


           PSI
              F
              ________
 F              1.000


     POPULATION VALUES FOR LATENT CLASS PATTERN 2 2


           NU
              U11           U12           U13           U14           U15
              ________      ________      ________      ________      ________
                0.000         0.000         0.000         0.000         0.000


           NU
              U21           U22           U23           U24           U25
              ________      ________      ________      ________      ________
                0.000         0.000         0.000         0.000         0.000


           LAMBDA
              F
              ________
 U11            0.700
 U12            0.700
 U13            0.700
 U14            0.700
 U15            0.700
 U21            0.700
 U22            0.700
 U23            0.700
 U24            0.700
 U25            0.700


           THETA
              U11           U12           U13           U14           U15
              ________      ________      ________      ________      ________
 U11            0.000
 U12            0.000         0.000
 U13            0.000         0.000         0.000
 U14            0.000         0.000         0.000         0.000
 U15            0.000         0.000         0.000         0.000         0.000
 U21            0.000         0.000         0.000         0.000         0.000
 U22            0.000         0.000         0.000         0.000         0.000
 U23            0.000         0.000         0.000         0.000         0.000
 U24            0.000         0.000         0.000         0.000         0.000
 U25            0.000         0.000         0.000         0.000         0.000


           THETA
              U21           U22           U23           U24           U25
              ________      ________      ________      ________      ________
 U21            0.000
 U22            0.000         0.000
 U23            0.000         0.000         0.000
 U24            0.000         0.000         0.000         0.000
 U25            0.000         0.000         0.000         0.000         0.000


           ALPHA
              F
              ________
                0.000


           BETA
              F
              ________
 F              0.000


           PSI
              F
              ________
 F              1.000


     POPULATION VALUES FOR LATENT CLASS PATTERN 2 3


           NU
              U11           U12           U13           U14           U15
              ________      ________      ________      ________      ________
                0.000         0.000         0.000         0.000         0.000


           NU
              U21           U22           U23           U24           U25
              ________      ________      ________      ________      ________
                0.000         0.000         0.000         0.000         0.000


           LAMBDA
              F
              ________
 U11            0.700
 U12            0.700
 U13            0.700
 U14            0.700
 U15            0.700
 U21            0.700
 U22            0.700
 U23            0.700
 U24            0.700
 U25            0.700


           THETA
              U11           U12           U13           U14           U15
              ________      ________      ________      ________      ________
 U11            0.000
 U12            0.000         0.000
 U13            0.000         0.000         0.000
 U14            0.000         0.000         0.000         0.000
 U15            0.000         0.000         0.000         0.000         0.000
 U21            0.000         0.000         0.000         0.000         0.000
 U22            0.000         0.000         0.000         0.000         0.000
 U23            0.000         0.000         0.000         0.000         0.000
 U24            0.000         0.000         0.000         0.000         0.000
 U25            0.000         0.000         0.000         0.000         0.000


           THETA
              U21           U22           U23           U24           U25
              ________      ________      ________      ________      ________
 U21            0.000
 U22            0.000         0.000
 U23            0.000         0.000         0.000
 U24            0.000         0.000         0.000         0.000
 U25            0.000         0.000         0.000         0.000         0.000


           ALPHA
              F
              ________
                0.000


           BETA
              F
              ________
 F              0.000


           PSI
              F
              ________
 F              1.000


     POPULATION VALUES FOR LATENT CLASS PATTERN 3 1


           NU
              U11           U12           U13           U14           U15
              ________      ________      ________      ________      ________
                0.000         0.000         0.000         0.000         0.000


           NU
              U21           U22           U23           U24           U25
              ________      ________      ________      ________      ________
                0.000         0.000         0.000         0.000         0.000


           LAMBDA
              F
              ________
 U11            0.700
 U12            0.700
 U13            0.700
 U14            0.700
 U15            0.700
 U21            0.700
 U22            0.700
 U23            0.700
 U24            0.700
 U25            0.700


           THETA
              U11           U12           U13           U14           U15
              ________      ________      ________      ________      ________
 U11            0.000
 U12            0.000         0.000
 U13            0.000         0.000         0.000
 U14            0.000         0.000         0.000         0.000
 U15            0.000         0.000         0.000         0.000         0.000
 U21            0.000         0.000         0.000         0.000         0.000
 U22            0.000         0.000         0.000         0.000         0.000
 U23            0.000         0.000         0.000         0.000         0.000
 U24            0.000         0.000         0.000         0.000         0.000
 U25            0.000         0.000         0.000         0.000         0.000


           THETA
              U21           U22           U23           U24           U25
              ________      ________      ________      ________      ________
 U21            0.000
 U22            0.000         0.000
 U23            0.000         0.000         0.000
 U24            0.000         0.000         0.000         0.000
 U25            0.000         0.000         0.000         0.000         0.000


           ALPHA
              F
              ________
                0.000


           BETA
              F
              ________
 F              0.000


           PSI
              F
              ________
 F              1.000


     POPULATION VALUES FOR LATENT CLASS PATTERN 3 2


           NU
              U11           U12           U13           U14           U15
              ________      ________      ________      ________      ________
                0.000         0.000         0.000         0.000         0.000


           NU
              U21           U22           U23           U24           U25
              ________      ________      ________      ________      ________
                0.000         0.000         0.000         0.000         0.000


           LAMBDA
              F
              ________
 U11            0.700
 U12            0.700
 U13            0.700
 U14            0.700
 U15            0.700
 U21            0.700
 U22            0.700
 U23            0.700
 U24            0.700
 U25            0.700


           THETA
              U11           U12           U13           U14           U15
              ________      ________      ________      ________      ________
 U11            0.000
 U12            0.000         0.000
 U13            0.000         0.000         0.000
 U14            0.000         0.000         0.000         0.000
 U15            0.000         0.000         0.000         0.000         0.000
 U21            0.000         0.000         0.000         0.000         0.000
 U22            0.000         0.000         0.000         0.000         0.000
 U23            0.000         0.000         0.000         0.000         0.000
 U24            0.000         0.000         0.000         0.000         0.000
 U25            0.000         0.000         0.000         0.000         0.000


           THETA
              U21           U22           U23           U24           U25
              ________      ________      ________      ________      ________
 U21            0.000
 U22            0.000         0.000
 U23            0.000         0.000         0.000
 U24            0.000         0.000         0.000         0.000
 U25            0.000         0.000         0.000         0.000         0.000


           ALPHA
              F
              ________
                0.000


           BETA
              F
              ________
 F              0.000


           PSI
              F
              ________
 F              1.000


     POPULATION VALUES FOR LATENT CLASS PATTERN 3 3


           NU
              U11           U12           U13           U14           U15
              ________      ________      ________      ________      ________
                0.000         0.000         0.000         0.000         0.000


           NU
              U21           U22           U23           U24           U25
              ________      ________      ________      ________      ________
                0.000         0.000         0.000         0.000         0.000


           LAMBDA
              F
              ________
 U11            0.700
 U12            0.700
 U13            0.700
 U14            0.700
 U15            0.700
 U21            0.700
 U22            0.700
 U23            0.700
 U24            0.700
 U25            0.700


           THETA
              U11           U12           U13           U14           U15
              ________      ________      ________      ________      ________
 U11            0.000
 U12            0.000         0.000
 U13            0.000         0.000         0.000
 U14            0.000         0.000         0.000         0.000
 U15            0.000         0.000         0.000         0.000         0.000
 U21            0.000         0.000         0.000         0.000         0.000
 U22            0.000         0.000         0.000         0.000         0.000
 U23            0.000         0.000         0.000         0.000         0.000
 U24            0.000         0.000         0.000         0.000         0.000
 U25            0.000         0.000         0.000         0.000         0.000


           THETA
              U21           U22           U23           U24           U25
              ________      ________      ________      ________      ________
 U21            0.000
 U22            0.000         0.000
 U23            0.000         0.000         0.000
 U24            0.000         0.000         0.000         0.000
 U25            0.000         0.000         0.000         0.000         0.000


           ALPHA
              F
              ________
                0.000


           BETA
              F
              ________
 F              0.000


           PSI
              F
              ________
 F              1.000


     POPULATION VALUES FOR LATENT CLASS INDICATOR MODEL PART


           TAU(U) FOR LATENT CLASS PATTERN 1 1
              U11$1         U12$1         U13$1         U14$1         U15$1
              ________      ________      ________      ________      ________
               -5.000        -1.210        -1.450        -1.550        -5.000


           TAU(U) FOR LATENT CLASS PATTERN 1 1
              U21$1         U22$1         U23$1         U24$1         U25$1
              ________      ________      ________      ________      ________
               -5.000        -1.210        -1.450        -1.550        -5.000


           TAU(U) FOR LATENT CLASS PATTERN 1 2
              U11$1         U12$1         U13$1         U14$1         U15$1
              ________      ________      ________      ________      ________
               -5.000        -1.210        -1.450        -1.550        -5.000


           TAU(U) FOR LATENT CLASS PATTERN 1 2
              U21$1         U22$1         U23$1         U24$1         U25$1
              ________      ________      ________      ________      ________
                5.000        -5.000         0.940        -0.020        -0.890


           TAU(U) FOR LATENT CLASS PATTERN 1 3
              U11$1         U12$1         U13$1         U14$1         U15$1
              ________      ________      ________      ________      ________
               -5.000        -1.210        -1.450        -1.550        -5.000


           TAU(U) FOR LATENT CLASS PATTERN 1 3
              U21$1         U22$1         U23$1         U24$1         U25$1
              ________      ________      ________      ________      ________
               -5.000         1.550         4.170        -0.160        -1.990


           TAU(U) FOR LATENT CLASS PATTERN 2 1
              U11$1         U12$1         U13$1         U14$1         U15$1
              ________      ________      ________      ________      ________
                5.000        -5.000         0.940        -0.020        -0.890


           TAU(U) FOR LATENT CLASS PATTERN 2 1
              U21$1         U22$1         U23$1         U24$1         U25$1
              ________      ________      ________      ________      ________
               -5.000        -1.210        -1.450        -1.550        -5.000


           TAU(U) FOR LATENT CLASS PATTERN 2 2
              U11$1         U12$1         U13$1         U14$1         U15$1
              ________      ________      ________      ________      ________
                5.000        -5.000         0.940        -0.020        -0.890


           TAU(U) FOR LATENT CLASS PATTERN 2 2
              U21$1         U22$1         U23$1         U24$1         U25$1
              ________      ________      ________      ________      ________
                5.000        -5.000         0.940        -0.020        -0.890


           TAU(U) FOR LATENT CLASS PATTERN 2 3
              U11$1         U12$1         U13$1         U14$1         U15$1
              ________      ________      ________      ________      ________
                5.000        -5.000         0.940        -0.020        -0.890


           TAU(U) FOR LATENT CLASS PATTERN 2 3
              U21$1         U22$1         U23$1         U24$1         U25$1
              ________      ________      ________      ________      ________
               -5.000         1.550         4.170        -0.160        -1.990


           TAU(U) FOR LATENT CLASS PATTERN 3 1
              U11$1         U12$1         U13$1         U14$1         U15$1
              ________      ________      ________      ________      ________
               -5.000         1.550         4.170        -0.160        -1.990


           TAU(U) FOR LATENT CLASS PATTERN 3 1
              U21$1         U22$1         U23$1         U24$1         U25$1
              ________      ________      ________      ________      ________
               -5.000        -1.210        -1.450        -1.550        -5.000


           TAU(U) FOR LATENT CLASS PATTERN 3 2
              U11$1         U12$1         U13$1         U14$1         U15$1
              ________      ________      ________      ________      ________
               -5.000         1.550         4.170        -0.160        -1.990


           TAU(U) FOR LATENT CLASS PATTERN 3 2
              U21$1         U22$1         U23$1         U24$1         U25$1
              ________      ________      ________      ________      ________
                5.000        -5.000         0.940        -0.020        -0.890


           TAU(U) FOR LATENT CLASS PATTERN 3 3
              U11$1         U12$1         U13$1         U14$1         U15$1
              ________      ________      ________      ________      ________
               -5.000         1.550         4.170        -0.160        -1.990


           TAU(U) FOR LATENT CLASS PATTERN 3 3
              U21$1         U22$1         U23$1         U24$1         U25$1
              ________      ________      ________      ________      ________
               -5.000         1.550         4.170        -0.160        -1.990


     POPULATION VALUES FOR LATENT CLASS REGRESSION MODEL PART


           ALPHA(C)
              C1#1          C1#2          C1#3          C2#1          C2#2
              ________      ________      ________      ________      ________
                1.897         1.099         0.000        -1.100        -1.100


           ALPHA(C)
              C2#3
              ________
                0.000


           GAMMA(C)
              F
              ________
 C1#1           0.000
 C1#2           0.000
 C1#3           0.000
 C2#1           0.000
 C2#2           0.000
 C2#3           0.000


           BETA(C)
              C1#1          C1#2          C1#3
              ________      ________      ________
 C2#1           3.179         1.100         0.000
 C2#2           1.100         1.793         0.000
 C2#3           0.000         0.000         0.000


RESULTS SAVING INFORMATION

  Order of data

    Replication number
    Parameter estimates
     (saved in order shown in Technical 1 output)
    Standard errors
     (saved in order shown in Technical 1 output)
    Number of Free Parameters
    H0 Loglikelihood
    Akaike (AIC)
    Bayesian (BIC)
    Sample-Size Adjusted BIC
    Pearson Chi-Square : Value
    Pearson Chi-Square : Degrees of Freedom
    Pearson Chi-Square : P-Value
    Likelihood Chi-Square : Value
    Likelihood Chi-Square : Degrees of Freedom
    Likelihood Chi-Square : P-Value

  Save file
    RILTA_LTA_M2_N_5000_TP_3.179_M_2_L_0.7.csv

  Save file format           Free


     Beginning Time:  00:47:31
        Ending Time:  01:20:53
       Elapsed Time:  00:33:22



MUTHEN & MUTHEN
3463 Stoner Ave.
Los Angeles, CA  90066

Tel: (310) 391-9971
Fax: (310) 391-8971
Web: www.StatModel.com
Support: Support@StatModel.com

Copyright (c) 1998-2021 Muthen & Muthen
