Mplus VERSION 8.7
MUTHEN & MUTHEN
01/17/2025   4:55 PM

INPUT INSTRUCTIONS

  TITLE:
  Generate RILTA_LTA_M3_N_5000_TP_0.407_M_1_L_0.3
  MONTECARLO:
  NAMES = u11-u15 u21-u25;
  GENERATE = u11-u15 u21-u25(1);
  CATEGORICAL = u11-u15 u21-u25;
  GENCLASSES = c1(3) c2(3);
  CLASSES = c1(3) c2(3);
  NOBSERVATIONS = 5000;
  SEED = 07252005;
  NREPS = 876;
  !SAVE = repM3*.dat;
  RESULTS = RILTA_LTA_M3_N_5000_TP_0.407_M_1_L_0.3.csv;
  MODEL POPULATION:
   %OVERALL%
   [c1#1*0] ;
   [c1#2*0] ;
   [c2#1*-1.1] ;
   [c2#2*-1.1] ;
   c2#1 on c1#1*0.407;
   c2#1 on c1#2*1.1;
   c2#2 on c1#1*1.1;
   c2#2 on c1#2*1.793147;
   	
    f by u11-u15*0.3 (p1-p5)
         u21-u25*0.3 (p1-p5);
     f@1;
     [f@0];

     MODEL POPULATION-c1:
     %c1#1%
  [u11$1*5 u12$1*2.38 u13$1*1.385 u14$1*4.59 u15$1*4.59] (p111-p115);

     %c1#2%
  [u11$1*.62 u12$1*.81 u13$1*.82 u14$1*.28 u15$1*1.39] (p121-p125);

     %c1#3%
  [u11$1*-1.45 u12$1*-2.44 u13$1*-5 u14$1*-1.70 u15$1*-.71] (p131-p135);

   MODEL POPULATION-c2:
     %c2#1%
  [u21$1*5 u22$1*2.38 u23$1*1.385 u24$1*4.59 u25$1*4.59] (p111-p115);

     %c2#2%
  [u21$1*.62 u22$1*.81 u23$1*.82 u24$1*.28 u25$1*1.39] (p121-p125);

     %c2#3%
  [u21$1*-1.45 u22$1*-2.44 u23$1*-5 u24$1*-1.70 u25$1*-.71] (p131-p135);
  ANALYSIS:
  TYPE = MIXTURE;
        algorithm = integration;
        STARTS = 50 10;
        processors = 24;
        logcriterion=0.00001;
        mconv=0.00001;
  MODEL:
    %OVERALL%
    [c1#1*0] ;
    [c1#2*0] ;
    [c2#1*-1.1] (a1);
    [c2#2*-1.1] (a2);
    c2#1 on c1#1*0.407 (b11);
    c2#1 on c1#2*1.1 (b21);
    c2#2 on c1#1*1.1 (b12);
    c2#2 on c1#2*1.793147 (b22);	

   MODEL c1:
      %c1#1%
   [u11$1*5 u12$1*2.38 u13$1*1.385 u14$1*4.59 u15$1*4.59] (p111-p115);

      %c1#2%
   [u11$1*.62 u12$1*.81 u13$1*.82 u14$1*.28 u15$1*1.39] (p121-p125);

      %c1#3%
   [u11$1*-1.45 u12$1*-2.44 u13$1*-5 u14$1*-1.70 u15$1*-.71] (p131-p135);

  MODEL c2: 	
      %c2#1%
   [u21$1*5 u22$1*2.38 u23$1*1.385 u24$1*4.59 u25$1*4.59] (p111-p115);

      %c2#2%
   [u21$1*.62 u22$1*.81 u23$1*.82 u24$1*.28 u25$1*1.39] (p121-p125);

      %c2#3%
   [u21$1*-1.45 u22$1*-2.44 u23$1*-5 u24$1*-1.70 u25$1*-.71] (p131-p135);
  MODEL CONSTRAINT:
    New(
      trans11*.2 trans12*.4 trans13*.4
      trans21*.25 trans22*.5 trans23*.25);
    trans11 = exp(a1+b11)/(exp(a1+b11)+exp(a2+b12)+1);
    trans12 = exp(a2+b12)/(exp(a1+b11)+exp(a2+b12)+1);
    trans13 = 1-(trans11+trans12);
    trans21 = exp(a1+b21)/(exp(a1+b21)+exp(a2+b22)+1);
    trans22 = exp(a2+b22)/(exp(a1+b21)+exp(a2+b22)+1);
    trans23 = 1-(trans21+trans22);




INPUT READING TERMINATED NORMALLY




Generate RILTA_LTA_M3_N_5000_TP_0.407_M_1_L_0.3

SUMMARY OF ANALYSIS

Number of groups                                                 1
Number of observations                                        5000

Number of replications
    Requested                                                  876
    Completed                                                  876
Value of seed                                              7252005

Number of dependent variables                                   10
Number of independent variables                                  0
Number of continuous latent variables                            0
Number of categorical latent variables                           2

Observed dependent variables

  Binary and ordered categorical (ordinal)
   U11         U12         U13         U14         U15         U21
   U22         U23         U24         U25

Categorical latent variables
   C1          C2


Estimator                                                      MLR
Information matrix                                        OBSERVED
Optimization Specifications for the Quasi-Newton Algorithm for
Continuous Outcomes
  Maximum number of iterations                                 100
  Convergence criterion                                  0.100D-05
Optimization Specifications for the EM Algorithm
  Maximum number of iterations                                 500
  Convergence criteria
    Loglikelihood change                                 0.100D-04
    Relative loglikelihood change                        0.100D-05
    Derivative                                           0.100D-04
Optimization Specifications for the M step of the EM Algorithm for
Categorical Latent variables
  Number of M step iterations                                    1
  M step convergence criterion                           0.100D-02
  Basis for M step termination                           ITERATION
Optimization Specifications for the M step of the EM Algorithm for
Censored, Binary or Ordered Categorical (Ordinal), Unordered
Categorical (Nominal) and Count Outcomes
  Number of M step iterations                                    1
  M step convergence criterion                           0.100D-02
  Basis for M step termination                           ITERATION
  Maximum value for logit thresholds                            15
  Minimum value for logit thresholds                           -15
  Minimum expected cell size for chi-square              0.100D-01
Optimization algorithm                                         EMA
Integration Specifications
  Type                                                    STANDARD
  Number of integration points                                  15
  Dimensions of numerical integration                            0
  Adaptive quadrature                                           ON
Random Starts Specifications
  Number of initial stage random starts                         50
  Number of final stage optimizations                           10
  Number of initial stage iterations                            10
  Initial stage convergence criterion                    0.100D+01
  Random starts scale                                    0.500D+01
  Random seed for generating random starts                       0
Parameterization                                             LOGIT
Link                                                         LOGIT
Cholesky                                                        ON





MODEL FIT INFORMATION

Number of Free Parameters                       23

Loglikelihood

    H0 Value

        Mean                            -27456.665
        Std Dev                            116.170
        Number of successful computations      876

             Proportions                   Percentiles
        Expected    Observed         Expected       Observed
           0.990       0.992       -27726.912     -27723.415
           0.980       0.984       -27695.244     -27688.481
           0.950       0.955       -27647.753     -27641.406
           0.900       0.911       -27605.549     -27601.406
           0.800       0.809       -27554.434     -27551.584
           0.700       0.689       -27517.585     -27520.312
           0.500       0.492       -27456.665     -27458.955
           0.300       0.272       -27395.745     -27401.049
           0.200       0.193       -27358.896     -27362.681
           0.100       0.112       -27307.781     -27303.426
           0.050       0.063       -27265.577     -27254.876
           0.020       0.025       -27218.086     -27208.760
           0.010       0.011       -27186.418     -27185.794

Information Criteria

    Akaike (AIC)

        Mean                             54959.330
        Std Dev                            232.340
        Number of successful computations      876

             Proportions                   Percentiles
        Expected    Observed         Expected       Observed
           0.990       0.989        54418.837      54387.108
           0.980       0.975        54482.173      54453.525
           0.950       0.937        54577.153      54553.897
           0.900       0.888        54661.563      54648.010
           0.800       0.807        54763.792      54771.025
           0.700       0.728        54837.491      54847.518
           0.500       0.508        54959.330      54963.451
           0.300       0.311        55081.169      55085.349
           0.200       0.191        55154.868      55148.404
           0.100       0.089        55257.097      55247.318
           0.050       0.045        55341.507      55327.527
           0.020       0.016        55436.487      55419.847
           0.010       0.008        55499.823      55463.923

    Bayesian (BIC)

        Mean                             55109.225
        Std Dev                            232.340
        Number of successful computations      876

             Proportions                   Percentiles
        Expected    Observed         Expected       Observed
           0.990       0.989        54568.732      54537.004
           0.980       0.975        54632.068      54603.420
           0.950       0.937        54727.049      54703.793
           0.900       0.888        54811.458      54797.905
           0.800       0.807        54913.688      54920.921
           0.700       0.728        54987.386      54997.414
           0.500       0.508        55109.225      55113.347
           0.300       0.311        55231.065      55235.244
           0.200       0.191        55304.763      55298.299
           0.100       0.089        55406.993      55397.214
           0.050       0.045        55491.402      55477.422
           0.020       0.016        55586.383      55569.743
           0.010       0.008        55649.719      55613.818

    Sample-Size Adjusted BIC (n* = (n + 2) / 24)

        Mean                             55036.139
        Std Dev                            232.340
        Number of successful computations      876

             Proportions                   Percentiles
        Expected    Observed         Expected       Observed
           0.990       0.989        54495.646      54463.917
           0.980       0.975        54558.982      54530.334
           0.950       0.937        54653.963      54630.707
           0.900       0.888        54738.372      54724.819
           0.800       0.807        54840.602      54847.835
           0.700       0.728        54914.300      54924.328
           0.500       0.508        55036.139      55040.261
           0.300       0.311        55157.979      55162.158
           0.200       0.191        55231.677      55225.213
           0.100       0.089        55333.907      55324.128
           0.050       0.045        55418.316      55404.336
           0.020       0.016        55513.297      55496.657
           0.010       0.008        55576.633      55540.732

Chi-Square Test of Model Fit for the Binary and Ordered Categorical
(Ordinal) Outcomes

    Pearson Chi-Square

        Mean                              1013.023
        Std Dev                             52.305
        Degrees of freedom                    1000
        Number of successful computations      876

             Proportions                   Percentiles
        Expected    Observed         Expected       Observed
           0.990       0.994          898.912        901.279
           0.980       0.981          910.313        909.210
           0.950       0.959          927.594        932.359
           0.900       0.922          943.133        947.569
           0.800       0.821          962.180        967.014
           0.700       0.734          976.074        980.436
           0.500       0.586          999.333       1011.416
           0.300       0.413         1022.960       1040.541
           0.200       0.315         1037.431       1057.304
           0.100       0.195         1057.724       1080.535
           0.050       0.116         1074.679       1099.393
           0.020       0.056         1093.977       1133.935
           0.010       0.045         1106.969       1141.801

    Likelihood Ratio Chi-Square

        Mean                              1023.260
        Std Dev                             39.597
        Degrees of freedom                    1000
        Number of successful computations      876

             Proportions                   Percentiles
        Expected    Observed         Expected       Observed
           0.990       1.000          898.912        938.386
           0.980       1.000          910.313        946.460
           0.950       0.998          927.594        959.943
           0.900       0.986          943.133        972.330
           0.800       0.949          962.180        988.332
           0.700       0.889          976.074       1000.078
           0.500       0.709          999.333       1020.831
           0.300       0.485         1022.960       1045.330
           0.200       0.369         1037.431       1058.498
           0.100       0.208         1057.724       1074.847
           0.050       0.102         1074.679       1089.487
           0.020       0.041         1093.977       1105.865
           0.010       0.019         1106.969       1115.341



MODEL RESULTS USE THE LATENT CLASS VARIABLE ORDER

   C1  C2


FINAL CLASS COUNTS AND PROPORTIONS FOR THE LATENT CLASS PATTERNS
BASED ON THE ESTIMATED MODEL

  Latent Class
    Pattern

    1  1        498.33201          0.09967
    1  2        618.03253          0.12361
    1  3        622.27607          0.12446
    2  1        426.90164          0.08538
    2  2        785.65164          0.15713
    2  3        406.46376          0.08129
    3  1        388.12286          0.07762
    3  2        370.55792          0.07411
    3  3        883.66157          0.17673


FINAL CLASS COUNTS AND PROPORTIONS FOR EACH LATENT CLASS VARIABLE
BASED ON THE ESTIMATED MODEL

  Latent Class
    Variable    Class

    C1             1      1738.64062          0.34773
                   2      1619.01709          0.32380
                   3      1642.34241          0.32847
    C2             1      1313.35645          0.26267
                   2      1774.24207          0.35485
                   3      1912.40149          0.38248


LATENT TRANSITION PROBABILITIES BASED ON THE ESTIMATED MODEL

  C1 Classes (Rows) by C2 Classes (Columns)

            1        2        3

   1     0.288    0.355    0.357
   2     0.264    0.486    0.250
   3     0.236    0.226    0.538


FINAL CLASS COUNTS AND PROPORTIONS FOR THE LATENT CLASS PATTERNS
BASED ON ESTIMATED POSTERIOR PROBABILITIES

  Latent Class
    Pattern

    1  1        498.33206          0.09967
    1  2        618.03254          0.12361
    1  3        622.27638          0.12446
    2  1        426.90169          0.08538
    2  2        785.65162          0.15713
    2  3        406.46359          0.08129
    3  1        388.12295          0.07762
    3  2        370.55780          0.07411
    3  3        883.66137          0.17673


FINAL CLASS COUNTS AND PROPORTIONS FOR EACH LATENT CLASS VARIABLE
BASED ON ESTIMATED POSTERIOR PROBABILITIES

  Latent Class
    Variable    Class

    C1             1      1738.64099          0.34773
                   2      1619.01697          0.32380
                   3      1642.34204          0.32847
    C2             1      1313.35669          0.26267
                   2      1774.24194          0.35485
                   3      1912.40137          0.38248


FINAL CLASS COUNTS AND PROPORTIONS FOR THE LATENT CLASS PATTERNS
BASED ON THEIR MOST LIKELY LATENT CLASS PATTERN

Class Counts and Proportions

  Latent Class
    Pattern

    1  1              631          0.12623
    1  2              639          0.12778
    1  3              682          0.13631
    2  1              447          0.08932
    2  2              652          0.13048
    2  3              343          0.06859
    3  1              431          0.08621
    3  2              314          0.06280
    3  3              861          0.17228


FINAL CLASS COUNTS AND PROPORTIONS FOR EACH LATENT CLASS VARIABLE
BASED ON THEIR MOST LIKELY LATENT CLASS PATTERN

  Latent Class
    Variable    Class

    C1             1            1951          0.39032
                   2            1441          0.28839
                   3            1606          0.32129
    C2             1            1508          0.30175
                   2            1605          0.32106
                   3            1885          0.37718


CLASSIFICATION QUALITY

     Entropy                         0.680


MODEL RESULTS

                              ESTIMATES              S. E.     M. S. E.  95%  % Sig
                 Population   Average   Std. Dev.   Average             Cover Coeff

Parameters for Class-specific Model Parts of C1

Latent Class C1#1

 Thresholds
  U11$1               5.000   369.8135  4023.8835     1.4351 ********** 0.468 0.889
  U12$1               2.380     1.5821     1.7318     0.1282     3.6322 0.768 1.000
  U13$1               1.385    -0.3532    16.1711     0.1858   264.2260 0.795 0.999
  U14$1               4.590    35.8361   412.9851     1.4823 ********** 0.489 0.895
  U15$1               4.590    17.5958   238.1959     1.0045 56841.6758 0.672 0.954

Latent Class C1#2

 Thresholds
  U11$1               0.620     1.1075     8.0420     0.1689    64.8380 0.645 0.994
  U12$1               0.810     0.1924     1.4796     0.0854     2.5683 0.626 1.000
  U13$1               0.820    -1.7590    37.8053     0.2682  1434.2606 0.606 0.995
  U14$1               0.280     0.5117     6.1496     0.1910    37.8283 0.637 0.797
  U15$1               1.390     6.3820   136.0211     0.1853 18505.5312 0.639 0.997

Latent Class C1#3

 Thresholds
  U11$1              -1.450     0.2866     8.7698     0.1513    79.8370 0.589 0.993
  U12$1              -2.440    -1.1174     1.7343     0.0905     4.7536 0.589 1.000
  U13$1              -5.000    -8.0206   106.7443     0.4545 11390.4688 0.519 0.986
  U14$1              -1.700     5.7424   170.7903     0.2104 29191.4258 0.598 0.872
  U15$1              -0.710     0.4551     3.6004     0.1119    14.3054 0.591 0.997

Parameters for Class-specific Model Parts of C2

Latent Class C2#1

 Thresholds
  U21$1               5.000   369.8135  4023.8835     1.4351 ********** 0.468 0.889
  U22$1               2.380     1.5821     1.7318     0.1282     3.6322 0.768 1.000
  U23$1               1.385    -0.3532    16.1711     0.1858   264.2260 0.795 0.999
  U24$1               4.590    35.8361   412.9851     1.4823 ********** 0.489 0.895
  U25$1               4.590    17.5958   238.1959     1.0045 56841.6758 0.672 0.954

Latent Class C2#2

 Thresholds
  U21$1               0.620     1.1075     8.0420     0.1689    64.8380 0.645 0.994
  U22$1               0.810     0.1924     1.4796     0.0854     2.5683 0.626 1.000
  U23$1               0.820    -1.7590    37.8053     0.2682  1434.2606 0.606 0.995
  U24$1               0.280     0.5117     6.1496     0.1910    37.8283 0.637 0.797
  U25$1               1.390     6.3820   136.0211     0.1853 18505.5312 0.639 0.997

Latent Class C2#3

 Thresholds
  U21$1              -1.450     0.2866     8.7698     0.1513    79.8370 0.589 0.993
  U22$1              -2.440    -1.1174     1.7343     0.0905     4.7536 0.589 1.000
  U23$1              -5.000    -8.0206   106.7443     0.4545 11390.4688 0.519 0.986
  U24$1              -1.700     5.7424   170.7903     0.2104 29191.4258 0.598 0.872
  U25$1              -0.710     0.4551     3.6004     0.1119    14.3054 0.591 0.997

Categorical Latent Variables

 C2#1     ON
  C1#1                0.407     0.5483     0.4693     0.1499     0.2399 0.697 0.765
  C1#2                1.100     0.8725     0.4923     0.1665     0.2939 0.696 0.994

 C2#2     ON
  C1#1                1.100     0.8619     0.4747     0.1469     0.2818 0.686 0.985
  C1#2                1.793     1.5268     0.6580     0.1709     0.5034 0.805 0.850

 Means
  C1#1                0.000     0.0567     0.0999     0.0905     0.0132 0.909 0.091
  C1#2                0.000    -0.0153     0.1129     0.0878     0.0130 0.924 0.076
  C2#1               -1.100    -0.8181     0.4504     0.1196     0.2821 0.612 0.973
  C2#2               -1.100    -0.8680     0.4620     0.1241     0.2670 0.606 0.976

New/Additional Parameters
  TRANS11             0.200     0.2883     0.1387     0.0250     0.0270 0.708 1.000
  TRANS12             0.400     0.3547     0.0711     0.0227     0.0071 0.761 1.000
  TRANS13             0.400     0.3570     0.0718     0.0200     0.0070 0.757 1.000
  TRANS21             0.250     0.2637     0.0537     0.0262     0.0031 0.739 1.000
  TRANS22             0.500     0.4863     0.0971     0.0258     0.0096 0.637 1.000
  TRANS23             0.250     0.2501     0.0520     0.0206     0.0027 0.683 1.000


QUALITY OF NUMERICAL RESULTS

     Average Condition Number for the Information Matrix      0.534E-03
       (ratio of smallest to largest eigenvalue)


C-SPECIFIC CLASSIFICATION RESULTS

Classification Quality for C1

     Entropy                         0.679

Average Latent Class Probabilities for Most Likely Latent Class Membership (Row)
by Latent Class (Column)

           1        2        3

    1   0.829    0.122    0.050
    2   0.066    0.858    0.076
    3   0.030    0.084    0.886

Classification Quality for C2

     Entropy                         0.685

Average Latent Class Probabilities for Most Likely Latent Class Membership (Row)
by Latent Class (Column)

           1        2        3

    1   0.773    0.163    0.063
    2   0.060    0.858    0.082
    3   0.028    0.086    0.887


TECHNICAL 1 OUTPUT


     PARAMETER SPECIFICATION FOR LATENT CLASS PATTERN 1 1


           NU
              U11           U12           U13           U14           U15
              ________      ________      ________      ________      ________
                    0             0             0             0             0


           NU
              U21           U22           U23           U24           U25
              ________      ________      ________      ________      ________
                    0             0             0             0             0


           THETA
              U11           U12           U13           U14           U15
              ________      ________      ________      ________      ________
 U11                0
 U12                0             0
 U13                0             0             0
 U14                0             0             0             0
 U15                0             0             0             0             0
 U21                0             0             0             0             0
 U22                0             0             0             0             0
 U23                0             0             0             0             0
 U24                0             0             0             0             0
 U25                0             0             0             0             0


           THETA
              U21           U22           U23           U24           U25
              ________      ________      ________      ________      ________
 U21                0
 U22                0             0
 U23                0             0             0
 U24                0             0             0             0
 U25                0             0             0             0             0


     PARAMETER SPECIFICATION FOR LATENT CLASS PATTERN 1 2


           NU
              U11           U12           U13           U14           U15
              ________      ________      ________      ________      ________
                    0             0             0             0             0


           NU
              U21           U22           U23           U24           U25
              ________      ________      ________      ________      ________
                    0             0             0             0             0


           THETA
              U11           U12           U13           U14           U15
              ________      ________      ________      ________      ________
 U11                0
 U12                0             0
 U13                0             0             0
 U14                0             0             0             0
 U15                0             0             0             0             0
 U21                0             0             0             0             0
 U22                0             0             0             0             0
 U23                0             0             0             0             0
 U24                0             0             0             0             0
 U25                0             0             0             0             0


           THETA
              U21           U22           U23           U24           U25
              ________      ________      ________      ________      ________
 U21                0
 U22                0             0
 U23                0             0             0
 U24                0             0             0             0
 U25                0             0             0             0             0


     PARAMETER SPECIFICATION FOR LATENT CLASS PATTERN 1 3


           NU
              U11           U12           U13           U14           U15
              ________      ________      ________      ________      ________
                    0             0             0             0             0


           NU
              U21           U22           U23           U24           U25
              ________      ________      ________      ________      ________
                    0             0             0             0             0


           THETA
              U11           U12           U13           U14           U15
              ________      ________      ________      ________      ________
 U11                0
 U12                0             0
 U13                0             0             0
 U14                0             0             0             0
 U15                0             0             0             0             0
 U21                0             0             0             0             0
 U22                0             0             0             0             0
 U23                0             0             0             0             0
 U24                0             0             0             0             0
 U25                0             0             0             0             0


           THETA
              U21           U22           U23           U24           U25
              ________      ________      ________      ________      ________
 U21                0
 U22                0             0
 U23                0             0             0
 U24                0             0             0             0
 U25                0             0             0             0             0


     PARAMETER SPECIFICATION FOR LATENT CLASS PATTERN 2 1


           NU
              U11           U12           U13           U14           U15
              ________      ________      ________      ________      ________
                    0             0             0             0             0


           NU
              U21           U22           U23           U24           U25
              ________      ________      ________      ________      ________
                    0             0             0             0             0


           THETA
              U11           U12           U13           U14           U15
              ________      ________      ________      ________      ________
 U11                0
 U12                0             0
 U13                0             0             0
 U14                0             0             0             0
 U15                0             0             0             0             0
 U21                0             0             0             0             0
 U22                0             0             0             0             0
 U23                0             0             0             0             0
 U24                0             0             0             0             0
 U25                0             0             0             0             0


           THETA
              U21           U22           U23           U24           U25
              ________      ________      ________      ________      ________
 U21                0
 U22                0             0
 U23                0             0             0
 U24                0             0             0             0
 U25                0             0             0             0             0


     PARAMETER SPECIFICATION FOR LATENT CLASS PATTERN 2 2


           NU
              U11           U12           U13           U14           U15
              ________      ________      ________      ________      ________
                    0             0             0             0             0


           NU
              U21           U22           U23           U24           U25
              ________      ________      ________      ________      ________
                    0             0             0             0             0


           THETA
              U11           U12           U13           U14           U15
              ________      ________      ________      ________      ________
 U11                0
 U12                0             0
 U13                0             0             0
 U14                0             0             0             0
 U15                0             0             0             0             0
 U21                0             0             0             0             0
 U22                0             0             0             0             0
 U23                0             0             0             0             0
 U24                0             0             0             0             0
 U25                0             0             0             0             0


           THETA
              U21           U22           U23           U24           U25
              ________      ________      ________      ________      ________
 U21                0
 U22                0             0
 U23                0             0             0
 U24                0             0             0             0
 U25                0             0             0             0             0


     PARAMETER SPECIFICATION FOR LATENT CLASS PATTERN 2 3


           NU
              U11           U12           U13           U14           U15
              ________      ________      ________      ________      ________
                    0             0             0             0             0


           NU
              U21           U22           U23           U24           U25
              ________      ________      ________      ________      ________
                    0             0             0             0             0


           THETA
              U11           U12           U13           U14           U15
              ________      ________      ________      ________      ________
 U11                0
 U12                0             0
 U13                0             0             0
 U14                0             0             0             0
 U15                0             0             0             0             0
 U21                0             0             0             0             0
 U22                0             0             0             0             0
 U23                0             0             0             0             0
 U24                0             0             0             0             0
 U25                0             0             0             0             0


           THETA
              U21           U22           U23           U24           U25
              ________      ________      ________      ________      ________
 U21                0
 U22                0             0
 U23                0             0             0
 U24                0             0             0             0
 U25                0             0             0             0             0


     PARAMETER SPECIFICATION FOR LATENT CLASS PATTERN 3 1


           NU
              U11           U12           U13           U14           U15
              ________      ________      ________      ________      ________
                    0             0             0             0             0


           NU
              U21           U22           U23           U24           U25
              ________      ________      ________      ________      ________
                    0             0             0             0             0


           THETA
              U11           U12           U13           U14           U15
              ________      ________      ________      ________      ________
 U11                0
 U12                0             0
 U13                0             0             0
 U14                0             0             0             0
 U15                0             0             0             0             0
 U21                0             0             0             0             0
 U22                0             0             0             0             0
 U23                0             0             0             0             0
 U24                0             0             0             0             0
 U25                0             0             0             0             0


           THETA
              U21           U22           U23           U24           U25
              ________      ________      ________      ________      ________
 U21                0
 U22                0             0
 U23                0             0             0
 U24                0             0             0             0
 U25                0             0             0             0             0


     PARAMETER SPECIFICATION FOR LATENT CLASS PATTERN 3 2


           NU
              U11           U12           U13           U14           U15
              ________      ________      ________      ________      ________
                    0             0             0             0             0


           NU
              U21           U22           U23           U24           U25
              ________      ________      ________      ________      ________
                    0             0             0             0             0


           THETA
              U11           U12           U13           U14           U15
              ________      ________      ________      ________      ________
 U11                0
 U12                0             0
 U13                0             0             0
 U14                0             0             0             0
 U15                0             0             0             0             0
 U21                0             0             0             0             0
 U22                0             0             0             0             0
 U23                0             0             0             0             0
 U24                0             0             0             0             0
 U25                0             0             0             0             0


           THETA
              U21           U22           U23           U24           U25
              ________      ________      ________      ________      ________
 U21                0
 U22                0             0
 U23                0             0             0
 U24                0             0             0             0
 U25                0             0             0             0             0


     PARAMETER SPECIFICATION FOR LATENT CLASS PATTERN 3 3


           NU
              U11           U12           U13           U14           U15
              ________      ________      ________      ________      ________
                    0             0             0             0             0


           NU
              U21           U22           U23           U24           U25
              ________      ________      ________      ________      ________
                    0             0             0             0             0


           THETA
              U11           U12           U13           U14           U15
              ________      ________      ________      ________      ________
 U11                0
 U12                0             0
 U13                0             0             0
 U14                0             0             0             0
 U15                0             0             0             0             0
 U21                0             0             0             0             0
 U22                0             0             0             0             0
 U23                0             0             0             0             0
 U24                0             0             0             0             0
 U25                0             0             0             0             0


           THETA
              U21           U22           U23           U24           U25
              ________      ________      ________      ________      ________
 U21                0
 U22                0             0
 U23                0             0             0
 U24                0             0             0             0
 U25                0             0             0             0             0


     PARAMETER SPECIFICATION FOR LATENT CLASS INDICATOR MODEL PART


           TAU(U) FOR LATENT CLASS PATTERN 1 1
              U11$1         U12$1         U13$1         U14$1         U15$1
              ________      ________      ________      ________      ________
                    1             2             3             4             5


           TAU(U) FOR LATENT CLASS PATTERN 1 1
              U21$1         U22$1         U23$1         U24$1         U25$1
              ________      ________      ________      ________      ________
                    1             2             3             4             5


           TAU(U) FOR LATENT CLASS PATTERN 1 2
              U11$1         U12$1         U13$1         U14$1         U15$1
              ________      ________      ________      ________      ________
                    1             2             3             4             5


           TAU(U) FOR LATENT CLASS PATTERN 1 2
              U21$1         U22$1         U23$1         U24$1         U25$1
              ________      ________      ________      ________      ________
                    6             7             8             9            10


           TAU(U) FOR LATENT CLASS PATTERN 1 3
              U11$1         U12$1         U13$1         U14$1         U15$1
              ________      ________      ________      ________      ________
                    1             2             3             4             5


           TAU(U) FOR LATENT CLASS PATTERN 1 3
              U21$1         U22$1         U23$1         U24$1         U25$1
              ________      ________      ________      ________      ________
                   11            12            13            14            15


           TAU(U) FOR LATENT CLASS PATTERN 2 1
              U11$1         U12$1         U13$1         U14$1         U15$1
              ________      ________      ________      ________      ________
                    6             7             8             9            10


           TAU(U) FOR LATENT CLASS PATTERN 2 1
              U21$1         U22$1         U23$1         U24$1         U25$1
              ________      ________      ________      ________      ________
                    1             2             3             4             5


           TAU(U) FOR LATENT CLASS PATTERN 2 2
              U11$1         U12$1         U13$1         U14$1         U15$1
              ________      ________      ________      ________      ________
                    6             7             8             9            10


           TAU(U) FOR LATENT CLASS PATTERN 2 2
              U21$1         U22$1         U23$1         U24$1         U25$1
              ________      ________      ________      ________      ________
                    6             7             8             9            10


           TAU(U) FOR LATENT CLASS PATTERN 2 3
              U11$1         U12$1         U13$1         U14$1         U15$1
              ________      ________      ________      ________      ________
                    6             7             8             9            10


           TAU(U) FOR LATENT CLASS PATTERN 2 3
              U21$1         U22$1         U23$1         U24$1         U25$1
              ________      ________      ________      ________      ________
                   11            12            13            14            15


           TAU(U) FOR LATENT CLASS PATTERN 3 1
              U11$1         U12$1         U13$1         U14$1         U15$1
              ________      ________      ________      ________      ________
                   11            12            13            14            15


           TAU(U) FOR LATENT CLASS PATTERN 3 1
              U21$1         U22$1         U23$1         U24$1         U25$1
              ________      ________      ________      ________      ________
                    1             2             3             4             5


           TAU(U) FOR LATENT CLASS PATTERN 3 2
              U11$1         U12$1         U13$1         U14$1         U15$1
              ________      ________      ________      ________      ________
                   11            12            13            14            15


           TAU(U) FOR LATENT CLASS PATTERN 3 2
              U21$1         U22$1         U23$1         U24$1         U25$1
              ________      ________      ________      ________      ________
                    6             7             8             9            10


           TAU(U) FOR LATENT CLASS PATTERN 3 3
              U11$1         U12$1         U13$1         U14$1         U15$1
              ________      ________      ________      ________      ________
                   11            12            13            14            15


           TAU(U) FOR LATENT CLASS PATTERN 3 3
              U21$1         U22$1         U23$1         U24$1         U25$1
              ________      ________      ________      ________      ________
                   11            12            13            14            15


     PARAMETER SPECIFICATION FOR LATENT CLASS REGRESSION MODEL PART


           ALPHA(C)
              C1#1          C1#2          C1#3          C2#1          C2#2
              ________      ________      ________      ________      ________
                   16            17             0            18            19


           ALPHA(C)
              C2#3
              ________
                    0


           BETA(C)
              C1#1          C1#2          C1#3
              ________      ________      ________
 C2#1              20            22             0
 C2#2              21            23             0
 C2#3               0             0             0


     PARAMETER SPECIFICATION FOR THE ADDITIONAL PARAMETERS


           NEW/ADDITIONAL PARAMETERS
              TRANS11       TRANS12       TRANS13       TRANS21       TRANS22
              ________      ________      ________      ________      ________
                   24            25            26            27            28


           NEW/ADDITIONAL PARAMETERS
              TRANS23
              ________
                   29


     STARTING VALUES FOR LATENT CLASS PATTERN 1 1


           NU
              U11           U12           U13           U14           U15
              ________      ________      ________      ________      ________
                0.000         0.000         0.000         0.000         0.000


           NU
              U21           U22           U23           U24           U25
              ________      ________      ________      ________      ________
                0.000         0.000         0.000         0.000         0.000


           THETA
              U11           U12           U13           U14           U15
              ________      ________      ________      ________      ________
 U11            1.000
 U12            0.000         1.000
 U13            0.000         0.000         1.000
 U14            0.000         0.000         0.000         1.000
 U15            0.000         0.000         0.000         0.000         1.000
 U21            0.000         0.000         0.000         0.000         0.000
 U22            0.000         0.000         0.000         0.000         0.000
 U23            0.000         0.000         0.000         0.000         0.000
 U24            0.000         0.000         0.000         0.000         0.000
 U25            0.000         0.000         0.000         0.000         0.000


           THETA
              U21           U22           U23           U24           U25
              ________      ________      ________      ________      ________
 U21            1.000
 U22            0.000         1.000
 U23            0.000         0.000         1.000
 U24            0.000         0.000         0.000         1.000
 U25            0.000         0.000         0.000         0.000         1.000


     STARTING VALUES FOR LATENT CLASS PATTERN 1 2


           NU
              U11           U12           U13           U14           U15
              ________      ________      ________      ________      ________
                0.000         0.000         0.000         0.000         0.000


           NU
              U21           U22           U23           U24           U25
              ________      ________      ________      ________      ________
                0.000         0.000         0.000         0.000         0.000


           THETA
              U11           U12           U13           U14           U15
              ________      ________      ________      ________      ________
 U11            1.000
 U12            0.000         1.000
 U13            0.000         0.000         1.000
 U14            0.000         0.000         0.000         1.000
 U15            0.000         0.000         0.000         0.000         1.000
 U21            0.000         0.000         0.000         0.000         0.000
 U22            0.000         0.000         0.000         0.000         0.000
 U23            0.000         0.000         0.000         0.000         0.000
 U24            0.000         0.000         0.000         0.000         0.000
 U25            0.000         0.000         0.000         0.000         0.000


           THETA
              U21           U22           U23           U24           U25
              ________      ________      ________      ________      ________
 U21            1.000
 U22            0.000         1.000
 U23            0.000         0.000         1.000
 U24            0.000         0.000         0.000         1.000
 U25            0.000         0.000         0.000         0.000         1.000


     STARTING VALUES FOR LATENT CLASS PATTERN 1 3


           NU
              U11           U12           U13           U14           U15
              ________      ________      ________      ________      ________
                0.000         0.000         0.000         0.000         0.000


           NU
              U21           U22           U23           U24           U25
              ________      ________      ________      ________      ________
                0.000         0.000         0.000         0.000         0.000


           THETA
              U11           U12           U13           U14           U15
              ________      ________      ________      ________      ________
 U11            1.000
 U12            0.000         1.000
 U13            0.000         0.000         1.000
 U14            0.000         0.000         0.000         1.000
 U15            0.000         0.000         0.000         0.000         1.000
 U21            0.000         0.000         0.000         0.000         0.000
 U22            0.000         0.000         0.000         0.000         0.000
 U23            0.000         0.000         0.000         0.000         0.000
 U24            0.000         0.000         0.000         0.000         0.000
 U25            0.000         0.000         0.000         0.000         0.000


           THETA
              U21           U22           U23           U24           U25
              ________      ________      ________      ________      ________
 U21            1.000
 U22            0.000         1.000
 U23            0.000         0.000         1.000
 U24            0.000         0.000         0.000         1.000
 U25            0.000         0.000         0.000         0.000         1.000


     STARTING VALUES FOR LATENT CLASS PATTERN 2 1


           NU
              U11           U12           U13           U14           U15
              ________      ________      ________      ________      ________
                0.000         0.000         0.000         0.000         0.000


           NU
              U21           U22           U23           U24           U25
              ________      ________      ________      ________      ________
                0.000         0.000         0.000         0.000         0.000


           THETA
              U11           U12           U13           U14           U15
              ________      ________      ________      ________      ________
 U11            1.000
 U12            0.000         1.000
 U13            0.000         0.000         1.000
 U14            0.000         0.000         0.000         1.000
 U15            0.000         0.000         0.000         0.000         1.000
 U21            0.000         0.000         0.000         0.000         0.000
 U22            0.000         0.000         0.000         0.000         0.000
 U23            0.000         0.000         0.000         0.000         0.000
 U24            0.000         0.000         0.000         0.000         0.000
 U25            0.000         0.000         0.000         0.000         0.000


           THETA
              U21           U22           U23           U24           U25
              ________      ________      ________      ________      ________
 U21            1.000
 U22            0.000         1.000
 U23            0.000         0.000         1.000
 U24            0.000         0.000         0.000         1.000
 U25            0.000         0.000         0.000         0.000         1.000


     STARTING VALUES FOR LATENT CLASS PATTERN 2 2


           NU
              U11           U12           U13           U14           U15
              ________      ________      ________      ________      ________
                0.000         0.000         0.000         0.000         0.000


           NU
              U21           U22           U23           U24           U25
              ________      ________      ________      ________      ________
                0.000         0.000         0.000         0.000         0.000


           THETA
              U11           U12           U13           U14           U15
              ________      ________      ________      ________      ________
 U11            1.000
 U12            0.000         1.000
 U13            0.000         0.000         1.000
 U14            0.000         0.000         0.000         1.000
 U15            0.000         0.000         0.000         0.000         1.000
 U21            0.000         0.000         0.000         0.000         0.000
 U22            0.000         0.000         0.000         0.000         0.000
 U23            0.000         0.000         0.000         0.000         0.000
 U24            0.000         0.000         0.000         0.000         0.000
 U25            0.000         0.000         0.000         0.000         0.000


           THETA
              U21           U22           U23           U24           U25
              ________      ________      ________      ________      ________
 U21            1.000
 U22            0.000         1.000
 U23            0.000         0.000         1.000
 U24            0.000         0.000         0.000         1.000
 U25            0.000         0.000         0.000         0.000         1.000


     STARTING VALUES FOR LATENT CLASS PATTERN 2 3


           NU
              U11           U12           U13           U14           U15
              ________      ________      ________      ________      ________
                0.000         0.000         0.000         0.000         0.000


           NU
              U21           U22           U23           U24           U25
              ________      ________      ________      ________      ________
                0.000         0.000         0.000         0.000         0.000


           THETA
              U11           U12           U13           U14           U15
              ________      ________      ________      ________      ________
 U11            1.000
 U12            0.000         1.000
 U13            0.000         0.000         1.000
 U14            0.000         0.000         0.000         1.000
 U15            0.000         0.000         0.000         0.000         1.000
 U21            0.000         0.000         0.000         0.000         0.000
 U22            0.000         0.000         0.000         0.000         0.000
 U23            0.000         0.000         0.000         0.000         0.000
 U24            0.000         0.000         0.000         0.000         0.000
 U25            0.000         0.000         0.000         0.000         0.000


           THETA
              U21           U22           U23           U24           U25
              ________      ________      ________      ________      ________
 U21            1.000
 U22            0.000         1.000
 U23            0.000         0.000         1.000
 U24            0.000         0.000         0.000         1.000
 U25            0.000         0.000         0.000         0.000         1.000


     STARTING VALUES FOR LATENT CLASS PATTERN 3 1


           NU
              U11           U12           U13           U14           U15
              ________      ________      ________      ________      ________
                0.000         0.000         0.000         0.000         0.000


           NU
              U21           U22           U23           U24           U25
              ________      ________      ________      ________      ________
                0.000         0.000         0.000         0.000         0.000


           THETA
              U11           U12           U13           U14           U15
              ________      ________      ________      ________      ________
 U11            1.000
 U12            0.000         1.000
 U13            0.000         0.000         1.000
 U14            0.000         0.000         0.000         1.000
 U15            0.000         0.000         0.000         0.000         1.000
 U21            0.000         0.000         0.000         0.000         0.000
 U22            0.000         0.000         0.000         0.000         0.000
 U23            0.000         0.000         0.000         0.000         0.000
 U24            0.000         0.000         0.000         0.000         0.000
 U25            0.000         0.000         0.000         0.000         0.000


           THETA
              U21           U22           U23           U24           U25
              ________      ________      ________      ________      ________
 U21            1.000
 U22            0.000         1.000
 U23            0.000         0.000         1.000
 U24            0.000         0.000         0.000         1.000
 U25            0.000         0.000         0.000         0.000         1.000


     STARTING VALUES FOR LATENT CLASS PATTERN 3 2


           NU
              U11           U12           U13           U14           U15
              ________      ________      ________      ________      ________
                0.000         0.000         0.000         0.000         0.000


           NU
              U21           U22           U23           U24           U25
              ________      ________      ________      ________      ________
                0.000         0.000         0.000         0.000         0.000


           THETA
              U11           U12           U13           U14           U15
              ________      ________      ________      ________      ________
 U11            1.000
 U12            0.000         1.000
 U13            0.000         0.000         1.000
 U14            0.000         0.000         0.000         1.000
 U15            0.000         0.000         0.000         0.000         1.000
 U21            0.000         0.000         0.000         0.000         0.000
 U22            0.000         0.000         0.000         0.000         0.000
 U23            0.000         0.000         0.000         0.000         0.000
 U24            0.000         0.000         0.000         0.000         0.000
 U25            0.000         0.000         0.000         0.000         0.000


           THETA
              U21           U22           U23           U24           U25
              ________      ________      ________      ________      ________
 U21            1.000
 U22            0.000         1.000
 U23            0.000         0.000         1.000
 U24            0.000         0.000         0.000         1.000
 U25            0.000         0.000         0.000         0.000         1.000


     STARTING VALUES FOR LATENT CLASS PATTERN 3 3


           NU
              U11           U12           U13           U14           U15
              ________      ________      ________      ________      ________
                0.000         0.000         0.000         0.000         0.000


           NU
              U21           U22           U23           U24           U25
              ________      ________      ________      ________      ________
                0.000         0.000         0.000         0.000         0.000


           THETA
              U11           U12           U13           U14           U15
              ________      ________      ________      ________      ________
 U11            1.000
 U12            0.000         1.000
 U13            0.000         0.000         1.000
 U14            0.000         0.000         0.000         1.000
 U15            0.000         0.000         0.000         0.000         1.000
 U21            0.000         0.000         0.000         0.000         0.000
 U22            0.000         0.000         0.000         0.000         0.000
 U23            0.000         0.000         0.000         0.000         0.000
 U24            0.000         0.000         0.000         0.000         0.000
 U25            0.000         0.000         0.000         0.000         0.000


           THETA
              U21           U22           U23           U24           U25
              ________      ________      ________      ________      ________
 U21            1.000
 U22            0.000         1.000
 U23            0.000         0.000         1.000
 U24            0.000         0.000         0.000         1.000
 U25            0.000         0.000         0.000         0.000         1.000


     STARTING VALUES FOR LATENT CLASS INDICATOR MODEL PART


           TAU(U) FOR LATENT CLASS PATTERN 1 1
              U11$1         U12$1         U13$1         U14$1         U15$1
              ________      ________      ________      ________      ________
                5.000         2.380         1.385         4.590         4.590


           TAU(U) FOR LATENT CLASS PATTERN 1 1
              U21$1         U22$1         U23$1         U24$1         U25$1
              ________      ________      ________      ________      ________
                5.000         2.380         1.385         4.590         4.590


           TAU(U) FOR LATENT CLASS PATTERN 1 2
              U11$1         U12$1         U13$1         U14$1         U15$1
              ________      ________      ________      ________      ________
                5.000         2.380         1.385         4.590         4.590


           TAU(U) FOR LATENT CLASS PATTERN 1 2
              U21$1         U22$1         U23$1         U24$1         U25$1
              ________      ________      ________      ________      ________
                0.620         0.810         0.820         0.280         1.390


           TAU(U) FOR LATENT CLASS PATTERN 1 3
              U11$1         U12$1         U13$1         U14$1         U15$1
              ________      ________      ________      ________      ________
                5.000         2.380         1.385         4.590         4.590


           TAU(U) FOR LATENT CLASS PATTERN 1 3
              U21$1         U22$1         U23$1         U24$1         U25$1
              ________      ________      ________      ________      ________
               -1.450        -2.440        -5.000        -1.700        -0.710


           TAU(U) FOR LATENT CLASS PATTERN 2 1
              U11$1         U12$1         U13$1         U14$1         U15$1
              ________      ________      ________      ________      ________
                0.620         0.810         0.820         0.280         1.390


           TAU(U) FOR LATENT CLASS PATTERN 2 1
              U21$1         U22$1         U23$1         U24$1         U25$1
              ________      ________      ________      ________      ________
                5.000         2.380         1.385         4.590         4.590


           TAU(U) FOR LATENT CLASS PATTERN 2 2
              U11$1         U12$1         U13$1         U14$1         U15$1
              ________      ________      ________      ________      ________
                0.620         0.810         0.820         0.280         1.390


           TAU(U) FOR LATENT CLASS PATTERN 2 2
              U21$1         U22$1         U23$1         U24$1         U25$1
              ________      ________      ________      ________      ________
                0.620         0.810         0.820         0.280         1.390


           TAU(U) FOR LATENT CLASS PATTERN 2 3
              U11$1         U12$1         U13$1         U14$1         U15$1
              ________      ________      ________      ________      ________
                0.620         0.810         0.820         0.280         1.390


           TAU(U) FOR LATENT CLASS PATTERN 2 3
              U21$1         U22$1         U23$1         U24$1         U25$1
              ________      ________      ________      ________      ________
               -1.450        -2.440        -5.000        -1.700        -0.710


           TAU(U) FOR LATENT CLASS PATTERN 3 1
              U11$1         U12$1         U13$1         U14$1         U15$1
              ________      ________      ________      ________      ________
               -1.450        -2.440        -5.000        -1.700        -0.710


           TAU(U) FOR LATENT CLASS PATTERN 3 1
              U21$1         U22$1         U23$1         U24$1         U25$1
              ________      ________      ________      ________      ________
                5.000         2.380         1.385         4.590         4.590


           TAU(U) FOR LATENT CLASS PATTERN 3 2
              U11$1         U12$1         U13$1         U14$1         U15$1
              ________      ________      ________      ________      ________
               -1.450        -2.440        -5.000        -1.700        -0.710


           TAU(U) FOR LATENT CLASS PATTERN 3 2
              U21$1         U22$1         U23$1         U24$1         U25$1
              ________      ________      ________      ________      ________
                0.620         0.810         0.820         0.280         1.390


           TAU(U) FOR LATENT CLASS PATTERN 3 3
              U11$1         U12$1         U13$1         U14$1         U15$1
              ________      ________      ________      ________      ________
               -1.450        -2.440        -5.000        -1.700        -0.710


           TAU(U) FOR LATENT CLASS PATTERN 3 3
              U21$1         U22$1         U23$1         U24$1         U25$1
              ________      ________      ________      ________      ________
               -1.450        -2.440        -5.000        -1.700        -0.710


     STARTING VALUES FOR LATENT CLASS REGRESSION MODEL PART


           ALPHA(C)
              C1#1          C1#2          C1#3          C2#1          C2#2
              ________      ________      ________      ________      ________
                0.000         0.000         0.000        -1.100        -1.100


           ALPHA(C)
              C2#3
              ________
                0.000


           BETA(C)
              C1#1          C1#2          C1#3
              ________      ________      ________
 C2#1           0.407         1.100         0.000
 C2#2           1.100         1.793         0.000
 C2#3           0.000         0.000         0.000


     STARTING VALUES FOR THE ADDITIONAL PARAMETERS


           NEW/ADDITIONAL PARAMETERS
              TRANS11       TRANS12       TRANS13       TRANS21       TRANS22
              ________      ________      ________      ________      ________
                0.200         0.400         0.400         0.250         0.500


           NEW/ADDITIONAL PARAMETERS
              TRANS23
              ________
                0.250


     POPULATION VALUES FOR LATENT CLASS PATTERN 1 1


           NU
              U11           U12           U13           U14           U15
              ________      ________      ________      ________      ________
                0.000         0.000         0.000         0.000         0.000


           NU
              U21           U22           U23           U24           U25
              ________      ________      ________      ________      ________
                0.000         0.000         0.000         0.000         0.000


           LAMBDA
              F
              ________
 U11            0.300
 U12            0.300
 U13            0.300
 U14            0.300
 U15            0.300
 U21            0.300
 U22            0.300
 U23            0.300
 U24            0.300
 U25            0.300


           THETA
              U11           U12           U13           U14           U15
              ________      ________      ________      ________      ________
 U11            0.000
 U12            0.000         0.000
 U13            0.000         0.000         0.000
 U14            0.000         0.000         0.000         0.000
 U15            0.000         0.000         0.000         0.000         0.000
 U21            0.000         0.000         0.000         0.000         0.000
 U22            0.000         0.000         0.000         0.000         0.000
 U23            0.000         0.000         0.000         0.000         0.000
 U24            0.000         0.000         0.000         0.000         0.000
 U25            0.000         0.000         0.000         0.000         0.000


           THETA
              U21           U22           U23           U24           U25
              ________      ________      ________      ________      ________
 U21            0.000
 U22            0.000         0.000
 U23            0.000         0.000         0.000
 U24            0.000         0.000         0.000         0.000
 U25            0.000         0.000         0.000         0.000         0.000


           ALPHA
              F
              ________
                0.000


           BETA
              F
              ________
 F              0.000


           PSI
              F
              ________
 F              1.000


     POPULATION VALUES FOR LATENT CLASS PATTERN 1 2


           NU
              U11           U12           U13           U14           U15
              ________      ________      ________      ________      ________
                0.000         0.000         0.000         0.000         0.000


           NU
              U21           U22           U23           U24           U25
              ________      ________      ________      ________      ________
                0.000         0.000         0.000         0.000         0.000


           LAMBDA
              F
              ________
 U11            0.300
 U12            0.300
 U13            0.300
 U14            0.300
 U15            0.300
 U21            0.300
 U22            0.300
 U23            0.300
 U24            0.300
 U25            0.300


           THETA
              U11           U12           U13           U14           U15
              ________      ________      ________      ________      ________
 U11            0.000
 U12            0.000         0.000
 U13            0.000         0.000         0.000
 U14            0.000         0.000         0.000         0.000
 U15            0.000         0.000         0.000         0.000         0.000
 U21            0.000         0.000         0.000         0.000         0.000
 U22            0.000         0.000         0.000         0.000         0.000
 U23            0.000         0.000         0.000         0.000         0.000
 U24            0.000         0.000         0.000         0.000         0.000
 U25            0.000         0.000         0.000         0.000         0.000


           THETA
              U21           U22           U23           U24           U25
              ________      ________      ________      ________      ________
 U21            0.000
 U22            0.000         0.000
 U23            0.000         0.000         0.000
 U24            0.000         0.000         0.000         0.000
 U25            0.000         0.000         0.000         0.000         0.000


           ALPHA
              F
              ________
                0.000


           BETA
              F
              ________
 F              0.000


           PSI
              F
              ________
 F              1.000


     POPULATION VALUES FOR LATENT CLASS PATTERN 1 3


           NU
              U11           U12           U13           U14           U15
              ________      ________      ________      ________      ________
                0.000         0.000         0.000         0.000         0.000


           NU
              U21           U22           U23           U24           U25
              ________      ________      ________      ________      ________
                0.000         0.000         0.000         0.000         0.000


           LAMBDA
              F
              ________
 U11            0.300
 U12            0.300
 U13            0.300
 U14            0.300
 U15            0.300
 U21            0.300
 U22            0.300
 U23            0.300
 U24            0.300
 U25            0.300


           THETA
              U11           U12           U13           U14           U15
              ________      ________      ________      ________      ________
 U11            0.000
 U12            0.000         0.000
 U13            0.000         0.000         0.000
 U14            0.000         0.000         0.000         0.000
 U15            0.000         0.000         0.000         0.000         0.000
 U21            0.000         0.000         0.000         0.000         0.000
 U22            0.000         0.000         0.000         0.000         0.000
 U23            0.000         0.000         0.000         0.000         0.000
 U24            0.000         0.000         0.000         0.000         0.000
 U25            0.000         0.000         0.000         0.000         0.000


           THETA
              U21           U22           U23           U24           U25
              ________      ________      ________      ________      ________
 U21            0.000
 U22            0.000         0.000
 U23            0.000         0.000         0.000
 U24            0.000         0.000         0.000         0.000
 U25            0.000         0.000         0.000         0.000         0.000


           ALPHA
              F
              ________
                0.000


           BETA
              F
              ________
 F              0.000


           PSI
              F
              ________
 F              1.000


     POPULATION VALUES FOR LATENT CLASS PATTERN 2 1


           NU
              U11           U12           U13           U14           U15
              ________      ________      ________      ________      ________
                0.000         0.000         0.000         0.000         0.000


           NU
              U21           U22           U23           U24           U25
              ________      ________      ________      ________      ________
                0.000         0.000         0.000         0.000         0.000


           LAMBDA
              F
              ________
 U11            0.300
 U12            0.300
 U13            0.300
 U14            0.300
 U15            0.300
 U21            0.300
 U22            0.300
 U23            0.300
 U24            0.300
 U25            0.300


           THETA
              U11           U12           U13           U14           U15
              ________      ________      ________      ________      ________
 U11            0.000
 U12            0.000         0.000
 U13            0.000         0.000         0.000
 U14            0.000         0.000         0.000         0.000
 U15            0.000         0.000         0.000         0.000         0.000
 U21            0.000         0.000         0.000         0.000         0.000
 U22            0.000         0.000         0.000         0.000         0.000
 U23            0.000         0.000         0.000         0.000         0.000
 U24            0.000         0.000         0.000         0.000         0.000
 U25            0.000         0.000         0.000         0.000         0.000


           THETA
              U21           U22           U23           U24           U25
              ________      ________      ________      ________      ________
 U21            0.000
 U22            0.000         0.000
 U23            0.000         0.000         0.000
 U24            0.000         0.000         0.000         0.000
 U25            0.000         0.000         0.000         0.000         0.000


           ALPHA
              F
              ________
                0.000


           BETA
              F
              ________
 F              0.000


           PSI
              F
              ________
 F              1.000


     POPULATION VALUES FOR LATENT CLASS PATTERN 2 2


           NU
              U11           U12           U13           U14           U15
              ________      ________      ________      ________      ________
                0.000         0.000         0.000         0.000         0.000


           NU
              U21           U22           U23           U24           U25
              ________      ________      ________      ________      ________
                0.000         0.000         0.000         0.000         0.000


           LAMBDA
              F
              ________
 U11            0.300
 U12            0.300
 U13            0.300
 U14            0.300
 U15            0.300
 U21            0.300
 U22            0.300
 U23            0.300
 U24            0.300
 U25            0.300


           THETA
              U11           U12           U13           U14           U15
              ________      ________      ________      ________      ________
 U11            0.000
 U12            0.000         0.000
 U13            0.000         0.000         0.000
 U14            0.000         0.000         0.000         0.000
 U15            0.000         0.000         0.000         0.000         0.000
 U21            0.000         0.000         0.000         0.000         0.000
 U22            0.000         0.000         0.000         0.000         0.000
 U23            0.000         0.000         0.000         0.000         0.000
 U24            0.000         0.000         0.000         0.000         0.000
 U25            0.000         0.000         0.000         0.000         0.000


           THETA
              U21           U22           U23           U24           U25
              ________      ________      ________      ________      ________
 U21            0.000
 U22            0.000         0.000
 U23            0.000         0.000         0.000
 U24            0.000         0.000         0.000         0.000
 U25            0.000         0.000         0.000         0.000         0.000


           ALPHA
              F
              ________
                0.000


           BETA
              F
              ________
 F              0.000


           PSI
              F
              ________
 F              1.000


     POPULATION VALUES FOR LATENT CLASS PATTERN 2 3


           NU
              U11           U12           U13           U14           U15
              ________      ________      ________      ________      ________
                0.000         0.000         0.000         0.000         0.000


           NU
              U21           U22           U23           U24           U25
              ________      ________      ________      ________      ________
                0.000         0.000         0.000         0.000         0.000


           LAMBDA
              F
              ________
 U11            0.300
 U12            0.300
 U13            0.300
 U14            0.300
 U15            0.300
 U21            0.300
 U22            0.300
 U23            0.300
 U24            0.300
 U25            0.300


           THETA
              U11           U12           U13           U14           U15
              ________      ________      ________      ________      ________
 U11            0.000
 U12            0.000         0.000
 U13            0.000         0.000         0.000
 U14            0.000         0.000         0.000         0.000
 U15            0.000         0.000         0.000         0.000         0.000
 U21            0.000         0.000         0.000         0.000         0.000
 U22            0.000         0.000         0.000         0.000         0.000
 U23            0.000         0.000         0.000         0.000         0.000
 U24            0.000         0.000         0.000         0.000         0.000
 U25            0.000         0.000         0.000         0.000         0.000


           THETA
              U21           U22           U23           U24           U25
              ________      ________      ________      ________      ________
 U21            0.000
 U22            0.000         0.000
 U23            0.000         0.000         0.000
 U24            0.000         0.000         0.000         0.000
 U25            0.000         0.000         0.000         0.000         0.000


           ALPHA
              F
              ________
                0.000


           BETA
              F
              ________
 F              0.000


           PSI
              F
              ________
 F              1.000


     POPULATION VALUES FOR LATENT CLASS PATTERN 3 1


           NU
              U11           U12           U13           U14           U15
              ________      ________      ________      ________      ________
                0.000         0.000         0.000         0.000         0.000


           NU
              U21           U22           U23           U24           U25
              ________      ________      ________      ________      ________
                0.000         0.000         0.000         0.000         0.000


           LAMBDA
              F
              ________
 U11            0.300
 U12            0.300
 U13            0.300
 U14            0.300
 U15            0.300
 U21            0.300
 U22            0.300
 U23            0.300
 U24            0.300
 U25            0.300


           THETA
              U11           U12           U13           U14           U15
              ________      ________      ________      ________      ________
 U11            0.000
 U12            0.000         0.000
 U13            0.000         0.000         0.000
 U14            0.000         0.000         0.000         0.000
 U15            0.000         0.000         0.000         0.000         0.000
 U21            0.000         0.000         0.000         0.000         0.000
 U22            0.000         0.000         0.000         0.000         0.000
 U23            0.000         0.000         0.000         0.000         0.000
 U24            0.000         0.000         0.000         0.000         0.000
 U25            0.000         0.000         0.000         0.000         0.000


           THETA
              U21           U22           U23           U24           U25
              ________      ________      ________      ________      ________
 U21            0.000
 U22            0.000         0.000
 U23            0.000         0.000         0.000
 U24            0.000         0.000         0.000         0.000
 U25            0.000         0.000         0.000         0.000         0.000


           ALPHA
              F
              ________
                0.000


           BETA
              F
              ________
 F              0.000


           PSI
              F
              ________
 F              1.000


     POPULATION VALUES FOR LATENT CLASS PATTERN 3 2


           NU
              U11           U12           U13           U14           U15
              ________      ________      ________      ________      ________
                0.000         0.000         0.000         0.000         0.000


           NU
              U21           U22           U23           U24           U25
              ________      ________      ________      ________      ________
                0.000         0.000         0.000         0.000         0.000


           LAMBDA
              F
              ________
 U11            0.300
 U12            0.300
 U13            0.300
 U14            0.300
 U15            0.300
 U21            0.300
 U22            0.300
 U23            0.300
 U24            0.300
 U25            0.300


           THETA
              U11           U12           U13           U14           U15
              ________      ________      ________      ________      ________
 U11            0.000
 U12            0.000         0.000
 U13            0.000         0.000         0.000
 U14            0.000         0.000         0.000         0.000
 U15            0.000         0.000         0.000         0.000         0.000
 U21            0.000         0.000         0.000         0.000         0.000
 U22            0.000         0.000         0.000         0.000         0.000
 U23            0.000         0.000         0.000         0.000         0.000
 U24            0.000         0.000         0.000         0.000         0.000
 U25            0.000         0.000         0.000         0.000         0.000


           THETA
              U21           U22           U23           U24           U25
              ________      ________      ________      ________      ________
 U21            0.000
 U22            0.000         0.000
 U23            0.000         0.000         0.000
 U24            0.000         0.000         0.000         0.000
 U25            0.000         0.000         0.000         0.000         0.000


           ALPHA
              F
              ________
                0.000


           BETA
              F
              ________
 F              0.000


           PSI
              F
              ________
 F              1.000


     POPULATION VALUES FOR LATENT CLASS PATTERN 3 3


           NU
              U11           U12           U13           U14           U15
              ________      ________      ________      ________      ________
                0.000         0.000         0.000         0.000         0.000


           NU
              U21           U22           U23           U24           U25
              ________      ________      ________      ________      ________
                0.000         0.000         0.000         0.000         0.000


           LAMBDA
              F
              ________
 U11            0.300
 U12            0.300
 U13            0.300
 U14            0.300
 U15            0.300
 U21            0.300
 U22            0.300
 U23            0.300
 U24            0.300
 U25            0.300


           THETA
              U11           U12           U13           U14           U15
              ________      ________      ________      ________      ________
 U11            0.000
 U12            0.000         0.000
 U13            0.000         0.000         0.000
 U14            0.000         0.000         0.000         0.000
 U15            0.000         0.000         0.000         0.000         0.000
 U21            0.000         0.000         0.000         0.000         0.000
 U22            0.000         0.000         0.000         0.000         0.000
 U23            0.000         0.000         0.000         0.000         0.000
 U24            0.000         0.000         0.000         0.000         0.000
 U25            0.000         0.000         0.000         0.000         0.000


           THETA
              U21           U22           U23           U24           U25
              ________      ________      ________      ________      ________
 U21            0.000
 U22            0.000         0.000
 U23            0.000         0.000         0.000
 U24            0.000         0.000         0.000         0.000
 U25            0.000         0.000         0.000         0.000         0.000


           ALPHA
              F
              ________
                0.000


           BETA
              F
              ________
 F              0.000


           PSI
              F
              ________
 F              1.000


     POPULATION VALUES FOR LATENT CLASS INDICATOR MODEL PART


           TAU(U) FOR LATENT CLASS PATTERN 1 1
              U11$1         U12$1         U13$1         U14$1         U15$1
              ________      ________      ________      ________      ________
                5.000         2.380         1.385         4.590         4.590


           TAU(U) FOR LATENT CLASS PATTERN 1 1
              U21$1         U22$1         U23$1         U24$1         U25$1
              ________      ________      ________      ________      ________
                5.000         2.380         1.385         4.590         4.590


           TAU(U) FOR LATENT CLASS PATTERN 1 2
              U11$1         U12$1         U13$1         U14$1         U15$1
              ________      ________      ________      ________      ________
                5.000         2.380         1.385         4.590         4.590


           TAU(U) FOR LATENT CLASS PATTERN 1 2
              U21$1         U22$1         U23$1         U24$1         U25$1
              ________      ________      ________      ________      ________
                0.620         0.810         0.820         0.280         1.390


           TAU(U) FOR LATENT CLASS PATTERN 1 3
              U11$1         U12$1         U13$1         U14$1         U15$1
              ________      ________      ________      ________      ________
                5.000         2.380         1.385         4.590         4.590


           TAU(U) FOR LATENT CLASS PATTERN 1 3
              U21$1         U22$1         U23$1         U24$1         U25$1
              ________      ________      ________      ________      ________
               -1.450        -2.440        -5.000        -1.700        -0.710


           TAU(U) FOR LATENT CLASS PATTERN 2 1
              U11$1         U12$1         U13$1         U14$1         U15$1
              ________      ________      ________      ________      ________
                0.620         0.810         0.820         0.280         1.390


           TAU(U) FOR LATENT CLASS PATTERN 2 1
              U21$1         U22$1         U23$1         U24$1         U25$1
              ________      ________      ________      ________      ________
                5.000         2.380         1.385         4.590         4.590


           TAU(U) FOR LATENT CLASS PATTERN 2 2
              U11$1         U12$1         U13$1         U14$1         U15$1
              ________      ________      ________      ________      ________
                0.620         0.810         0.820         0.280         1.390


           TAU(U) FOR LATENT CLASS PATTERN 2 2
              U21$1         U22$1         U23$1         U24$1         U25$1
              ________      ________      ________      ________      ________
                0.620         0.810         0.820         0.280         1.390


           TAU(U) FOR LATENT CLASS PATTERN 2 3
              U11$1         U12$1         U13$1         U14$1         U15$1
              ________      ________      ________      ________      ________
                0.620         0.810         0.820         0.280         1.390


           TAU(U) FOR LATENT CLASS PATTERN 2 3
              U21$1         U22$1         U23$1         U24$1         U25$1
              ________      ________      ________      ________      ________
               -1.450        -2.440        -5.000        -1.700        -0.710


           TAU(U) FOR LATENT CLASS PATTERN 3 1
              U11$1         U12$1         U13$1         U14$1         U15$1
              ________      ________      ________      ________      ________
               -1.450        -2.440        -5.000        -1.700        -0.710


           TAU(U) FOR LATENT CLASS PATTERN 3 1
              U21$1         U22$1         U23$1         U24$1         U25$1
              ________      ________      ________      ________      ________
                5.000         2.380         1.385         4.590         4.590


           TAU(U) FOR LATENT CLASS PATTERN 3 2
              U11$1         U12$1         U13$1         U14$1         U15$1
              ________      ________      ________      ________      ________
               -1.450        -2.440        -5.000        -1.700        -0.710


           TAU(U) FOR LATENT CLASS PATTERN 3 2
              U21$1         U22$1         U23$1         U24$1         U25$1
              ________      ________      ________      ________      ________
                0.620         0.810         0.820         0.280         1.390


           TAU(U) FOR LATENT CLASS PATTERN 3 3
              U11$1         U12$1         U13$1         U14$1         U15$1
              ________      ________      ________      ________      ________
               -1.450        -2.440        -5.000        -1.700        -0.710


           TAU(U) FOR LATENT CLASS PATTERN 3 3
              U21$1         U22$1         U23$1         U24$1         U25$1
              ________      ________      ________      ________      ________
               -1.450        -2.440        -5.000        -1.700        -0.710


     POPULATION VALUES FOR LATENT CLASS REGRESSION MODEL PART


           ALPHA(C)
              C1#1          C1#2          C1#3          C2#1          C2#2
              ________      ________      ________      ________      ________
                0.000         0.000         0.000        -1.100        -1.100


           ALPHA(C)
              C2#3
              ________
                0.000


           GAMMA(C)
              F
              ________
 C1#1           0.000
 C1#2           0.000
 C1#3           0.000
 C2#1           0.000
 C2#2           0.000
 C2#3           0.000


           BETA(C)
              C1#1          C1#2          C1#3
              ________      ________      ________
 C2#1           0.407         1.100         0.000
 C2#2           1.100         1.793         0.000
 C2#3           0.000         0.000         0.000


RESULTS SAVING INFORMATION

  Order of data

    Replication number
    Parameter estimates
     (saved in order shown in Technical 1 output)
    Standard errors
     (saved in order shown in Technical 1 output)
    Number of Free Parameters
    H0 Loglikelihood
    Akaike (AIC)
    Bayesian (BIC)
    Sample-Size Adjusted BIC
    Pearson Chi-Square : Value
    Pearson Chi-Square : Degrees of Freedom
    Pearson Chi-Square : P-Value
    Likelihood Chi-Square : Value
    Likelihood Chi-Square : Degrees of Freedom
    Likelihood Chi-Square : P-Value

  Save file
    RILTA_LTA_M3_N_5000_TP_0.407_M_1_L_0.3.csv

  Save file format           Free


     Beginning Time:  16:55:17
        Ending Time:  18:03:58
       Elapsed Time:  01:08:41



MUTHEN & MUTHEN
3463 Stoner Ave.
Los Angeles, CA  90066

Tel: (310) 391-9971
Fax: (310) 391-8971
Web: www.StatModel.com
Support: Support@StatModel.com

Copyright (c) 1998-2021 Muthen & Muthen
